
INFO:requests.packages.urllib3.connectionpool:Starting new HTTPS connection (1): huggingface.co
INFO:filelock:Lock 2526779295152 acquired on C:\Users\User/.cache\huggingface\transformers\1b36eeb1fd7b3a6ec11bf46bde2c38e7e68f71ec774694b9e886c86001aab35d.c483bc3440d25937fdac74506b73b76ee6e67f778a804756214363fc2a1a66ef.lock
INFO:requests.packages.urllib3.connectionpool:Starting new HTTPS connection (1): huggingface.co
INFO:filelock:Lock 2526779295152 released on C:\Users\User/.cache\huggingface\transformers\1b36eeb1fd7b3a6ec11bf46bde2c38e7e68f71ec774694b9e886c86001aab35d.c483bc3440d25937fdac74506b73b76ee6e67f778a804756214363fc2a1a66ef.lock
INFO:requests.packages.urllib3.connectionpool:Starting new HTTPS connection (1): huggingface.co
INFO:filelock:Lock 2526779394704 acquired on C:\Users\User/.cache\huggingface\transformers\479aa59074c4dcd4c36106252da033d03bc92e3010947ce1d3714de224c2af1f.7362c0dbb32f750eeea5a5b93bbd0c6876eac41453369265d5a49df1c9142b6f.lock
INFO:requests.packages.urllib3.connectionpool:Starting new HTTPS connection (1): huggingface.co
INFO:filelock:Lock 2526779394704 released on C:\Users\User/.cache\huggingface\transformers\479aa59074c4dcd4c36106252da033d03bc92e3010947ce1d3714de224c2af1f.7362c0dbb32f750eeea5a5b93bbd0c6876eac41453369265d5a49df1c9142b6f.lock
INFO:requests.packages.urllib3.connectionpool:Starting new HTTPS connection (1): huggingface.co
INFO:requests.packages.urllib3.connectionpool:Starting new HTTPS connection (1): huggingface.co
INFO:requests.packages.urllib3.connectionpool:Starting new HTTPS connection (1): huggingface.co
INFO:requests.packages.urllib3.connectionpool:Starting new HTTPS connection (1): huggingface.co
INFO:requests.packages.urllib3.connectionpool:Starting new HTTPS connection (1): huggingface.co
INFO:filelock:Lock 2526779395136 acquired on C:\Users\User/.cache\huggingface\transformers\06f48b6b3173390d047e15d691fda67ae4ea7733a5eea4b6e0115f5099c4e700.b5cdfa39c63384f94159c36bc9042660c747cea5cf520b43d543bd2c68b3164d.lock
INFO:requests.packages.urllib3.connectionpool:Starting new HTTPS connection (1): huggingface.co
INFO:filelock:Lock 2526779395136 released on C:\Users\User/.cache\huggingface\transformers\06f48b6b3173390d047e15d691fda67ae4ea7733a5eea4b6e0115f5099c4e700.b5cdfa39c63384f94159c36bc9042660c747cea5cf520b43d543bd2c68b3164d.lock
INFO:requests.packages.urllib3.connectionpool:Starting new HTTPS connection (1): huggingface.co
INFO:filelock:Lock 2526779395856 acquired on C:\Users\User/.cache\huggingface\transformers\df2b64a4c86a349ba84354d85b7117b106f2b87085c9bb54cde70d3751907c45.4e3da19dd8adaa6d6a9804bfd45d2dcf17ba544de445847443ef1816bfa3d693.lock
INFO:requests.packages.urllib3.connectionpool:Starting new HTTPS connection (1): cdn-lfs.huggingface.co
INFO:filelock:Lock 2526779395856 released on C:\Users\User/.cache\huggingface\transformers\df2b64a4c86a349ba84354d85b7117b106f2b87085c9bb54cde70d3751907c45.4e3da19dd8adaa6d6a9804bfd45d2dcf17ba544de445847443ef1816bfa3d693.lock
INFO:requests.packages.urllib3.connectionpool:Starting new HTTPS connection (1): huggingface.co
INFO:requests.packages.urllib3.connectionpool:Starting new HTTPS connection (1): huggingface.co
INFO:requests.packages.urllib3.connectionpool:Starting new HTTPS connection (1): huggingface.co
INFO:requests.packages.urllib3.connectionpool:Starting new HTTPS connection (1): huggingface.co
INFO:requests.packages.urllib3.connectionpool:Starting new HTTPS connection (1): huggingface.co
INFO:requests.packages.urllib3.connectionpool:Starting new HTTPS connection (1): huggingface.co
INFO:requests.packages.urllib3.connectionpool:Starting new HTTPS connection (1): huggingface.co
INFO:requests.packages.urllib3.connectionpool:Starting new HTTPS connection (1): huggingface.co
INFO:aiogram:Bot: SHNEWS [@GENSHNEWS_BOT]
WARNING:aiogram:Updates were skipped successfully.
INFO:aiogram.dispatcher.dispatcher:Start polling.
INFO:root:First start from user_name = JackDorsey, user_id = 33354399
INFO:root:('JackDorsey', 33354399) is knocking to our bot
INFO:root:('JackDorsey', 33354399) send this text:–≤–æ–¥–∫–∞
INFO:root:('JackDorsey', 33354399) is knocking to our bot
INFO:root:('JackDorsey', 33354399) send this text:–≤–æ–¥–∫–∞, –∫–æ–Ω—å—è–∫, —Å–æ–∫
ERROR:aiogram.dispatcher.dispatcher:Cause exception while getting updates.
Traceback (most recent call last):
  File "/opt/anaconda3/lib/python3.8/site-packages/aiogram/dispatcher/dispatcher.py", line 383, in start_polling
    updates = await self.bot.get_updates(
  File "/opt/anaconda3/lib/python3.8/site-packages/aiogram/bot/bot.py", line 97, in get_updates
    result = await self.request(api.Methods.GET_UPDATES, payload)
  File "/opt/anaconda3/lib/python3.8/site-packages/aiogram/bot/base.py", line 208, in request
    return await api.make_request(self.session, self.server, self.__token, method, data, files,
  File "/opt/anaconda3/lib/python3.8/site-packages/aiogram/bot/api.py", line 139, in make_request
    async with session.post(url, data=req, **kwargs) as response:
  File "/opt/anaconda3/lib/python3.8/site-packages/aiohttp/client.py", line 1117, in __aenter__
    self._resp = await self._coro
  File "/opt/anaconda3/lib/python3.8/site-packages/aiohttp/client.py", line 544, in _request
    await resp.start(conn)
  File "/opt/anaconda3/lib/python3.8/site-packages/aiohttp/client_reqrep.py", line 905, in start
    self._continue = None
  File "/opt/anaconda3/lib/python3.8/site-packages/aiohttp/helpers.py", line 656, in __exit__
    raise asyncio.TimeoutError from None
asyncio.exceptions.TimeoutError
INFO:aiogram:Bot: –ë–ê–†—å—Å—è –¥–æ–º–∞ [@barathombot]
WARNING:aiogram:Updates were skipped successfully.
INFO:aiogram.dispatcher.dispatcher:Start polling.
INFO:root:First start from user_name = JackDorsey, user_id = 33354399
INFO:root:('JackDorsey', 33354399) is knocking to our bot
INFO:root:('JackDorsey', 33354399) send this text:—Å–æ–∫, –≤–∏—Å–∫–∏, –≤–æ–¥–∫–∞
INFO:root:('JackDorsey', 33354399) is knocking to our bot
INFO:root:('JackDorsey', 33354399) send this text:—Å–æ–∫, –º–∞—Ä—Ç–∏–Ω–∏, –≤–æ–¥–∫–∞
ERROR:aiogram.dispatcher.dispatcher:Cause exception while getting updates.
Traceback (most recent call last):
  File "/opt/anaconda3/lib/python3.8/site-packages/aiohttp/connector.py", line 969, in _wrap_create_connection
    return await self._loop.create_connection(*args, **kwargs)  # type: ignore  # noqa
  File "/opt/anaconda3/lib/python3.8/asyncio/base_events.py", line 1050, in create_connection
    transport, protocol = await self._create_connection_transport(
  File "/opt/anaconda3/lib/python3.8/asyncio/base_events.py", line 1080, in _create_connection_transport
    await waiter
ConnectionResetError

The above exception was the direct cause of the following exception:

Traceback (most recent call last):
  File "/opt/anaconda3/lib/python3.8/site-packages/aiogram/bot/api.py", line 139, in make_request
    async with session.post(url, data=req, **kwargs) as response:
  File "/opt/anaconda3/lib/python3.8/site-packages/aiohttp/client.py", line 1117, in __aenter__
    self._resp = await self._coro
  File "/opt/anaconda3/lib/python3.8/site-packages/aiohttp/client.py", line 520, in _request
    conn = await self._connector.connect(
  File "/opt/anaconda3/lib/python3.8/site-packages/aiohttp/connector.py", line 535, in connect
    proto = await self._create_connection(req, traces, timeout)
  File "/opt/anaconda3/lib/python3.8/site-packages/aiohttp/connector.py", line 892, in _create_connection
    _, proto = await self._create_direct_connection(req, traces, timeout)
  File "/opt/anaconda3/lib/python3.8/site-packages/aiohttp/connector.py", line 1051, in _create_direct_connection
    raise last_exc
  File "/opt/anaconda3/lib/python3.8/site-packages/aiohttp/connector.py", line 1020, in _create_direct_connection
    transp, proto = await self._wrap_create_connection(
  File "/opt/anaconda3/lib/python3.8/site-packages/aiohttp/connector.py", line 975, in _wrap_create_connection
    raise client_error(req.connection_key, exc) from exc
aiohttp.client_exceptions.ClientConnectorError: Cannot connect to host api.telegram.org:443 ssl:default [None]

During handling of the above exception, another exception occurred:

Traceback (most recent call last):
  File "/opt/anaconda3/lib/python3.8/site-packages/aiogram/dispatcher/dispatcher.py", line 383, in start_polling
    updates = await self.bot.get_updates(
  File "/opt/anaconda3/lib/python3.8/site-packages/aiogram/bot/bot.py", line 97, in get_updates
    result = await self.request(api.Methods.GET_UPDATES, payload)
  File "/opt/anaconda3/lib/python3.8/site-packages/aiogram/bot/base.py", line 208, in request
    return await api.make_request(self.session, self.server, self.__token, method, data, files,
  File "/opt/anaconda3/lib/python3.8/site-packages/aiogram/bot/api.py", line 142, in make_request
    raise exceptions.NetworkError(f"aiohttp client throws an error: {e.__class__.__name__}: {e}")
aiogram.utils.exceptions.NetworkError: Aiohttp client throws an error: ClientConnectorError: Cannot connect to host api.telegram.org:443 ssl:default [None]
INFO:root:('JackDorsey', 33354399) is knocking to our bot
INFO:root:('JackDorsey', 33354399) send this text:–≤–æ–¥–∫–∞,–≤–æ–¥–∫–∞,–≤–æ–¥–∫–∞,–≤–æ–¥–∫–∞,–≤–æ–¥–∫–∞,–≤–æ–¥–∫–∞,–≤–æ–¥–∫–∞
ERROR:asyncio:Task exception was never retrieved
future: <Task finished name='Task-78' coro=<Dispatcher._process_polling_updates() done, defined at /opt/anaconda3/lib/python3.8/site-packages/aiogram/dispatcher/dispatcher.py:409> exception=IndexError('list index out of range')>
Traceback (most recent call last):
  File "/opt/anaconda3/lib/python3.8/site-packages/aiogram/dispatcher/dispatcher.py", line 417, in _process_polling_updates
    for responses in itertools.chain.from_iterable(await self.process_updates(updates, fast)):
  File "/opt/anaconda3/lib/python3.8/site-packages/aiogram/dispatcher/dispatcher.py", line 238, in process_updates
    return await asyncio.gather(*tasks)
  File "/opt/anaconda3/lib/python3.8/site-packages/aiogram/dispatcher/handler.py", line 116, in notify
    response = await handler_obj.handler(*args, **partial_data)
  File "/opt/anaconda3/lib/python3.8/site-packages/aiogram/dispatcher/dispatcher.py", line 259, in process_update
    return await self.message_handlers.notify(update.message)
  File "/opt/anaconda3/lib/python3.8/site-packages/aiogram/dispatcher/handler.py", line 116, in notify
    response = await handler_obj.handler(*args, **partial_data)
  File "bot.py", line 252, in handle_docs_photo
    output_text = get_text(input_text)
  File "bot.py", line 201, in get_text
    return sorted_tuple[0][0]
IndexError: list index out of range
ERROR:aiogram.dispatcher.dispatcher:Cause exception while getting updates.
Traceback (most recent call last):
  File "/opt/anaconda3/lib/python3.8/site-packages/aiogram/bot/api.py", line 139, in make_request
    async with session.post(url, data=req, **kwargs) as response:
  File "/opt/anaconda3/lib/python3.8/site-packages/aiohttp/client.py", line 1117, in __aenter__
    self._resp = await self._coro
  File "/opt/anaconda3/lib/python3.8/site-packages/aiohttp/client.py", line 544, in _request
    await resp.start(conn)
  File "/opt/anaconda3/lib/python3.8/site-packages/aiohttp/client_reqrep.py", line 890, in start
    message, payload = await self._protocol.read()  # type: ignore
  File "/opt/anaconda3/lib/python3.8/site-packages/aiohttp/streams.py", line 604, in read
    await self._waiter
aiohttp.client_exceptions.ServerDisconnectedError: Server disconnected

During handling of the above exception, another exception occurred:

Traceback (most recent call last):
  File "/opt/anaconda3/lib/python3.8/site-packages/aiogram/dispatcher/dispatcher.py", line 383, in start_polling
    updates = await self.bot.get_updates(
  File "/opt/anaconda3/lib/python3.8/site-packages/aiogram/bot/bot.py", line 97, in get_updates
    result = await self.request(api.Methods.GET_UPDATES, payload)
  File "/opt/anaconda3/lib/python3.8/site-packages/aiogram/bot/base.py", line 208, in request
    return await api.make_request(self.session, self.server, self.__token, method, data, files,
  File "/opt/anaconda3/lib/python3.8/site-packages/aiogram/bot/api.py", line 142, in make_request
    raise exceptions.NetworkError(f"aiohttp client throws an error: {e.__class__.__name__}: {e}")
aiogram.utils.exceptions.NetworkError: Aiohttp client throws an error: ServerDisconnectedError: Server disconnected
INFO:root:('JackDorsey', 33354399) is knocking to our bot
INFO:root:('JackDorsey', 33354399) send this text:—Å–æ–¥–∫–∞
ERROR:aiogram.dispatcher.dispatcher:Cause exception while getting updates.
Traceback (most recent call last):
  File "/opt/anaconda3/lib/python3.8/site-packages/aiohttp/connector.py", line 969, in _wrap_create_connection
    return await self._loop.create_connection(*args, **kwargs)  # type: ignore  # noqa
  File "/opt/anaconda3/lib/python3.8/asyncio/base_events.py", line 1050, in create_connection
    transport, protocol = await self._create_connection_transport(
  File "/opt/anaconda3/lib/python3.8/asyncio/base_events.py", line 1080, in _create_connection_transport
    await waiter
ConnectionResetError

The above exception was the direct cause of the following exception:

Traceback (most recent call last):
  File "/opt/anaconda3/lib/python3.8/site-packages/aiogram/bot/api.py", line 139, in make_request
    async with session.post(url, data=req, **kwargs) as response:
  File "/opt/anaconda3/lib/python3.8/site-packages/aiohttp/client.py", line 1117, in __aenter__
    self._resp = await self._coro
  File "/opt/anaconda3/lib/python3.8/site-packages/aiohttp/client.py", line 520, in _request
    conn = await self._connector.connect(
  File "/opt/anaconda3/lib/python3.8/site-packages/aiohttp/connector.py", line 535, in connect
    proto = await self._create_connection(req, traces, timeout)
  File "/opt/anaconda3/lib/python3.8/site-packages/aiohttp/connector.py", line 892, in _create_connection
    _, proto = await self._create_direct_connection(req, traces, timeout)
  File "/opt/anaconda3/lib/python3.8/site-packages/aiohttp/connector.py", line 1051, in _create_direct_connection
    raise last_exc
  File "/opt/anaconda3/lib/python3.8/site-packages/aiohttp/connector.py", line 1020, in _create_direct_connection
    transp, proto = await self._wrap_create_connection(
  File "/opt/anaconda3/lib/python3.8/site-packages/aiohttp/connector.py", line 975, in _wrap_create_connection
    raise client_error(req.connection_key, exc) from exc
aiohttp.client_exceptions.ClientConnectorError: Cannot connect to host api.telegram.org:443 ssl:default [None]

During handling of the above exception, another exception occurred:

Traceback (most recent call last):
  File "/opt/anaconda3/lib/python3.8/site-packages/aiogram/dispatcher/dispatcher.py", line 383, in start_polling
    updates = await self.bot.get_updates(
  File "/opt/anaconda3/lib/python3.8/site-packages/aiogram/bot/bot.py", line 97, in get_updates
    result = await self.request(api.Methods.GET_UPDATES, payload)
  File "/opt/anaconda3/lib/python3.8/site-packages/aiogram/bot/base.py", line 208, in request
    return await api.make_request(self.session, self.server, self.__token, method, data, files,
  File "/opt/anaconda3/lib/python3.8/site-packages/aiogram/bot/api.py", line 142, in make_request
    raise exceptions.NetworkError(f"aiohttp client throws an error: {e.__class__.__name__}: {e}")
aiogram.utils.exceptions.NetworkError: Aiohttp client throws an error: ClientConnectorError: Cannot connect to host api.telegram.org:443 ssl:default [None]
INFO:root:('JackDorsey', 33354399) is knocking to our bot
INFO:root:('JackDorsey', 33354399) send this text:–≤–æ–¥–∫–∞,–≤–æ–¥–∫–∞,–≤–æ–¥–∫–∞,–≤–æ–¥–∫–∞,–≤–æ–¥–∫–∞
ERROR:asyncio:Task exception was never retrieved
future: <Task finished name='Task-111' coro=<Dispatcher._process_polling_updates() done, defined at /opt/anaconda3/lib/python3.8/site-packages/aiogram/dispatcher/dispatcher.py:409> exception=IndexError('list index out of range')>
Traceback (most recent call last):
  File "/opt/anaconda3/lib/python3.8/site-packages/aiogram/dispatcher/dispatcher.py", line 417, in _process_polling_updates
    for responses in itertools.chain.from_iterable(await self.process_updates(updates, fast)):
  File "/opt/anaconda3/lib/python3.8/site-packages/aiogram/dispatcher/dispatcher.py", line 238, in process_updates
    return await asyncio.gather(*tasks)
  File "/opt/anaconda3/lib/python3.8/site-packages/aiogram/dispatcher/handler.py", line 116, in notify
    response = await handler_obj.handler(*args, **partial_data)
  File "/opt/anaconda3/lib/python3.8/site-packages/aiogram/dispatcher/dispatcher.py", line 259, in process_update
    return await self.message_handlers.notify(update.message)
  File "/opt/anaconda3/lib/python3.8/site-packages/aiogram/dispatcher/handler.py", line 116, in notify
    response = await handler_obj.handler(*args, **partial_data)
  File "bot.py", line 252, in handle_docs_photo
    output_text = get_text(input_text)
  File "bot.py", line 201, in get_text
    return sorted_tuple[0][0]
IndexError: list index out of range
INFO:root:('JackDorsey', 33354399) is knocking to our bot
INFO:root:('JackDorsey', 33354399) send this text:/stop
INFO:aiogram.dispatcher.dispatcher:Stop polling...
INFO:aiogram:Bot: –ë–ê–†—å—Å—è –¥–æ–º–∞ [@barathombot]
WARNING:aiogram:Updates were skipped successfully.
INFO:aiogram.dispatcher.dispatcher:Start polling.
INFO:root:First start from user_name = JackDorsey, user_id = 33354399
INFO:root:('JackDorsey', 33354399) is knocking to our bot
INFO:root:('JackDorsey', 33354399) send this text:–≤–æ–¥–∫–∞,–≤–æ–¥–∫–∞,–≤–æ–¥–∫–∞,–≤–æ–¥–∫–∞,–≤–æ–¥–∫–∞
ERROR:asyncio:Task exception was never retrieved
future: <Task finished name='Task-15' coro=<Dispatcher._process_polling_updates() done, defined at /opt/anaconda3/lib/python3.8/site-packages/aiogram/dispatcher/dispatcher.py:409> exception=IndexError('list index out of range')>
Traceback (most recent call last):
  File "/opt/anaconda3/lib/python3.8/site-packages/aiogram/dispatcher/dispatcher.py", line 417, in _process_polling_updates
    for responses in itertools.chain.from_iterable(await self.process_updates(updates, fast)):
  File "/opt/anaconda3/lib/python3.8/site-packages/aiogram/dispatcher/dispatcher.py", line 238, in process_updates
    return await asyncio.gather(*tasks)
  File "/opt/anaconda3/lib/python3.8/site-packages/aiogram/dispatcher/handler.py", line 116, in notify
    response = await handler_obj.handler(*args, **partial_data)
  File "/opt/anaconda3/lib/python3.8/site-packages/aiogram/dispatcher/dispatcher.py", line 259, in process_update
    return await self.message_handlers.notify(update.message)
  File "/opt/anaconda3/lib/python3.8/site-packages/aiogram/dispatcher/handler.py", line 116, in notify
    response = await handler_obj.handler(*args, **partial_data)
  File "bot.py", line 252, in handle_docs_photo
    output_text = get_text(input_text)
  File "bot.py", line 201, in get_text
    return sorted_tuple[0][0]
IndexError: list index out of range
INFO:root:('JackDorsey', 33354399) is knocking to our bot
INFO:root:('JackDorsey', 33354399) send this text:–≤–æ–¥–∫–∞,–≤–æ–¥–∫–∞,–≤–æ–¥–∫–∞–≤,–≤–æ–¥–∫–∞
ERROR:asyncio:Task exception was never retrieved
future: <Task finished name='Task-42' coro=<Dispatcher._process_polling_updates() done, defined at /opt/anaconda3/lib/python3.8/site-packages/aiogram/dispatcher/dispatcher.py:409> exception=IndexError('list index out of range')>
Traceback (most recent call last):
  File "/opt/anaconda3/lib/python3.8/site-packages/aiogram/dispatcher/dispatcher.py", line 417, in _process_polling_updates
    for responses in itertools.chain.from_iterable(await self.process_updates(updates, fast)):
  File "/opt/anaconda3/lib/python3.8/site-packages/aiogram/dispatcher/dispatcher.py", line 238, in process_updates
    return await asyncio.gather(*tasks)
  File "/opt/anaconda3/lib/python3.8/site-packages/aiogram/dispatcher/handler.py", line 116, in notify
    response = await handler_obj.handler(*args, **partial_data)
  File "/opt/anaconda3/lib/python3.8/site-packages/aiogram/dispatcher/dispatcher.py", line 259, in process_update
    return await self.message_handlers.notify(update.message)
  File "/opt/anaconda3/lib/python3.8/site-packages/aiogram/dispatcher/handler.py", line 116, in notify
    response = await handler_obj.handler(*args, **partial_data)
  File "bot.py", line 252, in handle_docs_photo
    output_text = get_text(input_text)
  File "bot.py", line 201, in get_text
    return sorted_tuple[0][0]
IndexError: list index out of range
INFO:aiogram.dispatcher.dispatcher:Stop polling...
WARNING:aiogram:Goodbye!
INFO:aiogram:Bot: –ë–ê–†—å—Å—è –¥–æ–º–∞ [@barathombot]
WARNING:aiogram:Updates were skipped successfully.
INFO:aiogram.dispatcher.dispatcher:Start polling.
INFO:root:First start from user_name = JackDorsey, user_id = 33354399
INFO:root:First start from user_name = JackDorsey, user_id = 33354399
INFO:aiogram.dispatcher.dispatcher:Stop polling...
WARNING:aiogram:Goodbye!
INFO:aiogram:Bot: –ë–ê–†—å—Å—è –¥–æ–º–∞ [@barathombot]
WARNING:aiogram:Updates were skipped successfully.
INFO:aiogram.dispatcher.dispatcher:Start polling.
INFO:root:First start from user_name = JackDorsey, user_id = 33354399
INFO:root:('JackDorsey', 33354399) is knocking to our bot
INFO:root:('JackDorsey', 33354399) send this text:–≤–æ–¥–∫–∞,–≤–æ–¥–∫–∞,–≤–æ–¥–∫–∞,–≤–æ–¥–∫–∞
ERROR:asyncio:Task exception was never retrieved
future: <Task finished name='Task-14' coro=<Dispatcher._process_polling_updates() done, defined at /opt/anaconda3/lib/python3.8/site-packages/aiogram/dispatcher/dispatcher.py:409> exception=IndexError('list index out of range')>
Traceback (most recent call last):
  File "/opt/anaconda3/lib/python3.8/site-packages/aiogram/dispatcher/dispatcher.py", line 417, in _process_polling_updates
    for responses in itertools.chain.from_iterable(await self.process_updates(updates, fast)):
  File "/opt/anaconda3/lib/python3.8/site-packages/aiogram/dispatcher/dispatcher.py", line 238, in process_updates
    return await asyncio.gather(*tasks)
  File "/opt/anaconda3/lib/python3.8/site-packages/aiogram/dispatcher/handler.py", line 116, in notify
    response = await handler_obj.handler(*args, **partial_data)
  File "/opt/anaconda3/lib/python3.8/site-packages/aiogram/dispatcher/dispatcher.py", line 259, in process_update
    return await self.message_handlers.notify(update.message)
  File "/opt/anaconda3/lib/python3.8/site-packages/aiogram/dispatcher/handler.py", line 116, in notify
    response = await handler_obj.handler(*args, **partial_data)
  File "bot.py", line 252, in handle_docs_photo
    output_text = get_text(input_text)
  File "bot.py", line 201, in get_text
    return sorted_tuple[0][0]
IndexError: list index out of range
INFO:root:('JackDorsey', 33354399) is knocking to our bot
INFO:root:('JackDorsey', 33354399) send this text:–≤–æ–¥–∫–∞,–≤–æ–¥–∫–∞,–≤–æ–¥–∫–∞
ERROR:asyncio:Task exception was never retrieved
future: <Task finished name='Task-27' coro=<Dispatcher._process_polling_updates() done, defined at /opt/anaconda3/lib/python3.8/site-packages/aiogram/dispatcher/dispatcher.py:409> exception=IndexError('list index out of range')>
Traceback (most recent call last):
  File "/opt/anaconda3/lib/python3.8/site-packages/aiogram/dispatcher/dispatcher.py", line 417, in _process_polling_updates
    for responses in itertools.chain.from_iterable(await self.process_updates(updates, fast)):
  File "/opt/anaconda3/lib/python3.8/site-packages/aiogram/dispatcher/dispatcher.py", line 238, in process_updates
    return await asyncio.gather(*tasks)
  File "/opt/anaconda3/lib/python3.8/site-packages/aiogram/dispatcher/handler.py", line 116, in notify
    response = await handler_obj.handler(*args, **partial_data)
  File "/opt/anaconda3/lib/python3.8/site-packages/aiogram/dispatcher/dispatcher.py", line 259, in process_update
    return await self.message_handlers.notify(update.message)
  File "/opt/anaconda3/lib/python3.8/site-packages/aiogram/dispatcher/handler.py", line 116, in notify
    response = await handler_obj.handler(*args, **partial_data)
  File "bot.py", line 252, in handle_docs_photo
    output_text = get_text(input_text)
  File "bot.py", line 201, in get_text
    return sorted_tuple[0][0]
IndexError: list index out of range
INFO:root:('JackDorsey', 33354399) is knocking to our bot
INFO:root:('JackDorsey', 33354399) send this text:—Å–æ–∫, –≤–æ–¥–∫–∞, –ª–∏–º–æ–Ω
ERROR:aiogram.dispatcher.dispatcher:Cause exception while getting updates.
Traceback (most recent call last):
  File "/opt/anaconda3/lib/python3.8/site-packages/aiogram/bot/api.py", line 139, in make_request
    async with session.post(url, data=req, **kwargs) as response:
  File "/opt/anaconda3/lib/python3.8/site-packages/aiohttp/client.py", line 1117, in __aenter__
    self._resp = await self._coro
  File "/opt/anaconda3/lib/python3.8/site-packages/aiohttp/client.py", line 544, in _request
    await resp.start(conn)
  File "/opt/anaconda3/lib/python3.8/site-packages/aiohttp/client_reqrep.py", line 890, in start
    message, payload = await self._protocol.read()  # type: ignore
  File "/opt/anaconda3/lib/python3.8/site-packages/aiohttp/streams.py", line 604, in read
    await self._waiter
aiohttp.client_exceptions.ServerDisconnectedError: Server disconnected

During handling of the above exception, another exception occurred:

Traceback (most recent call last):
  File "/opt/anaconda3/lib/python3.8/site-packages/aiogram/dispatcher/dispatcher.py", line 383, in start_polling
    updates = await self.bot.get_updates(
  File "/opt/anaconda3/lib/python3.8/site-packages/aiogram/bot/bot.py", line 97, in get_updates
    result = await self.request(api.Methods.GET_UPDATES, payload)
  File "/opt/anaconda3/lib/python3.8/site-packages/aiogram/bot/base.py", line 208, in request
    return await api.make_request(self.session, self.server, self.__token, method, data, files,
  File "/opt/anaconda3/lib/python3.8/site-packages/aiogram/bot/api.py", line 142, in make_request
    raise exceptions.NetworkError(f"aiohttp client throws an error: {e.__class__.__name__}: {e}")
aiogram.utils.exceptions.NetworkError: Aiohttp client throws an error: ServerDisconnectedError: Server disconnected
INFO:root:('JackDorsey', 33354399) is knocking to our bot
INFO:root:('JackDorsey', 33354399) send this text:–≤–æ–¥–∞, –ª–∏–º–æ–Ω, –±–∏—Ç—Ç–µ—Ä
ERROR:aiogram.dispatcher.dispatcher:Cause exception while getting updates.
Traceback (most recent call last):
  File "/opt/anaconda3/lib/python3.8/site-packages/aiogram/bot/api.py", line 139, in make_request
    async with session.post(url, data=req, **kwargs) as response:
  File "/opt/anaconda3/lib/python3.8/site-packages/aiohttp/client.py", line 1117, in __aenter__
    self._resp = await self._coro
  File "/opt/anaconda3/lib/python3.8/site-packages/aiohttp/client.py", line 544, in _request
    await resp.start(conn)
  File "/opt/anaconda3/lib/python3.8/site-packages/aiohttp/client_reqrep.py", line 890, in start
    message, payload = await self._protocol.read()  # type: ignore
  File "/opt/anaconda3/lib/python3.8/site-packages/aiohttp/streams.py", line 604, in read
    await self._waiter
aiohttp.client_exceptions.ServerDisconnectedError: Server disconnected

During handling of the above exception, another exception occurred:

Traceback (most recent call last):
  File "/opt/anaconda3/lib/python3.8/site-packages/aiogram/dispatcher/dispatcher.py", line 383, in start_polling
    updates = await self.bot.get_updates(
  File "/opt/anaconda3/lib/python3.8/site-packages/aiogram/bot/bot.py", line 97, in get_updates
    result = await self.request(api.Methods.GET_UPDATES, payload)
  File "/opt/anaconda3/lib/python3.8/site-packages/aiogram/bot/base.py", line 208, in request
    return await api.make_request(self.session, self.server, self.__token, method, data, files,
  File "/opt/anaconda3/lib/python3.8/site-packages/aiogram/bot/api.py", line 142, in make_request
    raise exceptions.NetworkError(f"aiohttp client throws an error: {e.__class__.__name__}: {e}")
aiogram.utils.exceptions.NetworkError: Aiohttp client throws an error: ServerDisconnectedError: Server disconnected
INFO:aiogram.dispatcher.dispatcher:Stop polling...
WARNING:aiogram:Goodbye!
INFO:aiogram:Bot: –ë–ê–†—å—Å—è –¥–æ–º–∞ [@barathombot]
WARNING:aiogram:Updates were skipped successfully.
INFO:aiogram.dispatcher.dispatcher:Start polling.
INFO:root:First start from user_name = JackDorsey, user_id = 33354399
INFO:root:First start from user_name = Danila, user_id = 232805122
INFO:root:('JackDorsey', 33354399) is knocking to our bot
INFO:root:('JackDorsey', 33354399) send this text:—Å–æ–∫, –≤–æ–¥–∫–∞, –≤–∏—Å–∫–∏
INFO:filelock:Lock 2622270948256 acquired on C:\Users\Night Fury/.cache\huggingface\transformers\1b36eeb1fd7b3a6ec11bf46bde2c38e7e68f71ec774694b9e886c86001aab35d.c483bc3440d25937fdac74506b73b76ee6e67f778a804756214363fc2a1a66ef.lock
INFO:filelock:Lock 2622270948256 released on C:\Users\Night Fury/.cache\huggingface\transformers\1b36eeb1fd7b3a6ec11bf46bde2c38e7e68f71ec774694b9e886c86001aab35d.c483bc3440d25937fdac74506b73b76ee6e67f778a804756214363fc2a1a66ef.lock
INFO:filelock:Lock 2622270950464 acquired on C:\Users\Night Fury/.cache\huggingface\transformers\479aa59074c4dcd4c36106252da033d03bc92e3010947ce1d3714de224c2af1f.7362c0dbb32f750eeea5a5b93bbd0c6876eac41453369265d5a49df1c9142b6f.lock
INFO:filelock:Lock 2622270950464 released on C:\Users\Night Fury/.cache\huggingface\transformers\479aa59074c4dcd4c36106252da033d03bc92e3010947ce1d3714de224c2af1f.7362c0dbb32f750eeea5a5b93bbd0c6876eac41453369265d5a49df1c9142b6f.lock
INFO:filelock:Lock 2622271138784 acquired on C:\Users\Night Fury/.cache\huggingface\transformers\06f48b6b3173390d047e15d691fda67ae4ea7733a5eea4b6e0115f5099c4e700.b5cdfa39c63384f94159c36bc9042660c747cea5cf520b43d543bd2c68b3164d.lock
INFO:filelock:Lock 2622271138784 released on C:\Users\Night Fury/.cache\huggingface\transformers\06f48b6b3173390d047e15d691fda67ae4ea7733a5eea4b6e0115f5099c4e700.b5cdfa39c63384f94159c36bc9042660c747cea5cf520b43d543bd2c68b3164d.lock
INFO:filelock:Lock 2622270948400 acquired on C:\Users\Night Fury/.cache\huggingface\transformers\df2b64a4c86a349ba84354d85b7117b106f2b87085c9bb54cde70d3751907c45.4e3da19dd8adaa6d6a9804bfd45d2dcf17ba544de445847443ef1816bfa3d693.lock
INFO:filelock:Lock 2622270948400 released on C:\Users\Night Fury/.cache\huggingface\transformers\df2b64a4c86a349ba84354d85b7117b106f2b87085c9bb54cde70d3751907c45.4e3da19dd8adaa6d6a9804bfd45d2dcf17ba544de445847443ef1816bfa3d693.lock
INFO:aiogram:Bot: ¡¿–¸Òˇ ‰ÓÏ‡ [@barathombot]
WARNING:aiogram:Updates were skipped successfully.
INFO:aiogram.dispatcher.dispatcher:Start polling.
ERROR:aiogram.dispatcher.dispatcher:Cause exception while getting updates.
Traceback (most recent call last):
  File "C:\Users\Night Fury\AppData\Roaming\Python\Python38\site-packages\aiogram\dispatcher\dispatcher.py", line 383, in start_polling
    updates = await self.bot.get_updates(
  File "C:\Users\Night Fury\AppData\Roaming\Python\Python38\site-packages\aiogram\bot\bot.py", line 97, in get_updates
    result = await self.request(api.Methods.GET_UPDATES, payload)
  File "C:\Users\Night Fury\AppData\Roaming\Python\Python38\site-packages\aiogram\bot\base.py", line 208, in request
    return await api.make_request(self.session, self.server, self.__token, method, data, files,
  File "C:\Users\Night Fury\AppData\Roaming\Python\Python38\site-packages\aiogram\bot\api.py", line 140, in make_request
    return check_result(method, response.content_type, response.status, await response.text())
  File "C:\Users\Night Fury\AppData\Roaming\Python\Python38\site-packages\aiogram\bot\api.py", line 119, in check_result
    exceptions.ConflictError.detect(description)
  File "C:\Users\Night Fury\AppData\Roaming\Python\Python38\site-packages\aiogram\utils\exceptions.py", line 140, in detect
    raise err(cls.text or description)
aiogram.utils.exceptions.TerminatedByOtherGetUpdates: Terminated by other getupdates request; make sure that only one bot instance is running
ERROR:aiogram.dispatcher.dispatcher:Cause exception while getting updates.
Traceback (most recent call last):
  File "C:\Users\Night Fury\AppData\Roaming\Python\Python38\site-packages\aiogram\dispatcher\dispatcher.py", line 383, in start_polling
    updates = await self.bot.get_updates(
  File "C:\Users\Night Fury\AppData\Roaming\Python\Python38\site-packages\aiogram\bot\bot.py", line 97, in get_updates
    result = await self.request(api.Methods.GET_UPDATES, payload)
  File "C:\Users\Night Fury\AppData\Roaming\Python\Python38\site-packages\aiogram\bot\base.py", line 208, in request
    return await api.make_request(self.session, self.server, self.__token, method, data, files,
  File "C:\Users\Night Fury\AppData\Roaming\Python\Python38\site-packages\aiogram\bot\api.py", line 140, in make_request
    return check_result(method, response.content_type, response.status, await response.text())
  File "C:\Users\Night Fury\AppData\Roaming\Python\Python38\site-packages\aiogram\bot\api.py", line 119, in check_result
    exceptions.ConflictError.detect(description)
  File "C:\Users\Night Fury\AppData\Roaming\Python\Python38\site-packages\aiogram\utils\exceptions.py", line 140, in detect
    raise err(cls.text or description)
aiogram.utils.exceptions.TerminatedByOtherGetUpdates: Terminated by other getupdates request; make sure that only one bot instance is running
ERROR:aiogram.dispatcher.dispatcher:Cause exception while getting updates.
Traceback (most recent call last):
  File "C:\Users\Night Fury\AppData\Roaming\Python\Python38\site-packages\aiogram\dispatcher\dispatcher.py", line 383, in start_polling
    updates = await self.bot.get_updates(
  File "C:\Users\Night Fury\AppData\Roaming\Python\Python38\site-packages\aiogram\bot\bot.py", line 97, in get_updates
    result = await self.request(api.Methods.GET_UPDATES, payload)
  File "C:\Users\Night Fury\AppData\Roaming\Python\Python38\site-packages\aiogram\bot\base.py", line 208, in request
    return await api.make_request(self.session, self.server, self.__token, method, data, files,
  File "C:\Users\Night Fury\AppData\Roaming\Python\Python38\site-packages\aiogram\bot\api.py", line 140, in make_request
    return check_result(method, response.content_type, response.status, await response.text())
  File "C:\Users\Night Fury\AppData\Roaming\Python\Python38\site-packages\aiogram\bot\api.py", line 119, in check_result
    exceptions.ConflictError.detect(description)
  File "C:\Users\Night Fury\AppData\Roaming\Python\Python38\site-packages\aiogram\utils\exceptions.py", line 140, in detect
    raise err(cls.text or description)
aiogram.utils.exceptions.TerminatedByOtherGetUpdates: Terminated by other getupdates request; make sure that only one bot instance is running
ERROR:aiogram.dispatcher.dispatcher:Cause exception while getting updates.
Traceback (most recent call last):
  File "C:\Users\Night Fury\AppData\Roaming\Python\Python38\site-packages\aiogram\dispatcher\dispatcher.py", line 383, in start_polling
    updates = await self.bot.get_updates(
  File "C:\Users\Night Fury\AppData\Roaming\Python\Python38\site-packages\aiogram\bot\bot.py", line 97, in get_updates
    result = await self.request(api.Methods.GET_UPDATES, payload)
  File "C:\Users\Night Fury\AppData\Roaming\Python\Python38\site-packages\aiogram\bot\base.py", line 208, in request
    return await api.make_request(self.session, self.server, self.__token, method, data, files,
  File "C:\Users\Night Fury\AppData\Roaming\Python\Python38\site-packages\aiogram\bot\api.py", line 140, in make_request
    return check_result(method, response.content_type, response.status, await response.text())
  File "C:\Users\Night Fury\AppData\Roaming\Python\Python38\site-packages\aiogram\bot\api.py", line 119, in check_result
    exceptions.ConflictError.detect(description)
  File "C:\Users\Night Fury\AppData\Roaming\Python\Python38\site-packages\aiogram\utils\exceptions.py", line 140, in detect
    raise err(cls.text or description)
aiogram.utils.exceptions.TerminatedByOtherGetUpdates: Terminated by other getupdates request; make sure that only one bot instance is running
ERROR:aiogram.dispatcher.dispatcher:Cause exception while getting updates.
Traceback (most recent call last):
  File "C:\Users\Night Fury\AppData\Roaming\Python\Python38\site-packages\aiogram\dispatcher\dispatcher.py", line 383, in start_polling
    updates = await self.bot.get_updates(
  File "C:\Users\Night Fury\AppData\Roaming\Python\Python38\site-packages\aiogram\bot\bot.py", line 97, in get_updates
    result = await self.request(api.Methods.GET_UPDATES, payload)
  File "C:\Users\Night Fury\AppData\Roaming\Python\Python38\site-packages\aiogram\bot\base.py", line 208, in request
    return await api.make_request(self.session, self.server, self.__token, method, data, files,
  File "C:\Users\Night Fury\AppData\Roaming\Python\Python38\site-packages\aiogram\bot\api.py", line 140, in make_request
    return check_result(method, response.content_type, response.status, await response.text())
  File "C:\Users\Night Fury\AppData\Roaming\Python\Python38\site-packages\aiogram\bot\api.py", line 119, in check_result
    exceptions.ConflictError.detect(description)
  File "C:\Users\Night Fury\AppData\Roaming\Python\Python38\site-packages\aiogram\utils\exceptions.py", line 140, in detect
    raise err(cls.text or description)
aiogram.utils.exceptions.TerminatedByOtherGetUpdates: Terminated by other getupdates request; make sure that only one bot instance is running
ERROR:aiogram.dispatcher.dispatcher:Cause exception while getting updates.
Traceback (most recent call last):
  File "C:\Users\Night Fury\AppData\Roaming\Python\Python38\site-packages\aiogram\dispatcher\dispatcher.py", line 383, in start_polling
    updates = await self.bot.get_updates(
  File "C:\Users\Night Fury\AppData\Roaming\Python\Python38\site-packages\aiogram\bot\bot.py", line 97, in get_updates
    result = await self.request(api.Methods.GET_UPDATES, payload)
  File "C:\Users\Night Fury\AppData\Roaming\Python\Python38\site-packages\aiogram\bot\base.py", line 208, in request
    return await api.make_request(self.session, self.server, self.__token, method, data, files,
  File "C:\Users\Night Fury\AppData\Roaming\Python\Python38\site-packages\aiogram\bot\api.py", line 140, in make_request
    return check_result(method, response.content_type, response.status, await response.text())
  File "C:\Users\Night Fury\AppData\Roaming\Python\Python38\site-packages\aiogram\bot\api.py", line 119, in check_result
    exceptions.ConflictError.detect(description)
  File "C:\Users\Night Fury\AppData\Roaming\Python\Python38\site-packages\aiogram\utils\exceptions.py", line 140, in detect
    raise err(cls.text or description)
aiogram.utils.exceptions.TerminatedByOtherGetUpdates: Terminated by other getupdates request; make sure that only one bot instance is running
ERROR:aiogram.dispatcher.dispatcher:Cause exception while getting updates.
Traceback (most recent call last):
  File "C:\Users\Night Fury\AppData\Roaming\Python\Python38\site-packages\aiogram\dispatcher\dispatcher.py", line 383, in start_polling
    updates = await self.bot.get_updates(
  File "C:\Users\Night Fury\AppData\Roaming\Python\Python38\site-packages\aiogram\bot\bot.py", line 97, in get_updates
    result = await self.request(api.Methods.GET_UPDATES, payload)
  File "C:\Users\Night Fury\AppData\Roaming\Python\Python38\site-packages\aiogram\bot\base.py", line 208, in request
    return await api.make_request(self.session, self.server, self.__token, method, data, files,
  File "C:\Users\Night Fury\AppData\Roaming\Python\Python38\site-packages\aiogram\bot\api.py", line 140, in make_request
    return check_result(method, response.content_type, response.status, await response.text())
  File "C:\Users\Night Fury\AppData\Roaming\Python\Python38\site-packages\aiogram\bot\api.py", line 119, in check_result
    exceptions.ConflictError.detect(description)
  File "C:\Users\Night Fury\AppData\Roaming\Python\Python38\site-packages\aiogram\utils\exceptions.py", line 140, in detect
    raise err(cls.text or description)
aiogram.utils.exceptions.TerminatedByOtherGetUpdates: Terminated by other getupdates request; make sure that only one bot instance is running
ERROR:aiogram.dispatcher.dispatcher:Cause exception while getting updates.
Traceback (most recent call last):
  File "C:\Users\Night Fury\AppData\Roaming\Python\Python38\site-packages\aiogram\dispatcher\dispatcher.py", line 383, in start_polling
    updates = await self.bot.get_updates(
  File "C:\Users\Night Fury\AppData\Roaming\Python\Python38\site-packages\aiogram\bot\bot.py", line 97, in get_updates
    result = await self.request(api.Methods.GET_UPDATES, payload)
  File "C:\Users\Night Fury\AppData\Roaming\Python\Python38\site-packages\aiogram\bot\base.py", line 208, in request
    return await api.make_request(self.session, self.server, self.__token, method, data, files,
  File "C:\Users\Night Fury\AppData\Roaming\Python\Python38\site-packages\aiogram\bot\api.py", line 140, in make_request
    return check_result(method, response.content_type, response.status, await response.text())
  File "C:\Users\Night Fury\AppData\Roaming\Python\Python38\site-packages\aiogram\bot\api.py", line 119, in check_result
    exceptions.ConflictError.detect(description)
  File "C:\Users\Night Fury\AppData\Roaming\Python\Python38\site-packages\aiogram\utils\exceptions.py", line 140, in detect
    raise err(cls.text or description)
aiogram.utils.exceptions.TerminatedByOtherGetUpdates: Terminated by other getupdates request; make sure that only one bot instance is running
ERROR:aiogram.dispatcher.dispatcher:Cause exception while getting updates.
Traceback (most recent call last):
  File "C:\Users\Night Fury\AppData\Roaming\Python\Python38\site-packages\aiogram\dispatcher\dispatcher.py", line 383, in start_polling
    updates = await self.bot.get_updates(
  File "C:\Users\Night Fury\AppData\Roaming\Python\Python38\site-packages\aiogram\bot\bot.py", line 97, in get_updates
    result = await self.request(api.Methods.GET_UPDATES, payload)
  File "C:\Users\Night Fury\AppData\Roaming\Python\Python38\site-packages\aiogram\bot\base.py", line 208, in request
    return await api.make_request(self.session, self.server, self.__token, method, data, files,
  File "C:\Users\Night Fury\AppData\Roaming\Python\Python38\site-packages\aiogram\bot\api.py", line 140, in make_request
    return check_result(method, response.content_type, response.status, await response.text())
  File "C:\Users\Night Fury\AppData\Roaming\Python\Python38\site-packages\aiogram\bot\api.py", line 119, in check_result
    exceptions.ConflictError.detect(description)
  File "C:\Users\Night Fury\AppData\Roaming\Python\Python38\site-packages\aiogram\utils\exceptions.py", line 140, in detect
    raise err(cls.text or description)
aiogram.utils.exceptions.TerminatedByOtherGetUpdates: Terminated by other getupdates request; make sure that only one bot instance is running
ERROR:aiogram.dispatcher.dispatcher:Cause exception while getting updates.
Traceback (most recent call last):
  File "C:\Users\Night Fury\AppData\Roaming\Python\Python38\site-packages\aiogram\dispatcher\dispatcher.py", line 383, in start_polling
    updates = await self.bot.get_updates(
  File "C:\Users\Night Fury\AppData\Roaming\Python\Python38\site-packages\aiogram\bot\bot.py", line 97, in get_updates
    result = await self.request(api.Methods.GET_UPDATES, payload)
  File "C:\Users\Night Fury\AppData\Roaming\Python\Python38\site-packages\aiogram\bot\base.py", line 208, in request
    return await api.make_request(self.session, self.server, self.__token, method, data, files,
  File "C:\Users\Night Fury\AppData\Roaming\Python\Python38\site-packages\aiogram\bot\api.py", line 140, in make_request
    return check_result(method, response.content_type, response.status, await response.text())
  File "C:\Users\Night Fury\AppData\Roaming\Python\Python38\site-packages\aiogram\bot\api.py", line 119, in check_result
    exceptions.ConflictError.detect(description)
  File "C:\Users\Night Fury\AppData\Roaming\Python\Python38\site-packages\aiogram\utils\exceptions.py", line 140, in detect
    raise err(cls.text or description)
aiogram.utils.exceptions.TerminatedByOtherGetUpdates: Terminated by other getupdates request; make sure that only one bot instance is running
INFO:aiogram.dispatcher.dispatcher:Stop polling...
WARNING:aiogram:Goodbye!
INFO:aiogram:Bot: Nero Bar [@Neuro_bar_bot]
WARNING:aiogram:Updates were skipped successfully.
INFO:aiogram.dispatcher.dispatcher:Start polling.
INFO:root:First start from user_name = Lyly, user_id = 382728010
INFO:root:('Lyly', 382728010) is knocking to our bot
INFO:root:('Lyly', 382728010) send this text:¬Ó‰Í‡, Ï‡ÚËÌË, ÒÓÍ
ERROR:asyncio:Task exception was never retrieved
future: <Task finished name='Task-13' coro=<Dispatcher._process_polling_updates() done, defined at C:\Users\Night Fury\AppData\Roaming\Python\Python38\site-packages\aiogram\dispatcher\dispatcher.py:409> exception=RuntimeError('Expected one of cpu, cuda, xpu, mkldnn, opengl, opencl, ideep, hip, msnpu, mlc, xla, vulkan, meta, hpu device type at start of device string: gpu')>
Traceback (most recent call last):
  File "C:\Users\Night Fury\AppData\Roaming\Python\Python38\site-packages\aiogram\dispatcher\dispatcher.py", line 417, in _process_polling_updates
    for responses in itertools.chain.from_iterable(await self.process_updates(updates, fast)):
  File "C:\Users\Night Fury\AppData\Roaming\Python\Python38\site-packages\aiogram\dispatcher\dispatcher.py", line 238, in process_updates
    return await asyncio.gather(*tasks)
  File "C:\Users\Night Fury\AppData\Roaming\Python\Python38\site-packages\aiogram\dispatcher\handler.py", line 116, in notify
    response = await handler_obj.handler(*args, **partial_data)
  File "C:\Users\Night Fury\AppData\Roaming\Python\Python38\site-packages\aiogram\dispatcher\dispatcher.py", line 259, in process_update
    return await self.message_handlers.notify(update.message)
  File "C:\Users\Night Fury\AppData\Roaming\Python\Python38\site-packages\aiogram\dispatcher\handler.py", line 116, in notify
    response = await handler_obj.handler(*args, **partial_data)
  File "c:/Dev/FP/bot.py", line 249, in handle_docs_photo
    output_text = get_text(input_text)
  File "c:/Dev/FP/bot.py", line 165, in get_text
    device = torch.device("gpu")
RuntimeError: Expected one of cpu, cuda, xpu, mkldnn, opengl, opencl, ideep, hip, msnpu, mlc, xla, vulkan, meta, hpu device type at start of device string: gpu
INFO:aiogram.dispatcher.dispatcher:Stop polling...
WARNING:aiogram:Goodbye!
INFO:aiogram:Bot: Nero Bar [@Neuro_bar_bot]
WARNING:aiogram:Updates were skipped successfully.
INFO:aiogram.dispatcher.dispatcher:Start polling.
INFO:root:First start from user_name = Lyly, user_id = 382728010
INFO:root:('Lyly', 382728010) is knocking to our bot
INFO:root:('Lyly', 382728010) send this text:¬Ó‰Í‡, Ï‡ÚËÌË, ÒÓÍ
ERROR:asyncio:Task exception was never retrieved
future: <Task finished name='Task-14' coro=<Dispatcher._process_polling_updates() done, defined at C:\Users\Night Fury\AppData\Roaming\Python\Python38\site-packages\aiogram\dispatcher\dispatcher.py:409> exception=RuntimeError('CUDA out of memory. Tried to allocate 58.00 MiB (GPU 0; 6.00 GiB total capacity; 4.45 GiB already allocated; 0 bytes free; 4.59 GiB reserved in total by PyTorch)')>
Traceback (most recent call last):
  File "C:\Users\Night Fury\AppData\Roaming\Python\Python38\site-packages\aiogram\dispatcher\dispatcher.py", line 417, in _process_polling_updates
    for responses in itertools.chain.from_iterable(await self.process_updates(updates, fast)):
  File "C:\Users\Night Fury\AppData\Roaming\Python\Python38\site-packages\aiogram\dispatcher\dispatcher.py", line 238, in process_updates
    return await asyncio.gather(*tasks)
  File "C:\Users\Night Fury\AppData\Roaming\Python\Python38\site-packages\aiogram\dispatcher\handler.py", line 116, in notify
    response = await handler_obj.handler(*args, **partial_data)
  File "C:\Users\Night Fury\AppData\Roaming\Python\Python38\site-packages\aiogram\dispatcher\dispatcher.py", line 259, in process_update
    return await self.message_handlers.notify(update.message)
  File "C:\Users\Night Fury\AppData\Roaming\Python\Python38\site-packages\aiogram\dispatcher\handler.py", line 116, in notify
    response = await handler_obj.handler(*args, **partial_data)
  File "c:/Dev/FP/bot.py", line 249, in handle_docs_photo
    output_text = get_text(input_text)
  File "c:/Dev/FP/bot.py", line 170, in get_text
    sample_outputs = model.generate(generated,
  File "C:\Users\Night Fury\AppData\Roaming\Python\Python38\site-packages\torch\autograd\grad_mode.py", line 28, in decorate_context
    return func(*args, **kwargs)
  File "C:\Users\Night Fury\AppData\Roaming\Python\Python38\site-packages\transformers\generation_utils.py", line 1016, in generate
    return self.sample(
  File "C:\Users\Night Fury\AppData\Roaming\Python\Python38\site-packages\transformers\generation_utils.py", line 1546, in sample
    next_token_scores = logits_warper(input_ids, next_token_scores)
  File "C:\Users\Night Fury\AppData\Roaming\Python\Python38\site-packages\transformers\generation_logits_process.py", line 93, in __call__
    scores = processor(input_ids, scores)
  File "C:\Users\Night Fury\AppData\Roaming\Python\Python38\site-packages\transformers\generation_logits_process.py", line 195, in __call__
    sorted_logits, sorted_indices = torch.sort(scores, descending=True)
RuntimeError: CUDA out of memory. Tried to allocate 58.00 MiB (GPU 0; 6.00 GiB total capacity; 4.45 GiB already allocated; 0 bytes free; 4.59 GiB reserved in total by PyTorch)
INFO:aiogram.dispatcher.dispatcher:Stop polling...
WARNING:aiogram:Goodbye!
INFO:aiogram:Bot: Nero Bar [@Neuro_bar_bot]
WARNING:aiogram:Updates were skipped successfully.
INFO:aiogram.dispatcher.dispatcher:Start polling.
INFO:root:First start from user_name = Lyly, user_id = 382728010
INFO:root:('Lyly', 382728010) is knocking to our bot
INFO:root:('Lyly', 382728010) send this text:¬Ó‰Í‡, Ï‡ÚËÌË, ÒÓÍ
INFO:root:First start from user_name = Danila, user_id = 232805122
INFO:root:('Danila', 232805122) is knocking to our bot
INFO:root:('Danila', 232805122) send this text:¬Ó‰Í‡, ÒÓÍ
INFO:root:First start from user_name = Nat, user_id = 199269545
INFO:root:('Nat', 199269545) is knocking to our bot
INFO:root:('Nat', 199269545) send this text:¬Ó‰Í‡ ‡ÔÂÎ¸ÒËÌ ÏˇÚ‡
ERROR:asyncio:Task exception was never retrieved
future: <Task finished name='Task-85' coro=<Dispatcher._process_polling_updates() done, defined at C:\Users\Night Fury\AppData\Roaming\Python\Python38\site-packages\aiogram\dispatcher\dispatcher.py:409> exception=IndexError('list index out of range')>
Traceback (most recent call last):
  File "C:\Users\Night Fury\AppData\Roaming\Python\Python38\site-packages\aiogram\dispatcher\dispatcher.py", line 417, in _process_polling_updates
    for responses in itertools.chain.from_iterable(await self.process_updates(updates, fast)):
  File "C:\Users\Night Fury\AppData\Roaming\Python\Python38\site-packages\aiogram\dispatcher\dispatcher.py", line 238, in process_updates
    return await asyncio.gather(*tasks)
  File "C:\Users\Night Fury\AppData\Roaming\Python\Python38\site-packages\aiogram\dispatcher\handler.py", line 116, in notify
    response = await handler_obj.handler(*args, **partial_data)
  File "C:\Users\Night Fury\AppData\Roaming\Python\Python38\site-packages\aiogram\dispatcher\dispatcher.py", line 259, in process_update
    return await self.message_handlers.notify(update.message)
  File "C:\Users\Night Fury\AppData\Roaming\Python\Python38\site-packages\aiogram\dispatcher\handler.py", line 116, in notify
    response = await handler_obj.handler(*args, **partial_data)
  File "c:/Dev/FP/bot.py", line 249, in handle_docs_photo
  File "c:/Dev/FP/bot.py", line 201, in get_text
IndexError: list index out of range
INFO:aiogram.dispatcher.dispatcher:Stop polling...
WARNING:aiogram:Goodbye!
INFO:aiogram:Bot: Nero Bar [@Neuro_bar_bot]
WARNING:aiogram:Updates were skipped successfully.
INFO:aiogram.dispatcher.dispatcher:Start polling.
INFO:root:First start from user_name = Lyly, user_id = 382728010
INFO:root:('Lyly', 382728010) is knocking to our bot
ERROR:asyncio:Task exception was never retrieved
future: <Task finished name='Task-14' coro=<Dispatcher._process_polling_updates() done, defined at C:\Users\Night Fury\AppData\Roaming\Python\Python38\site-packages\aiogram\dispatcher\dispatcher.py:409> exception=FileNotFoundError(2, 'No such file or directory')>
Traceback (most recent call last):
  File "C:\Users\Night Fury\AppData\Roaming\Python\Python38\site-packages\aiogram\dispatcher\dispatcher.py", line 417, in _process_polling_updates
    for responses in itertools.chain.from_iterable(await self.process_updates(updates, fast)):
  File "C:\Users\Night Fury\AppData\Roaming\Python\Python38\site-packages\aiogram\dispatcher\dispatcher.py", line 238, in process_updates
    return await asyncio.gather(*tasks)
  File "C:\Users\Night Fury\AppData\Roaming\Python\Python38\site-packages\aiogram\dispatcher\handler.py", line 116, in notify
    response = await handler_obj.handler(*args, **partial_data)
  File "C:\Users\Night Fury\AppData\Roaming\Python\Python38\site-packages\aiogram\dispatcher\dispatcher.py", line 259, in process_update
    return await self.message_handlers.notify(update.message)
  File "C:\Users\Night Fury\AppData\Roaming\Python\Python38\site-packages\aiogram\dispatcher\handler.py", line 116, in notify
    response = await handler_obj.handler(*args, **partial_data)
  File "c:/Dev/FP/bot.py", line 198, in handle_docs_photo
    p = open("optfp.gif", 'rb')
FileNotFoundError: [Errno 2] No such file or directory: 'optfp.gif'
INFO:aiogram.dispatcher.dispatcher:Stop polling...
WARNING:aiogram:Goodbye!
INFO:aiogram:Bot: Nero Bar [@Neuro_bar_bot]
WARNING:aiogram:Updates were skipped successfully.
INFO:aiogram.dispatcher.dispatcher:Start polling.
INFO:root:First start from user_name = Lyly, user_id = 382728010
INFO:root:('Lyly', 382728010) is knocking to our bot
INFO:root:('Lyly', 382728010) send this text:¬Ó‰Í‡, Ï‡ÚËÌË, ÒÓÍ
INFO:root:('Lyly', 382728010) is knocking to our bot
INFO:root:('Lyly', 382728010) send this text:¬Ó‰Í‡, Ï‡ÚËÌË, ÒÓÍ
INFO:aiogram.dispatcher.dispatcher:Stop polling...
WARNING:aiogram:Goodbye!
INFO:aiogram:Bot: Nero Bar [@Neuro_bar_bot]
WARNING:aiogram:Updates were skipped successfully.
INFO:aiogram.dispatcher.dispatcher:Start polling.
INFO:root:First start from user_name = Lyly, user_id = 382728010
INFO:root:('Lyly', 382728010) is knocking to our bot
INFO:root:('Lyly', 382728010) send this text:¬Ó‰Í‡, Ï‡ÚËÌË, ÒÓÍ
INFO:root:('Lyly', 382728010) is knocking to our bot
INFO:root:('Lyly', 382728010) send this text:ÕÂ·Ó, ÎËÍÂ, ‚ËÒÍË, ÔË‚Ó, ¯‡¯Î˚Í, ‚Ó‰‡
INFO:root:('Lyly', 382728010) is knocking to our bot
INFO:root:('Lyly', 382728010) send this text:ÕÂ·Ó, ÎËÍÂ, ‚ËÒÍË, ÔË‚Ó, ¯‡¯Î˚Í, ‚Ó‰‡
INFO:aiogram.dispatcher.dispatcher:Stop polling...
WARNING:aiogram:Goodbye!
INFO:aiogram:Bot: Nero Bar [@Neuro_bar_bot]
WARNING:aiogram:Updates were skipped successfully.
INFO:aiogram.dispatcher.dispatcher:Start polling.
INFO:root:First start from user_name = Lyly, user_id = 382728010
INFO:root:('Lyly', 382728010) is knocking to our bot
INFO:root:('Lyly', 382728010) send this text:‚Ó‰‡, ‚ËÒÍË, ÎËÍÂ
INFO:aiogram.dispatcher.dispatcher:Stop polling...
WARNING:aiogram:Goodbye!
INFO:aiogram:Bot: Nero Bar [@Neuro_bar_bot]
WARNING:aiogram:Updates were skipped successfully.
INFO:aiogram.dispatcher.dispatcher:Start polling.
INFO:root:First start from user_name = Lyly, user_id = 382728010
INFO:root:('Lyly', 382728010) is knocking to our bot
INFO:root:('Lyly', 382728010) send this text:‚Ó‰‡, ‚ËÒÍË, ÎËÍÂ
INFO:aiogram.dispatcher.dispatcher:Stop polling...
WARNING:aiogram:Goodbye!
INFO:aiogram:Bot: Nero Bar [@Neuro_bar_bot]
WARNING:aiogram:Updates were skipped successfully.
INFO:aiogram.dispatcher.dispatcher:Start polling.
INFO:root:First start from user_name = Lyly, user_id = 382728010
INFO:root:('Lyly', 382728010) is knocking to our bot
INFO:root:('Lyly', 382728010) send this text:‚Ó‰‡, ‚ËÒÍË, ÎËÍÂ
INFO:root:First start from user_name = JackDorsey, user_id = 33354399
INFO:root:('JackDorsey', 33354399) is knocking to our bot
INFO:root:('JackDorsey', 33354399) send this text:¬Ó‰Í‡, ÒÓÍ, ·ËÚÍË
INFO:root:('JackDorsey', 33354399) is knocking to our bot
INFO:root:('JackDorsey', 33354399) send this text:¬ËÌÓ, ‚Ó‰Í‡
INFO:aiogram.dispatcher.dispatcher:Stop polling...
WARNING:aiogram:Goodbye!
INFO:aiogram:Bot: Nero Bar [@Neuro_bar_bot]
WARNING:aiogram:Updates were skipped successfully.
INFO:aiogram.dispatcher.dispatcher:Start polling.
INFO:root:First start from user_name = Lyly, user_id = 382728010
INFO:root:('Lyly', 382728010) is knocking to our bot
INFO:root:('Lyly', 382728010) send this text:Lyly ILY, [05.07.21 22:15]
‚Ó‰‡, ‚ËÒÍË, ÎËÍÂ

Nero Bar, [05.07.21 22:15]
¡‡ÏÂÌ ÔÓ¯ÂÎ „ÂÌÂËÚ¸, Lyly, ÚÂÔÂÌËÂ

Nero Bar, [05.07.21 22:15]
[ GIF ]
ERROR:asyncio:Task exception was never retrieved
future: <Task finished name='Task-14' coro=<Dispatcher._process_polling_updates() done, defined at C:\Users\Night Fury\AppData\Roaming\Python\Python38\site-packages\aiogram\dispatcher\dispatcher.py:409> exception=RuntimeError('CUDA out of memory. Tried to allocate 2.06 GiB (GPU 0; 6.00 GiB total capacity; 2.20 GiB already allocated; 1.53 GiB free; 2.86 GiB reserved in total by PyTorch)')>
Traceback (most recent call last):
  File "C:\Users\Night Fury\AppData\Roaming\Python\Python38\site-packages\aiogram\dispatcher\dispatcher.py", line 417, in _process_polling_updates
    for responses in itertools.chain.from_iterable(await self.process_updates(updates, fast)):
  File "C:\Users\Night Fury\AppData\Roaming\Python\Python38\site-packages\aiogram\dispatcher\dispatcher.py", line 238, in process_updates
    return await asyncio.gather(*tasks)
  File "C:\Users\Night Fury\AppData\Roaming\Python\Python38\site-packages\aiogram\dispatcher\handler.py", line 116, in notify
    response = await handler_obj.handler(*args, **partial_data)
  File "C:\Users\Night Fury\AppData\Roaming\Python\Python38\site-packages\aiogram\dispatcher\dispatcher.py", line 259, in process_update
    return await self.message_handlers.notify(update.message)
  File "C:\Users\Night Fury\AppData\Roaming\Python\Python38\site-packages\aiogram\dispatcher\handler.py", line 116, in notify
    response = await handler_obj.handler(*args, **partial_data)
  File "c:/Dev/FP/bot.py", line 260, in handle_docs_photo
    output_text = get_text(input_text)
  File "c:/Dev/FP/bot.py", line 193, in get_text
    sample_outputs_title = generate_title(keywords, sorted_tuple[0][0], kw)
  File "c:/Dev/FP/bot.py", line 138, in generate_title
    return model_title.generate(generated_title,
  File "C:\Users\Night Fury\AppData\Roaming\Python\Python38\site-packages\torch\autograd\grad_mode.py", line 28, in decorate_context
    return func(*args, **kwargs)
  File "C:\Users\Night Fury\AppData\Roaming\Python\Python38\site-packages\transformers\generation_utils.py", line 1016, in generate
    return self.sample(
  File "C:\Users\Night Fury\AppData\Roaming\Python\Python38\site-packages\transformers\generation_utils.py", line 1531, in sample
    outputs = self(
  File "C:\Users\Night Fury\AppData\Roaming\Python\Python38\site-packages\torch\nn\modules\module.py", line 1051, in _call_impl
    return forward_call(*input, **kwargs)
  File "C:\Users\Night Fury\AppData\Roaming\Python\Python38\site-packages\transformers\models\gpt2\modeling_gpt2.py", line 965, in forward
    lm_logits = self.lm_head(hidden_states)
  File "C:\Users\Night Fury\AppData\Roaming\Python\Python38\site-packages\torch\nn\modules\module.py", line 1051, in _call_impl
    return forward_call(*input, **kwargs)
  File "C:\Users\Night Fury\AppData\Roaming\Python\Python38\site-packages\torch\nn\modules\linear.py", line 96, in forward
    return F.linear(input, self.weight, self.bias)
  File "C:\Users\Night Fury\AppData\Roaming\Python\Python38\site-packages\torch\nn\functional.py", line 1847, in linear
    return torch._C._nn.linear(input, weight, bias)
RuntimeError: CUDA out of memory. Tried to allocate 2.06 GiB (GPU 0; 6.00 GiB total capacity; 2.20 GiB already allocated; 1.53 GiB free; 2.86 GiB reserved in total by PyTorch)
INFO:root:('Lyly', 382728010) is knocking to our bot
INFO:root:('Lyly', 382728010) send this text:‚Ó‰‡, ‚ËÒÍË, ÎËÍÂ
INFO:aiogram.dispatcher.dispatcher:Stop polling...
WARNING:aiogram:Goodbye!
INFO:aiogram:Bot: Nero Bar [@Neuro_bar_bot]
WARNING:aiogram:Updates were skipped successfully.
INFO:aiogram.dispatcher.dispatcher:Start polling.
INFO:root:('Lyly', 382728010) is knocking to our bot
ERROR:asyncio:Task exception was never retrieved
future: <Task finished name='Task-9' coro=<Dispatcher._process_polling_updates() done, defined at C:\Users\Night Fury\AppData\Roaming\Python\Python38\site-packages\aiogram\dispatcher\dispatcher.py:409> exception=FileNotFoundError(2, 'No such file or directory')>
Traceback (most recent call last):
  File "C:\Users\Night Fury\AppData\Roaming\Python\Python38\site-packages\aiogram\dispatcher\dispatcher.py", line 417, in _process_polling_updates
    for responses in itertools.chain.from_iterable(await self.process_updates(updates, fast)):
  File "C:\Users\Night Fury\AppData\Roaming\Python\Python38\site-packages\aiogram\dispatcher\dispatcher.py", line 238, in process_updates
    return await asyncio.gather(*tasks)
  File "C:\Users\Night Fury\AppData\Roaming\Python\Python38\site-packages\aiogram\dispatcher\handler.py", line 116, in notify
    response = await handler_obj.handler(*args, **partial_data)
  File "C:\Users\Night Fury\AppData\Roaming\Python\Python38\site-packages\aiogram\dispatcher\dispatcher.py", line 259, in process_update
    return await self.message_handlers.notify(update.message)
  File "C:\Users\Night Fury\AppData\Roaming\Python\Python38\site-packages\aiogram\dispatcher\handler.py", line 116, in notify
    response = await handler_obj.handler(*args, **partial_data)
  File "c:/Dev/FP/recipe_cocktails/bot.py", line 254, in handle_docs_photo
    p = open("C:\Dev\FP\input\8oVc.gif", 'rb')
FileNotFoundError: [Errno 2] No such file or directory: 'C:\\Dev\\FP\\input\\8oVc.gif'
INFO:aiogram.dispatcher.dispatcher:Stop polling...
WARNING:aiogram:Goodbye!
INFO:aiogram:Bot: Nero Bar [@Neuro_bar_bot]
WARNING:aiogram:Updates were skipped successfully.
INFO:aiogram.dispatcher.dispatcher:Start polling.
INFO:root:('Lyly', 382728010) is knocking to our bot
INFO:root:('Lyly', 382728010) send this text:‚Ó‰‡, ‚ËÒÍË, ÎËÍÂ
INFO:aiogram.dispatcher.dispatcher:Stop polling...
WARNING:aiogram:Goodbye!
INFO:aiogram:Bot: Nero Bar [@Neuro_bar_bot]
WARNING:aiogram:Updates were skipped successfully.
INFO:aiogram.dispatcher.dispatcher:Start polling.
INFO:root:('Lyly', 382728010) is knocking to our bot
INFO:root:('Lyly', 382728010) send this text:—‡ı‡, ‚Ó‰‡, ‡ÔÂÎ¸ÒËÌ
INFO:aiogram.dispatcher.dispatcher:Stop polling...
WARNING:aiogram:Goodbye!
INFO:aiogram:Bot: Nero Bar [@Neuro_bar_bot]
WARNING:aiogram:Updates were skipped successfully.
INFO:aiogram.dispatcher.dispatcher:Start polling.
INFO:root:('Lyly', 382728010) is knocking to our bot
INFO:root:('Lyly', 382728010) send this text:¿·ËÍÓÒ, ‚Ó‰‡, ÍÓÍÓÒ
INFO:root:('Lyly', 382728010) is knocking to our bot
INFO:root:('Lyly', 382728010) send this text:¿·ËÍÓÒ, ‚Ó‰‡, ÍÓÍÓÒ
INFO:root:('Lyly', 382728010) is knocking to our bot
INFO:root:('Lyly', 382728010) send this text:¿·ËÍÓÒ, ‚Ó‰‡, ÍÓÍÓÒ, ‚Ó‰Í‡
INFO:root:('JackDorsey', 33354399) is knocking to our bot
INFO:root:('JackDorsey', 33354399) send this text:‚Ó‰Í‡, ‚Ó‰‡, ÒÓÍ, ‚ËÌÓ
INFO:root:('Lyly', 382728010) is knocking to our bot
INFO:root:('Lyly', 382728010) send this text: ÓÍÓÒ, ‚Ó‰Í‡
INFO:root:('Lyly', 382728010) is knocking to our bot
INFO:root:('Lyly', 382728010) send this text:¬ËÒÍË, ÍÓÍÓÒ
INFO:aiogram.dispatcher.dispatcher:Stop polling...
WARNING:aiogram:Goodbye!
INFO:aiogram:Bot: Nero Bar [@Neuro_bar_bot]
WARNING:aiogram:Updates were skipped successfully.
INFO:aiogram.dispatcher.dispatcher:Start polling.
INFO:root:('Lyly', 382728010) is knocking to our bot
INFO:root:('Lyly', 382728010) send this text:¬ËÒÍË, ÍÓÍÓÒ
INFO:root:('JackDorsey', 33354399) is knocking to our bot
INFO:root:('JackDorsey', 33354399) send this text:‚Ó‰Í‡, ‚Ó‰‡, ÒÓÍ, ‚ËÌÓ
INFO:root:('JackDorsey', 33354399) is knocking to our bot
INFO:root:('JackDorsey', 33354399) send this text:‚Ó‰Í‡ ‚Ó‰‡ ÒÓÍ ‚ËÌÓ
ERROR:asyncio:Task exception was never retrieved
future: <Task finished name='Task-22' coro=<Dispatcher._process_polling_updates() done, defined at C:\Users\Night Fury\AppData\Roaming\Python\Python38\site-packages\aiogram\dispatcher\dispatcher.py:409> exception=IndexError('list index out of range')>
Traceback (most recent call last):
  File "C:\Users\Night Fury\AppData\Roaming\Python\Python38\site-packages\aiogram\dispatcher\dispatcher.py", line 417, in _process_polling_updates
    for responses in itertools.chain.from_iterable(await self.process_updates(updates, fast)):
  File "C:\Users\Night Fury\AppData\Roaming\Python\Python38\site-packages\aiogram\dispatcher\dispatcher.py", line 238, in process_updates
    return await asyncio.gather(*tasks)
  File "C:\Users\Night Fury\AppData\Roaming\Python\Python38\site-packages\aiogram\dispatcher\handler.py", line 116, in notify
    response = await handler_obj.handler(*args, **partial_data)
  File "C:\Users\Night Fury\AppData\Roaming\Python\Python38\site-packages\aiogram\dispatcher\dispatcher.py", line 259, in process_update
    return await self.message_handlers.notify(update.message)
  File "C:\Users\Night Fury\AppData\Roaming\Python\Python38\site-packages\aiogram\dispatcher\handler.py", line 116, in notify
    response = await handler_obj.handler(*args, **partial_data)
  File "c:/Dev/FP/recipe_cocktails/bot.py", line 262, in handle_docs_photo
    output_text = get_text(input_text)
  File "c:/Dev/FP/recipe_cocktails/bot.py", line 195, in get_text
    sample_outputs_title = generate_title(keywords, sorted_tuple[0][0], kw)
IndexError: list index out of range
INFO:root:('JackDorsey', 33354399) is knocking to our bot
INFO:root:('JackDorsey', 33354399) send this text:‚Ó‰Í‡, ‚Ó‰‡, ÒÓÍ, ‚ËÌÓ
INFO:root:('Lyly', 382728010) is knocking to our bot
INFO:root:('Lyly', 382728010) send this text:¬ÂÏÛÚ, ÎËÍ∏, Ï‡ÎËÌ‡
INFO:root:First start from user_name = ulyumdzhi, user_id = 49131625
INFO:root:('ulyumdzhi', 49131625) is knocking to our bot
INFO:root:('ulyumdzhi', 49131625) send this text: ‡ÎÛ‡, ÍÒ˛ÍÒ˛· ‚Ó‰Í‡
ERROR:asyncio:Task exception was never retrieved
future: <Task finished name='Task-67' coro=<Dispatcher._process_polling_updates() done, defined at C:\Users\Night Fury\AppData\Roaming\Python\Python38\site-packages\aiogram\dispatcher\dispatcher.py:409> exception=ValueError('max() arg is an empty sequence')>
Traceback (most recent call last):
  File "C:\Users\Night Fury\AppData\Roaming\Python\Python38\site-packages\aiogram\dispatcher\dispatcher.py", line 417, in _process_polling_updates
    for responses in itertools.chain.from_iterable(await self.process_updates(updates, fast)):
  File "C:\Users\Night Fury\AppData\Roaming\Python\Python38\site-packages\aiogram\dispatcher\dispatcher.py", line 238, in process_updates
    return await asyncio.gather(*tasks)
  File "C:\Users\Night Fury\AppData\Roaming\Python\Python38\site-packages\aiogram\dispatcher\handler.py", line 116, in notify
    response = await handler_obj.handler(*args, **partial_data)
  File "C:\Users\Night Fury\AppData\Roaming\Python\Python38\site-packages\aiogram\dispatcher\dispatcher.py", line 259, in process_update
    return await self.message_handlers.notify(update.message)
  File "C:\Users\Night Fury\AppData\Roaming\Python\Python38\site-packages\aiogram\dispatcher\handler.py", line 116, in notify
    response = await handler_obj.handler(*args, **partial_data)
  File "c:/Dev/FP/recipe_cocktails/bot.py", line 262, in handle_docs_photo
    output_text = get_text(input_text)
  File "c:/Dev/FP/recipe_cocktails/bot.py", line 199, in get_text
    ready_recipe = get_ready_recipe(keywords)
  File "c:/Dev/FP/recipe_cocktails/bot.py", line 174, in get_ready_recipe
    max_ready_dict = max(ready_recipe_dict.values())
ValueError: max() arg is an empty sequence
INFO:root:('ulyumdzhi', 49131625) is knocking to our bot
INFO:root:('ulyumdzhi', 49131625) send this text: ‡ÎÛ‡, ÍÒ˛ÍÒ˛, ‚Ó‰Í‡
INFO:root:('ulyumdzhi', 49131625) is knocking to our bot
INFO:root:('ulyumdzhi', 49131625) send this text:Ã‡ÎË·Û, ÒÓÍ ÎËÏÓÌ‡
ERROR:asyncio:Task exception was never retrieved
future: <Task finished name='Task-80' coro=<Dispatcher._process_polling_updates() done, defined at C:\Users\Night Fury\AppData\Roaming\Python\Python38\site-packages\aiogram\dispatcher\dispatcher.py:409> exception=ValueError('max() arg is an empty sequence')>
Traceback (most recent call last):
  File "C:\Users\Night Fury\AppData\Roaming\Python\Python38\site-packages\aiogram\dispatcher\dispatcher.py", line 417, in _process_polling_updates
    for responses in itertools.chain.from_iterable(await self.process_updates(updates, fast)):
  File "C:\Users\Night Fury\AppData\Roaming\Python\Python38\site-packages\aiogram\dispatcher\dispatcher.py", line 238, in process_updates
    return await asyncio.gather(*tasks)
  File "C:\Users\Night Fury\AppData\Roaming\Python\Python38\site-packages\aiogram\dispatcher\handler.py", line 116, in notify
    response = await handler_obj.handler(*args, **partial_data)
  File "C:\Users\Night Fury\AppData\Roaming\Python\Python38\site-packages\aiogram\dispatcher\dispatcher.py", line 259, in process_update
    return await self.message_handlers.notify(update.message)
  File "C:\Users\Night Fury\AppData\Roaming\Python\Python38\site-packages\aiogram\dispatcher\handler.py", line 116, in notify
    response = await handler_obj.handler(*args, **partial_data)
  File "c:/Dev/FP/recipe_cocktails/bot.py", line 262, in handle_docs_photo
    output_text = get_text(input_text)
  File "c:/Dev/FP/recipe_cocktails/bot.py", line 199, in get_text
    ready_recipe = get_ready_recipe(keywords)
  File "c:/Dev/FP/recipe_cocktails/bot.py", line 174, in get_ready_recipe
    max_ready_dict = max(ready_recipe_dict.values())
ValueError: max() arg is an empty sequence
INFO:root:('ulyumdzhi', 49131625) is knocking to our bot
INFO:root:('ulyumdzhi', 49131625) send this text:Ã‡ÎË·Û, ‚Ó‰Í‡
INFO:root:('JackDorsey', 33354399) is knocking to our bot
INFO:root:('JackDorsey', 33354399) send this text:1
ERROR:asyncio:Task exception was never retrieved
future: <Task finished name='Task-93' coro=<Dispatcher._process_polling_updates() done, defined at C:\Users\Night Fury\AppData\Roaming\Python\Python38\site-packages\aiogram\dispatcher\dispatcher.py:409> exception=ValueError('max() arg is an empty sequence')>
Traceback (most recent call last):
  File "C:\Users\Night Fury\AppData\Roaming\Python\Python38\site-packages\aiogram\dispatcher\dispatcher.py", line 417, in _process_polling_updates
    for responses in itertools.chain.from_iterable(await self.process_updates(updates, fast)):
  File "C:\Users\Night Fury\AppData\Roaming\Python\Python38\site-packages\aiogram\dispatcher\dispatcher.py", line 238, in process_updates
    return await asyncio.gather(*tasks)
  File "C:\Users\Night Fury\AppData\Roaming\Python\Python38\site-packages\aiogram\dispatcher\handler.py", line 116, in notify
    response = await handler_obj.handler(*args, **partial_data)
  File "C:\Users\Night Fury\AppData\Roaming\Python\Python38\site-packages\aiogram\dispatcher\dispatcher.py", line 259, in process_update
    return await self.message_handlers.notify(update.message)
  File "C:\Users\Night Fury\AppData\Roaming\Python\Python38\site-packages\aiogram\dispatcher\handler.py", line 116, in notify
    response = await handler_obj.handler(*args, **partial_data)
  File "c:/Dev/FP/recipe_cocktails/bot.py", line 262, in handle_docs_photo
    output_text = get_text(input_text)
  File "c:/Dev/FP/recipe_cocktails/bot.py", line 199, in get_text
    ready_recipe = get_ready_recipe(keywords)
  File "c:/Dev/FP/recipe_cocktails/bot.py", line 174, in get_ready_recipe
    max_ready_dict = max(ready_recipe_dict.values())
ValueError: max() arg is an empty sequence
INFO:root:('ulyumdzhi', 49131625) is knocking to our bot
INFO:root:('ulyumdzhi', 49131625) send this text:Ï‡‡ÍÛÈˇ, ÎËÏÓÌ, ‚ËÒÍË
INFO:root:('ulyumdzhi', 49131625) is knocking to our bot
INFO:root:('ulyumdzhi', 49131625) send this text:¬Ó‰Í‡, ÒÎË‚ÍË, ÍÓÙÂ
INFO:root:('ulyumdzhi', 49131625) is knocking to our bot
INFO:root:('ulyumdzhi', 49131625) send this text:‚Ó‰Í‡, ÒÎË‚ÍË, ÍÓÙÂ
INFO:root:('JackDorsey', 33354399) is knocking to our bot
INFO:root:('JackDorsey', 33354399) send this text:hvjefrkhgreiughfiuer
ERROR:asyncio:Task exception was never retrieved
future: <Task finished name='Task-129' coro=<Dispatcher._process_polling_updates() done, defined at C:\Users\Night Fury\AppData\Roaming\Python\Python38\site-packages\aiogram\dispatcher\dispatcher.py:409> exception=IndexError('list index out of range')>
Traceback (most recent call last):
  File "C:\Users\Night Fury\AppData\Roaming\Python\Python38\site-packages\aiogram\dispatcher\dispatcher.py", line 417, in _process_polling_updates
    for responses in itertools.chain.from_iterable(await self.process_updates(updates, fast)):
  File "C:\Users\Night Fury\AppData\Roaming\Python\Python38\site-packages\aiogram\dispatcher\dispatcher.py", line 238, in process_updates
    return await asyncio.gather(*tasks)
  File "C:\Users\Night Fury\AppData\Roaming\Python\Python38\site-packages\aiogram\dispatcher\handler.py", line 116, in notify
    response = await handler_obj.handler(*args, **partial_data)
  File "C:\Users\Night Fury\AppData\Roaming\Python\Python38\site-packages\aiogram\dispatcher\dispatcher.py", line 259, in process_update
    return await self.message_handlers.notify(update.message)
  File "C:\Users\Night Fury\AppData\Roaming\Python\Python38\site-packages\aiogram\dispatcher\handler.py", line 116, in notify
    response = await handler_obj.handler(*args, **partial_data)
  File "c:/Dev/FP/recipe_cocktails/bot.py", line 262, in handle_docs_photo
    output_text = get_text(input_text)
  File "c:/Dev/FP/recipe_cocktails/bot.py", line 195, in get_text
    sample_outputs_title = generate_title(keywords, sorted_tuple[0][0], kw)
IndexError: list index out of range
INFO:root:('JackDorsey', 33354399) is knocking to our bot
INFO:root:('JackDorsey', 33354399) send this text:Ó‡Ú‡ÍÓÚÏÓÛ‚ÚÓÔÏ
ERROR:asyncio:Task exception was never retrieved
future: <Task finished name='Task-135' coro=<Dispatcher._process_polling_updates() done, defined at C:\Users\Night Fury\AppData\Roaming\Python\Python38\site-packages\aiogram\dispatcher\dispatcher.py:409> exception=IndexError('list index out of range')>
Traceback (most recent call last):
  File "C:\Users\Night Fury\AppData\Roaming\Python\Python38\site-packages\aiogram\dispatcher\dispatcher.py", line 417, in _process_polling_updates
    for responses in itertools.chain.from_iterable(await self.process_updates(updates, fast)):
  File "C:\Users\Night Fury\AppData\Roaming\Python\Python38\site-packages\aiogram\dispatcher\dispatcher.py", line 238, in process_updates
    return await asyncio.gather(*tasks)
  File "C:\Users\Night Fury\AppData\Roaming\Python\Python38\site-packages\aiogram\dispatcher\handler.py", line 116, in notify
    response = await handler_obj.handler(*args, **partial_data)
  File "C:\Users\Night Fury\AppData\Roaming\Python\Python38\site-packages\aiogram\dispatcher\dispatcher.py", line 259, in process_update
    return await self.message_handlers.notify(update.message)
  File "C:\Users\Night Fury\AppData\Roaming\Python\Python38\site-packages\aiogram\dispatcher\handler.py", line 116, in notify
    response = await handler_obj.handler(*args, **partial_data)
  File "c:/Dev/FP/recipe_cocktails/bot.py", line 262, in handle_docs_photo
    output_text = get_text(input_text)
  File "c:/Dev/FP/recipe_cocktails/bot.py", line 195, in get_text
    sample_outputs_title = generate_title(keywords, sorted_tuple[0][0], kw)
IndexError: list index out of range
INFO:root:('ulyumdzhi', 49131625) is knocking to our bot
ERROR:asyncio:Task exception was never retrieved
future: <Task finished name='Task-140' coro=<Dispatcher._process_polling_updates() done, defined at C:\Users\Night Fury\AppData\Roaming\Python\Python38\site-packages\aiogram\dispatcher\dispatcher.py:409> exception=RetryAfter('Flood control exceeded. Retry in 60 seconds.')>
Traceback (most recent call last):
  File "C:\Users\Night Fury\AppData\Roaming\Python\Python38\site-packages\aiogram\dispatcher\dispatcher.py", line 417, in _process_polling_updates
    for responses in itertools.chain.from_iterable(await self.process_updates(updates, fast)):
  File "C:\Users\Night Fury\AppData\Roaming\Python\Python38\site-packages\aiogram\dispatcher\dispatcher.py", line 238, in process_updates
    return await asyncio.gather(*tasks)
  File "C:\Users\Night Fury\AppData\Roaming\Python\Python38\site-packages\aiogram\dispatcher\handler.py", line 116, in notify
    response = await handler_obj.handler(*args, **partial_data)
  File "C:\Users\Night Fury\AppData\Roaming\Python\Python38\site-packages\aiogram\dispatcher\dispatcher.py", line 259, in process_update
    return await self.message_handlers.notify(update.message)
  File "C:\Users\Night Fury\AppData\Roaming\Python\Python38\site-packages\aiogram\dispatcher\handler.py", line 116, in notify
    response = await handler_obj.handler(*args, **partial_data)
  File "c:/Dev/FP/recipe_cocktails/bot.py", line 257, in handle_docs_photo
    await bot.send_animation(chat_id, p)
  File "C:\Users\Night Fury\AppData\Roaming\Python\Python38\site-packages\aiogram\bot\bot.py", line 829, in send_animation
    result = await self.request(api.Methods.SEND_ANIMATION, payload, files)
  File "C:\Users\Night Fury\AppData\Roaming\Python\Python38\site-packages\aiogram\bot\base.py", line 208, in request
    return await api.make_request(self.session, self.server, self.__token, method, data, files,
  File "C:\Users\Night Fury\AppData\Roaming\Python\Python38\site-packages\aiogram\bot\api.py", line 140, in make_request
    return check_result(method, response.content_type, response.status, await response.text())
  File "C:\Users\Night Fury\AppData\Roaming\Python\Python38\site-packages\aiogram\bot\api.py", line 111, in check_result
    raise exceptions.RetryAfter(parameters.retry_after)
aiogram.utils.exceptions.RetryAfter: Flood control exceeded. Retry in 60 seconds.
INFO:root:('JackDorsey', 33354399) is knocking to our bot
ERROR:asyncio:Task exception was never retrieved
future: <Task finished name='Task-145' coro=<Dispatcher._process_polling_updates() done, defined at C:\Users\Night Fury\AppData\Roaming\Python\Python38\site-packages\aiogram\dispatcher\dispatcher.py:409> exception=RetryAfter('Flood control exceeded. Retry in 46 seconds.')>
Traceback (most recent call last):
  File "C:\Users\Night Fury\AppData\Roaming\Python\Python38\site-packages\aiogram\dispatcher\dispatcher.py", line 417, in _process_polling_updates
    for responses in itertools.chain.from_iterable(await self.process_updates(updates, fast)):
  File "C:\Users\Night Fury\AppData\Roaming\Python\Python38\site-packages\aiogram\dispatcher\dispatcher.py", line 238, in process_updates
    return await asyncio.gather(*tasks)
  File "C:\Users\Night Fury\AppData\Roaming\Python\Python38\site-packages\aiogram\dispatcher\handler.py", line 116, in notify
    response = await handler_obj.handler(*args, **partial_data)
  File "C:\Users\Night Fury\AppData\Roaming\Python\Python38\site-packages\aiogram\dispatcher\dispatcher.py", line 259, in process_update
    return await self.message_handlers.notify(update.message)
  File "C:\Users\Night Fury\AppData\Roaming\Python\Python38\site-packages\aiogram\dispatcher\handler.py", line 116, in notify
    response = await handler_obj.handler(*args, **partial_data)
  File "c:/Dev/FP/recipe_cocktails/bot.py", line 257, in handle_docs_photo
    await bot.send_animation(chat_id, p)
  File "C:\Users\Night Fury\AppData\Roaming\Python\Python38\site-packages\aiogram\bot\bot.py", line 829, in send_animation
    result = await self.request(api.Methods.SEND_ANIMATION, payload, files)
  File "C:\Users\Night Fury\AppData\Roaming\Python\Python38\site-packages\aiogram\bot\base.py", line 208, in request
    return await api.make_request(self.session, self.server, self.__token, method, data, files,
  File "C:\Users\Night Fury\AppData\Roaming\Python\Python38\site-packages\aiogram\bot\api.py", line 140, in make_request
    return check_result(method, response.content_type, response.status, await response.text())
  File "C:\Users\Night Fury\AppData\Roaming\Python\Python38\site-packages\aiogram\bot\api.py", line 111, in check_result
    raise exceptions.RetryAfter(parameters.retry_after)
aiogram.utils.exceptions.RetryAfter: Flood control exceeded. Retry in 46 seconds.
INFO:root:('JackDorsey', 33354399) is knocking to our bot
ERROR:asyncio:Task exception was never retrieved
future: <Task finished name='Task-151' coro=<Dispatcher._process_polling_updates() done, defined at C:\Users\Night Fury\AppData\Roaming\Python\Python38\site-packages\aiogram\dispatcher\dispatcher.py:409> exception=RetryAfter('Flood control exceeded. Retry in 17 seconds.')>
Traceback (most recent call last):
  File "C:\Users\Night Fury\AppData\Roaming\Python\Python38\site-packages\aiogram\dispatcher\dispatcher.py", line 417, in _process_polling_updates
    for responses in itertools.chain.from_iterable(await self.process_updates(updates, fast)):
  File "C:\Users\Night Fury\AppData\Roaming\Python\Python38\site-packages\aiogram\dispatcher\dispatcher.py", line 238, in process_updates
    return await asyncio.gather(*tasks)
  File "C:\Users\Night Fury\AppData\Roaming\Python\Python38\site-packages\aiogram\dispatcher\handler.py", line 116, in notify
    response = await handler_obj.handler(*args, **partial_data)
  File "C:\Users\Night Fury\AppData\Roaming\Python\Python38\site-packages\aiogram\dispatcher\dispatcher.py", line 259, in process_update
    return await self.message_handlers.notify(update.message)
  File "C:\Users\Night Fury\AppData\Roaming\Python\Python38\site-packages\aiogram\dispatcher\handler.py", line 116, in notify
    response = await handler_obj.handler(*args, **partial_data)
  File "c:/Dev/FP/recipe_cocktails/bot.py", line 257, in handle_docs_photo
    await bot.send_animation(chat_id, p)
  File "C:\Users\Night Fury\AppData\Roaming\Python\Python38\site-packages\aiogram\bot\bot.py", line 829, in send_animation
    result = await self.request(api.Methods.SEND_ANIMATION, payload, files)
  File "C:\Users\Night Fury\AppData\Roaming\Python\Python38\site-packages\aiogram\bot\base.py", line 208, in request
    return await api.make_request(self.session, self.server, self.__token, method, data, files,
  File "C:\Users\Night Fury\AppData\Roaming\Python\Python38\site-packages\aiogram\bot\api.py", line 140, in make_request
    return check_result(method, response.content_type, response.status, await response.text())
  File "C:\Users\Night Fury\AppData\Roaming\Python\Python38\site-packages\aiogram\bot\api.py", line 111, in check_result
    raise exceptions.RetryAfter(parameters.retry_after)
aiogram.utils.exceptions.RetryAfter: Flood control exceeded. Retry in 17 seconds.
INFO:root:('ulyumdzhi', 49131625) is knocking to our bot
INFO:root:('ulyumdzhi', 49131625) send this text:ÎËÏÓÌ, ÎÂ‰, ‚ËÒÍË
INFO:root:('ulyumdzhi', 49131625) is knocking to our bot
INFO:root:('ulyumdzhi', 49131625) send this text:‡Ì„ÓÒÚÛ‡, ‚ËÒÍË, ‚ËÒÍË, ‚ËÒÍË
INFO:root:('JackDorsey', 33354399) is knocking to our bot
INFO:root:('JackDorsey', 33354399) send this text:ÎÂ‰, ‚Ó‰Í‡, ÒÓÍ
INFO:root:('ulyumdzhi', 49131625) is knocking to our bot
INFO:root:('ulyumdzhi', 49131625) send this text:ÁÓÏ·Ë, ‰Â‚ÒÚ
ERROR:asyncio:Task exception was never retrieved
future: <Task finished name='Task-186' coro=<Dispatcher._process_polling_updates() done, defined at C:\Users\Night Fury\AppData\Roaming\Python\Python38\site-packages\aiogram\dispatcher\dispatcher.py:409> exception=IndexError('list index out of range')>
Traceback (most recent call last):
  File "C:\Users\Night Fury\AppData\Roaming\Python\Python38\site-packages\aiogram\dispatcher\dispatcher.py", line 417, in _process_polling_updates
    for responses in itertools.chain.from_iterable(await self.process_updates(updates, fast)):
  File "C:\Users\Night Fury\AppData\Roaming\Python\Python38\site-packages\aiogram\dispatcher\dispatcher.py", line 238, in process_updates
    return await asyncio.gather(*tasks)
  File "C:\Users\Night Fury\AppData\Roaming\Python\Python38\site-packages\aiogram\dispatcher\handler.py", line 116, in notify
    response = await handler_obj.handler(*args, **partial_data)
  File "C:\Users\Night Fury\AppData\Roaming\Python\Python38\site-packages\aiogram\dispatcher\dispatcher.py", line 259, in process_update
    return await self.message_handlers.notify(update.message)
  File "C:\Users\Night Fury\AppData\Roaming\Python\Python38\site-packages\aiogram\dispatcher\handler.py", line 116, in notify
    response = await handler_obj.handler(*args, **partial_data)
  File "c:/Dev/FP/recipe_cocktails/bot.py", line 262, in handle_docs_photo
    output_text = get_text(input_text)
  File "c:/Dev/FP/recipe_cocktails/bot.py", line 195, in get_text
    sample_outputs_title = generate_title(keywords, sorted_tuple[0][0], kw)
IndexError: list index out of range
INFO:root:('ulyumdzhi', 49131625) is knocking to our bot
INFO:root:('ulyumdzhi', 49131625) send this text:ÁÓÏ·Ë, ÍÓÒËÌÛÒ
ERROR:asyncio:Task exception was never retrieved
future: <Task finished name='Task-193' coro=<Dispatcher._process_polling_updates() done, defined at C:\Users\Night Fury\AppData\Roaming\Python\Python38\site-packages\aiogram\dispatcher\dispatcher.py:409> exception=IndexError('list index out of range')>
Traceback (most recent call last):
  File "C:\Users\Night Fury\AppData\Roaming\Python\Python38\site-packages\aiogram\dispatcher\dispatcher.py", line 417, in _process_polling_updates
    for responses in itertools.chain.from_iterable(await self.process_updates(updates, fast)):
  File "C:\Users\Night Fury\AppData\Roaming\Python\Python38\site-packages\aiogram\dispatcher\dispatcher.py", line 238, in process_updates
    return await asyncio.gather(*tasks)
  File "C:\Users\Night Fury\AppData\Roaming\Python\Python38\site-packages\aiogram\dispatcher\handler.py", line 116, in notify
    response = await handler_obj.handler(*args, **partial_data)
  File "C:\Users\Night Fury\AppData\Roaming\Python\Python38\site-packages\aiogram\dispatcher\dispatcher.py", line 259, in process_update
    return await self.message_handlers.notify(update.message)
  File "C:\Users\Night Fury\AppData\Roaming\Python\Python38\site-packages\aiogram\dispatcher\handler.py", line 116, in notify
    response = await handler_obj.handler(*args, **partial_data)
  File "c:/Dev/FP/recipe_cocktails/bot.py", line 262, in handle_docs_photo
    output_text = get_text(input_text)
  File "c:/Dev/FP/recipe_cocktails/bot.py", line 195, in get_text
    sample_outputs_title = generate_title(keywords, sorted_tuple[0][0], kw)
IndexError: list index out of range
INFO:root:('JackDorsey', 33354399) is knocking to our bot
INFO:root:('JackDorsey', 33354399) send this text:¯ÎˇÔ‡, ÍÓÓ‚‡, Ïˇ˜
ERROR:asyncio:Task exception was never retrieved
future: <Task finished name='Task-199' coro=<Dispatcher._process_polling_updates() done, defined at C:\Users\Night Fury\AppData\Roaming\Python\Python38\site-packages\aiogram\dispatcher\dispatcher.py:409> exception=ValueError('max() arg is an empty sequence')>
Traceback (most recent call last):
  File "C:\Users\Night Fury\AppData\Roaming\Python\Python38\site-packages\aiogram\dispatcher\dispatcher.py", line 417, in _process_polling_updates
    for responses in itertools.chain.from_iterable(await self.process_updates(updates, fast)):
  File "C:\Users\Night Fury\AppData\Roaming\Python\Python38\site-packages\aiogram\dispatcher\dispatcher.py", line 238, in process_updates
    return await asyncio.gather(*tasks)
  File "C:\Users\Night Fury\AppData\Roaming\Python\Python38\site-packages\aiogram\dispatcher\handler.py", line 116, in notify
    response = await handler_obj.handler(*args, **partial_data)
  File "C:\Users\Night Fury\AppData\Roaming\Python\Python38\site-packages\aiogram\dispatcher\dispatcher.py", line 259, in process_update
    return await self.message_handlers.notify(update.message)
  File "C:\Users\Night Fury\AppData\Roaming\Python\Python38\site-packages\aiogram\dispatcher\handler.py", line 116, in notify
    response = await handler_obj.handler(*args, **partial_data)
  File "c:/Dev/FP/recipe_cocktails/bot.py", line 262, in handle_docs_photo
    output_text = get_text(input_text)
  File "c:/Dev/FP/recipe_cocktails/bot.py", line 199, in get_text
    ready_recipe = get_ready_recipe(keywords)
  File "c:/Dev/FP/recipe_cocktails/bot.py", line 174, in get_ready_recipe
    max_ready_dict = max(ready_recipe_dict.values())
ValueError: max() arg is an empty sequence
INFO:root:('ulyumdzhi', 49131625) is knocking to our bot
ERROR:asyncio:Task exception was never retrieved
future: <Task finished name='Task-205' coro=<Dispatcher._process_polling_updates() done, defined at C:\Users\Night Fury\AppData\Roaming\Python\Python38\site-packages\aiogram\dispatcher\dispatcher.py:409> exception=ValueError('max() arg is an empty sequence')>
Traceback (most recent call last):
  File "C:\Users\Night Fury\AppData\Roaming\Python\Python38\site-packages\aiogram\dispatcher\dispatcher.py", line 417, in _process_polling_updates
    for responses in itertools.chain.from_iterable(await self.process_updates(updates, fast)):
  File "C:\Users\Night Fury\AppData\Roaming\Python\Python38\site-packages\aiogram\dispatcher\dispatcher.py", line 238, in process_updates
    return await asyncio.gather(*tasks)
  File "C:\Users\Night Fury\AppData\Roaming\Python\Python38\site-packages\aiogram\dispatcher\handler.py", line 116, in notify
    response = await handler_obj.handler(*args, **partial_data)
  File "C:\Users\Night Fury\AppData\Roaming\Python\Python38\site-packages\aiogram\dispatcher\dispatcher.py", line 259, in process_update
    return await self.message_handlers.notify(update.message)
  File "C:\Users\Night Fury\AppData\Roaming\Python\Python38\site-packages\aiogram\dispatcher\handler.py", line 116, in notify
    response = await handler_obj.handler(*args, **partial_data)
  File "c:/Dev/FP/recipe_cocktails/bot.py", line 262, in handle_docs_photo
    output_text = get_text(input_text)
  File "c:/Dev/FP/recipe_cocktails/bot.py", line 199, in get_text
    ready_recipe = get_ready_recipe(keywords)
  File "c:/Dev/FP/recipe_cocktails/bot.py", line 174, in get_ready_recipe
    max_ready_dict = max(ready_recipe_dict.values())
ValueError: max() arg is an empty sequence
INFO:root:('ulyumdzhi', 49131625) is knocking to our bot
INFO:root:('ulyumdzhi', 49131625) send this text:sudo shutdown now
ERROR:asyncio:Task exception was never retrieved
future: <Task finished name='Task-228' coro=<Dispatcher._process_polling_updates() done, defined at C:\Users\Night Fury\AppData\Roaming\Python\Python38\site-packages\aiogram\dispatcher\dispatcher.py:409> exception=IndexError('list index out of range')>
Traceback (most recent call last):
  File "C:\Users\Night Fury\AppData\Roaming\Python\Python38\site-packages\aiogram\dispatcher\dispatcher.py", line 417, in _process_polling_updates
    for responses in itertools.chain.from_iterable(await self.process_updates(updates, fast)):
  File "C:\Users\Night Fury\AppData\Roaming\Python\Python38\site-packages\aiogram\dispatcher\dispatcher.py", line 238, in process_updates
    return await asyncio.gather(*tasks)
  File "C:\Users\Night Fury\AppData\Roaming\Python\Python38\site-packages\aiogram\dispatcher\handler.py", line 116, in notify
    response = await handler_obj.handler(*args, **partial_data)
  File "C:\Users\Night Fury\AppData\Roaming\Python\Python38\site-packages\aiogram\dispatcher\dispatcher.py", line 259, in process_update
    return await self.message_handlers.notify(update.message)
  File "C:\Users\Night Fury\AppData\Roaming\Python\Python38\site-packages\aiogram\dispatcher\handler.py", line 116, in notify
    response = await handler_obj.handler(*args, **partial_data)
  File "c:/Dev/FP/recipe_cocktails/bot.py", line 262, in handle_docs_photo
    output_text = get_text(input_text)
  File "c:/Dev/FP/recipe_cocktails/bot.py", line 195, in get_text
    sample_outputs_title = generate_title(keywords, sorted_tuple[0][0], kw)
IndexError: list index out of range
INFO:aiogram.dispatcher.dispatcher:Stop polling...
WARNING:aiogram:Goodbye!
INFO:aiogram:Bot: Nero Bar [@Neuro_bar_bot]
WARNING:aiogram:Updates were skipped successfully.
INFO:aiogram.dispatcher.dispatcher:Start polling.
INFO:aiogram.dispatcher.dispatcher:Stop polling...
WARNING:aiogram:Goodbye!
INFO:aiogram:Bot: Nero Bar [@Neuro_bar_bot]
WARNING:aiogram:Updates were skipped successfully.
INFO:aiogram.dispatcher.dispatcher:Start polling.
INFO:aiogram.dispatcher.dispatcher:Stop polling...
WARNING:aiogram:Goodbye!
INFO:aiogram:Bot: Nero Bar [@Neuro_bar_bot]
WARNING:aiogram:Updates were skipped successfully.
INFO:aiogram.dispatcher.dispatcher:Start polling.
INFO:aiogram.dispatcher.dispatcher:Stop polling...
WARNING:aiogram:Goodbye!
INFO:aiogram:Bot: Nero Bar [@Neuro_bar_bot]
WARNING:aiogram:Updates were skipped successfully.
INFO:aiogram.dispatcher.dispatcher:Start polling.
INFO:root:('Lyly', 382728010) is knocking to our bot
INFO:root:('Lyly', 382728010) send this text:—‡‡È
ERROR:asyncio:Task exception was never retrieved
future: <Task finished name='Task-15' coro=<Dispatcher._process_polling_updates() done, defined at C:\Users\Night Fury\AppData\Roaming\Python\Python38\site-packages\aiogram\dispatcher\dispatcher.py:409> exception=IndexError('list index out of range')>
Traceback (most recent call last):
  File "C:\Users\Night Fury\AppData\Roaming\Python\Python38\site-packages\aiogram\dispatcher\dispatcher.py", line 417, in _process_polling_updates
    for responses in itertools.chain.from_iterable(await self.process_updates(updates, fast)):
  File "C:\Users\Night Fury\AppData\Roaming\Python\Python38\site-packages\aiogram\dispatcher\dispatcher.py", line 238, in process_updates
    return await asyncio.gather(*tasks)
  File "C:\Users\Night Fury\AppData\Roaming\Python\Python38\site-packages\aiogram\dispatcher\handler.py", line 116, in notify
    response = await handler_obj.handler(*args, **partial_data)
  File "C:\Users\Night Fury\AppData\Roaming\Python\Python38\site-packages\aiogram\dispatcher\dispatcher.py", line 259, in process_update
    return await self.message_handlers.notify(update.message)
  File "C:\Users\Night Fury\AppData\Roaming\Python\Python38\site-packages\aiogram\dispatcher\handler.py", line 116, in notify
    response = await handler_obj.handler(*args, **partial_data)
  File "c:/Dev/FP/recipe_cocktails/bot.py", line 275, in handle_docs_photo
    output_text = get_text(input_text)
  File "c:/Dev/FP/recipe_cocktails/bot.py", line 207, in get_text
    sample_outputs_title = generate_title(keywords, sorted_tuple[0][0], kw)
IndexError: list index out of range
INFO:root:('Lyly', 382728010) is knocking to our bot
INFO:root:('Lyly', 382728010) send this text:—‡‡È, Í˚¯‡
ERROR:asyncio:Task exception was never retrieved
future: <Task finished name='Task-22' coro=<Dispatcher._process_polling_updates() done, defined at C:\Users\Night Fury\AppData\Roaming\Python\Python38\site-packages\aiogram\dispatcher\dispatcher.py:409> exception=AttributeError("'list' object has no attribute 'intersection'")>
Traceback (most recent call last):
  File "C:\Users\Night Fury\AppData\Roaming\Python\Python38\site-packages\aiogram\dispatcher\dispatcher.py", line 417, in _process_polling_updates
    for responses in itertools.chain.from_iterable(await self.process_updates(updates, fast)):
  File "C:\Users\Night Fury\AppData\Roaming\Python\Python38\site-packages\aiogram\dispatcher\dispatcher.py", line 238, in process_updates
    return await asyncio.gather(*tasks)
  File "C:\Users\Night Fury\AppData\Roaming\Python\Python38\site-packages\aiogram\dispatcher\handler.py", line 116, in notify
    response = await handler_obj.handler(*args, **partial_data)
  File "C:\Users\Night Fury\AppData\Roaming\Python\Python38\site-packages\aiogram\dispatcher\dispatcher.py", line 259, in process_update
    return await self.message_handlers.notify(update.message)
  File "C:\Users\Night Fury\AppData\Roaming\Python\Python38\site-packages\aiogram\dispatcher\handler.py", line 116, in notify
    response = await handler_obj.handler(*args, **partial_data)
  File "c:/Dev/FP/recipe_cocktails/bot.py", line 275, in handle_docs_photo
    output_text = get_text(input_text)
  File "c:/Dev/FP/recipe_cocktails/bot.py", line 211, in get_text
    ready_recipe = get_ready_recipe(keywords)
  File "c:/Dev/FP/recipe_cocktails/bot.py", line 172, in get_ready_recipe
    c = unqiue_ingredients.intersection(keywords)
AttributeError: 'list' object has no attribute 'intersection'
INFO:aiogram.dispatcher.dispatcher:Stop polling...
WARNING:aiogram:Goodbye!
INFO:aiogram:Bot: Nero Bar [@Neuro_bar_bot]
WARNING:aiogram:Updates were skipped successfully.
INFO:aiogram.dispatcher.dispatcher:Start polling.
INFO:root:('Lyly', 382728010) is knocking to our bot
INFO:root:('Lyly', 382728010) send this text:—‡‡È, Í˚¯‡
INFO:root:('Lyly', 382728010) is knocking to our bot
INFO:root:('Lyly', 382728010) send this text:—‡‡È, ÎËÏÓÌ
INFO:root:('Lyly', 382728010) is knocking to our bot
INFO:root:('Lyly', 382728010) send this text:—‡‡È, ÍÎÛ·ÌËÍ‡
INFO:aiogram.dispatcher.dispatcher:Stop polling...
WARNING:aiogram:Goodbye!
INFO:aiogram:Bot: Nero Bar [@Neuro_bar_bot]
WARNING:aiogram:Updates were skipped successfully.
INFO:aiogram.dispatcher.dispatcher:Start polling.
INFO:root:('Lyly', 382728010) is knocking to our bot
INFO:root:('Lyly', 382728010) send this text:ÀËÏÓÌ, ‚Ó‰Í‡
INFO:aiogram.dispatcher.dispatcher:Stop polling...
WARNING:aiogram:Goodbye!
INFO:aiogram:Bot: Nero Bar [@Neuro_bar_bot]
WARNING:aiogram:Updates were skipped successfully.
INFO:aiogram.dispatcher.dispatcher:Start polling.
INFO:root:('Lyly', 382728010) is knocking to our bot
INFO:root:('Lyly', 382728010) send this text:¬Ó‰Í‡, ‚Ó‰Ô
INFO:aiogram.dispatcher.dispatcher:Stop polling...
WARNING:aiogram:Goodbye!
INFO:aiogram:Bot: Nero Bar [@Neuro_bar_bot]
WARNING:aiogram:Updates were skipped successfully.
INFO:aiogram.dispatcher.dispatcher:Start polling.
INFO:root:('Lyly', 382728010) is knocking to our bot
INFO:root:('Lyly', 382728010) send this text:¬Ó‰‡, ‚Ó‰Í‡
ERROR:asyncio:Task exception was never retrieved
future: <Task finished name='Task-9' coro=<Dispatcher._process_polling_updates() done, defined at C:\Users\Night Fury\AppData\Roaming\Python\Python38\site-packages\aiogram\dispatcher\dispatcher.py:409> exception=TypeError('can only concatenate str (not "set") to str')>
Traceback (most recent call last):
  File "C:\Users\Night Fury\AppData\Roaming\Python\Python38\site-packages\aiogram\dispatcher\dispatcher.py", line 417, in _process_polling_updates
    for responses in itertools.chain.from_iterable(await self.process_updates(updates, fast)):
  File "C:\Users\Night Fury\AppData\Roaming\Python\Python38\site-packages\aiogram\dispatcher\dispatcher.py", line 238, in process_updates
    return await asyncio.gather(*tasks)
  File "C:\Users\Night Fury\AppData\Roaming\Python\Python38\site-packages\aiogram\dispatcher\handler.py", line 116, in notify
    response = await handler_obj.handler(*args, **partial_data)
  File "C:\Users\Night Fury\AppData\Roaming\Python\Python38\site-packages\aiogram\dispatcher\dispatcher.py", line 259, in process_update
    return await self.message_handlers.notify(update.message)
  File "C:\Users\Night Fury\AppData\Roaming\Python\Python38\site-packages\aiogram\dispatcher\handler.py", line 116, in notify
    response = await handler_obj.handler(*args, **partial_data)
  File "c:/Dev/FP/recipe_cocktails/bot.py", line 278, in handle_docs_photo
    output_text = get_text(input_text)
  File "c:/Dev/FP/recipe_cocktails/bot.py", line 213, in get_text
    ready_recipe = get_ready_recipe(keywords)
  File "c:/Dev/FP/recipe_cocktails/bot.py", line 172, in get_ready_recipe
    print('keywords = ' + keywords)
TypeError: can only concatenate str (not "set") to str
INFO:aiogram.dispatcher.dispatcher:Stop polling...
WARNING:aiogram:Goodbye!
INFO:aiogram:Bot: Nero Bar [@Neuro_bar_bot]
WARNING:aiogram:Updates were skipped successfully.
INFO:aiogram.dispatcher.dispatcher:Start polling.
INFO:root:('Lyly', 382728010) is knocking to our bot
INFO:root:('Lyly', 382728010) send this text:¬Ó‰‡, ‚Ó‰Í‡
INFO:root: ¬ÓÚ keywords ‚Ó‰Í‡, ¬Ó‰‡
INFO:root: ¬ÓÚ unqiue_ingredients Â„ÂÏÂÈÒÚÂ, ¯‡ÚÂÁ ·ËÚÚÂ, Ô˛Â Í‡ÒÌÓÈ ÒÏÓÓ‰ËÌ˚, ÔËÍÓÌ, ÓÁÓ‚˚È ÎËÏÓÌ‡‰, ÎË˜Ë, ÎÂˆËÚËÌ, ÒÛ¯ÂÌ‡ˇ Ï‡ÎËÌ‡, ÒÂÎ¸‰ÂÂÈ, Ï‡ÎËÌÓ‚˚È ÒËÓÔ, ÍÓÍÓÒÓ‚ÓÂ ÏÓÓÊÂÌÓÂ, Í˚ÊÓ‚ÌËÍÓ‚˚È ‰ÊÂÏ, Ò‡ı‡Ì‡ˇ ÔÛ‰‡, ÍÎÛ·ÌË˜Ì˚È ÒËÓÔ, Ó‚Ó˘Ì˚Â ˜ËÔÒ˚, ‚ˇÎÂÌÓÂ ÏˇÒÓ c ÏÂ‰ÓÏ ‡Í‡ˆËË, Î‡ÈÏÓ‚˚Â ÎËÒÚ¸ˇ, ÍÛÌÊÛÚ, ‰˚Ìˇ, ÚÓÌËÍ, ˝‚Í‡ÎËÔÚÓ‚‡ˇ ÚËÌÍÚÛ‡, ‰ÓÏ‡¯ÌËÈ ‰ÊËÌ Ì‡ Ï‡Ì‰‡ËÌÓ‚˚ı ÍÓÍ‡ı, ·Â„‡ÏÓÚ ·ËÚÚÂ, Ê‡ÌÓÈ ‚ËÒÍË, ıÂÂÒ ÔÂ‰Ó ıËÏÂÌÂÒ, Ó‰ÌÓÒÓÎÓ‰Ó‚˚È ‚ËÒÍË ÒÓÒÚÓ‚‡ ‡ÈÎ‡, ‰ÓÏ‡¯ÌËÈ ‰ÊËÌ Ì‡ ÛÎÛÌÂ, ÍÓÍÓÒ, ÍË‚Ë, ·ÛÒÌËÍ‡, ˛ÊÌ˚È ÍÓÏÙÓÚ, ÓÁÓ‚‡ˇ ‚Ó‰‡, ÒÓÍ ‡ÎÓ˝, ‰ÓÏ‡¯ÌËÈ ÒËÓÔ ÍÓÎ‡, ·ÂÎ˚È ÓÏ, ÊÂÎÚÓÍ ÔÂÂÔÂÎËÌÓ„Ó ˇÈˆ‡, ‰ÓÏ‡¯ÌËÈ ÒËÓÔ ÏˇÚÌ‡ˇ ÍÓÎ‡, ÍÓÌÒÂ‚ËÓ‚‡ÌÌ˚È ÔÂÒËÍ, ‰ÓÏ‡¯ÌËÈ ‚‡ÌËÎ¸Ì˚È ÏÂÒÍ‡Î¸, ‰ÓÏ‡¯ÌËÈ Ó·Ó„‡˘ÂÌÌ˚È Ï‡ÒÎÓÏ ÍÓÍÓÒ‡ ÓÏ, Ô‡ıÎ‡‚‡, ‰ÓÏ‡¯ÌËÈ ‚Ë¯ÌÂ‚˚È ÎËÍÂ, „ÂÈÔÙÛÚÓ‚˚È ÎËÍÂ, ‰ÓÏ‡¯Ìˇˇ ‚Ó‰Í‡ Ì‡ ¯ËÒÓ Ë ÍÓÏ·Û, ÒÔ‡ÈÚ, ÏÓÎÓÚ‡ˇ ÍÓËˆ‡, ‰ÓÏ‡¯ÌËÈ Í‡Í‡Ó ÎËÍÂ Ì‡ Í‡ÙËÎ‡ÈÏÂ, ÒÓÂ‚‡ˇ ÏÛÍ‡, ‰ÓÏ‡¯ÌËÈ ÒËÓÔ Ï‡‡ÍÛÈË Ò ÍÓË‡Ì‰ÓÏ, ‰ÓÏ‡¯ÌËÈ ·ÂÎ˚È ‚ÂÏÛÚ Ì‡ ıÏÂÎÂ, ‰ÓÏ‡¯Ìˇˇ ‚Ó‰Í‡ Ì‡ ÒÓÛÒÂ ‚Ó˜ÂÒÚÂ, ÍÓÍÓÒÓ‚‡ˇ ‚Ó‰‡, ·ÂÎÓÍ ÔÂÂÔÂÎËÌÓ„Ó ˇÈˆ‡, ·‡Ì‡ÌÓ‚˚È ÎËÍÂ ÁÂÎÂÌ˚È, ˇ·ÎÓ˜Ì˚È ÒÓÍ, Í‡ÔÂÒ˚, Ï‡ÎËÌ‡, ‰‡Ï·ÛË, ·ÂıÂÓ‚Í‡, Ò˚ Ò‡ÎÂÒ, ‰ÓÏ‡¯ÌËÈ Ó·Ó„‡˘ÂÌÌ˚È Ï‡ÒÎÓÏ Ë ·Ó·‡ÏË ÚÓÌÍ‡ ÍÓÌ¸ˇÍ, Ô¯ÂÌË˜Ì˚È ıÎÂ·, Ô˛Â Ï‡‡ÍÛÈË, ‰ÓÏ‡¯ÌËÈ ·ËÚÚÂ ÏËÎ‡ÌÓ, „Û¯‡, ¯ËÒÓ, Ï‡Ì‰‡ËÌÓ‚˚È ÒËÓÔ, Â‰¸Í‡, Ì‡ÒÚÓÈÍ‡ Ò‡ÓÏ‡ÚÓÏ ·‡·ÂÍ˛, ‡ÔÂÎ¸ÒËÌÓ‚˚È ÒÓÍ, ıÓÎÓ‰Ì˚È ÁÂÎÂÌ˚È ˜‡È, ‚‡ÌËÎ¸Ì˚È ÒËÓÔ, ÓÁÏ‡ËÌ, ‰ÓÏ‡¯Ìˇˇ ÔÂÂ˜Ì‡ˇ ‚Ó‰Í‡, ‚Â‰ÊÛÒ, Ï‡ÎËÌÓ‚ÓÂ ÏÓÓÊÂÌÓÂ, ‰ÓÏ‡¯Ìˇˇ ÌÛÚÓ‚‡ˇ ‚Ó‰‡, ÍËÚ‡ÈÒÍËÈ ÔÂÂˆ ÏÓÎÓÚ˚È, ‚‡ÌËÎ¸ÌÓÂ ÏÓÓÊÂÌÓÂ, ‰ÓÏ‡¯ÌËÈ ÛÎÛÌÓ‚˚È ÍÓ‰Ë‡Î, ÚÂÏÌÓÂ ÔË‚Ó, ÍÓÔ˜ÂÌ‡ˇ ÒÓÎ¸, ÍÓÙÂÈÌ˚È ÒËÓÔ, ÂÊÂ‚ËÍ‡, ‚Ó˜ÂÒÚÂ ÒÓÛÒ, ÒÛ¯ÂÌ˚È ÙËÌËÍ, ÒÂÏÂÌ‡ ÙÂÌıÂÎˇ, ‚˚‰ÂÊ‡ÌÌ˚È ÓÏ, Î‡ÈÏÓ‚˚È ÍÓ‰Ë‡Î, ‰ÓÏ‡¯ÌËÈ ‰˚ÌÌ˚È ÏËÍÒ, ¯Ë¯Í‡, Î‡ÍË˜Ì˚È ·ËÚÚÂ, ÒÓÂ‚˚È ÒÓÛÒ, ÍÎÛ·ÌË˜ÌÓÂ Ô˛Â, ÍÓÔ˜ÂÌ˚È ˜‡È, ‰ÓÏ‡¯Ìˇˇ Ó·Ó„‡˘ÂÌÌ‡ˇ Ï‡ÒÎÓÏ Í‡Í‡Ó ÁÛ·Ó‚Í‡, ‚‡ÌËÎ¸ ‚ ÒÚÛ˜Í‡ı, ÎËÍÂ 43, ÍÓÙÂ ‚ ÁÂÌ‡ı, ‰ÓÏ‡¯ÌËÈ ÏÂ‰Ó‚ÓËÏ·ËÌ˚È ÒËÓÔ, ‰ÓÏ‡¯ÌËÈ ˇ„Ó‰Ì˚È ˜‡ÚÌË, ¯ËÔÓ‚ÌËÍ, ÎËÏÓÌÌ˚È ·ËÚÚÂ, ‰ÓÏ‡¯Ìˇˇ ÔÂÂ˜Ì‡ˇ ÚÂÍËÎ‡, ·ËÒÍ‚ËÚ, ÍÓÍÓÒÓ‚˚È ÓÏ, ËÏ·ËÌ˚È ÒËÓÔ, ÒÛ¯ÂÌ˚È ‡Ì‡Ì‡Ò, ‰‡·Î ‡È ‚ËÒÍË, Ï‡ÚÚˇ, ÎËÍÂ „ÓÎÛ·ËÍË, ˆËÚÛÒÓ‚˚È ·ËÚÚÂ, ÒËÓÔ ÏˇÚÌ˚È ÏÓıËÚÓ, ËÚ‡ÎËÍÛÒ, ÒÂÎ¸‰ÂÂÂ‚‡ˇ ÒÓÎ¸, ·ËÚÚÂ ‡ÙÓ‰ËÚ‡, ÁÓÎÓÚ‡ˇ ÚÂÍËÎ‡, ·ÂÎ˚È ‚ËÌÌ˚È ÛÍÒÛÒ, ÓÏ‡¯ÍÓ‚˚È ˜‡È ‚ Ô‡ÍÂÚËÍ‡ı, Ò„Û˘ÂÌÌÓÂ ÏÓÎÓÍÓ, Ô˛Â Ï‡Ì„Ó, ˆ‚ÂÚÓÍ Í‡ÌË‚Ó‡, ÓıË‰Âˇ, ‚Ó‰Í‡, „‚ÓÁ‰ËÍ‡, ÎÂ‰ÂÌˆ˚, ÏËÌ‰‡Î¸Ì˚È ÒËÓÔ, ÔÂÂˆ ˜ËÎË, ÒÓÍ Ï‡‡ÍÛÈË, ÔÂÒËÍÓ‚˚È ÒÓÍ, Í‡‡Ï·ÓÎ‡, ÙËÒÚ‡¯ÍÓ‚˚È ÒËÓÔ, ÒÓÍ Ô‡Ô‡ÈË, ‰ÓÏ‡¯ÌËÈ ÍÓ‰Ë‡Î ÏÓ‰ÂÌ‡, ÒËÓÔ ‡„‡‚˚, ÎËÍÂ ÔËÏÂÌÚÓ ‰‡Ï, ‡ÏÂËÍ‡ÌÒÍËÈ ‚ËÒÍË, ÒÓÎˇÌ‡ˇ ÚËÌÍÚÛ‡, ÓÏ‡¯ÍÓ‚˚È ˜‡È, ‰ÓÏ‡¯ÌËÈ ‚ÂÏÛÚ Ò Í˚ÊÓ‚ÌËÍÓÏ, ÊËÌ˚Â ÒÎË‚ÍË, ÎÓÌ‰ÓÌÒÍËÈ ÒÛıÓÈ ‰ÊËÌ, ıÂÂÒ ÓÎÓÓÒÓ, ‰ÓÏ‡¯ÌËÈ ÍÎÛ·ÌË˜Ì˚È ¯‡·, Ï‡Ì‰‡ËÌÓ‚˚È ÒÓÍ, ÒÛıÓÈ ÎÂ‰, ‰ÓÏ‡¯Ìˇˇ ÒÓ‰Ó‚‡ˇ Ì‡ Ò˚‚ÓÓÚÍÂ Ò ·‡Ì‡ÌÓÏ, ÔÂÒËÍÓ‚˚È ·ËÚÚÂ, ˇ·ÎÓ˜Ì˚È ÎËÍÂ ÁÂÎÂÌ˚È, ‰ÊÂË ÚÓÏ‡Ò ·ËÚÚÂ, ‰ÓÏ‡¯ÌËÈ ‰ÊËÌ Ì‡ ÍÎËÚÓËË, ÈÓ„ÛÚ, ‚Ë¯ÌÂ‚˚È ÎËÍÂ, ÒÚÛ˜ÍË „ÓÓı‡, ÏËËÌ, Ò‚ÂÊÂÏÓÓÊÂÌ‡ˇ ÍÎÛ·ÌËÍ‡, ‰ÓÏ‡¯Ìˇˇ ‚Ó‰Í‡ Ò ÍÓË‡Ì‰ÓÏ, ÂÊÂ‚Ë˜Ì˚È ÎËÍÂ, Ò‡ı‡ ‚ ÍÛ·ËÍ‡ı, ÒÓÍ Í‚‡¯ÂÌÓÈ Í‡ÔÛÒÚ˚, Â‚ÂÌÂ‚˚È ÎËÍÂ, Í‡¯‡Ò‡, ·ËÚÚÂ ËÁÎÓÔÛı‡, ÎÂ‰ˇÌ‡ˇ ÒÙÂ‡, ÚËÔÎ ÒÂÍ, ÛÒÚËˆ‡, ˜ÂÌÓÒÏÓÓ‰ËÌÓ‚˚È ÒËÓÔ, ÎËÍÂ Ù‡ÎÂÌÛÏ, ÎËÍÂ ÎË˜Ë, Ú‡Ú‡ÎÂÚÍ‡, ÎËÏÓÌ‡‰ ‰˛¯ÂÒ, ·ËÚÚÂ ÎÂÏÓÌ, ¯ÓÍÓÎ‡‰Ì˚È ·ËÚÚÂ, ÌÂÊËÌ˚Â ÒÎË‚ÍË, Í‡ÒÌ˚È ÔÂÂˆ ÏÓÎÓÚ˚È, ÔË¯Ó ·ËÚÚÂ, ‡‚ÓÍ‡‰Ó, ‰ÓÏ‡¯ÌËÈ ˝ÎËÍÒË Ô‡ıÎ‡‚˚, ·‡Ì‡ÌÓ‚˚È ÎËÍÂ ÊÂÎÚ˚È, Â‚ÂÌ¸, ÔÂÒËÍÓ‚˚È ÒËÓÔ, ˇ·ÎÓÍÓ, „‡Î¸ˇÌÓ Îí‡ÛÚÂÌÚËÍÓ, ‰ÓÏ‡¯ÌËÈ ÒÂÎ¸‰ÂÂÂ‚˚È ÒËÓÔ, ·‡Ì‡ÌÓ‚˚È ÒËÓÔ ÊÂÎÚ˚È, ÛÍÍÓÎ‡, ÔÓÚ‚ÂÈÌ ·‡ÌÍÓ, ‚‡ÙÂÎ¸Ì˚È ÓÊÓÍ, ÏÂ‰Ó‚˚È ÎËÍÂ, Í‡‡ÏÂÎ¸Ì˚È ÒËÓÔ, ‰ÓÏ‡¯ÌËÈ Í‡‰‡ÏÓÌÓ‚˚È ·ËÚÚÂ, ‚‡ÌËÎ¸Ì˚È Ò‡ı‡Ì˚È ÔÂÒÓÍ, ÎËÍÂ ÔÂˆ‡ ‡Ì˜Ó, ‰ÓÏ‡¯ÌËÈ ÒÓÒÌÓ‚ÓÏÂ‰Ó‚˚È ÒËÓÔ, ‡‡ıËÒÓ‚‡ˇ Ô‡ÒÚ‡, Ô‡ÏÂÁ‡Ì, ‡Ì‡Ì‡Ò, Ô¯ÂÌË˜Ì˚È ÍÓÎÓÒ, ‰ÓÏ‡¯ÌËÈ ‰ÊËÌ Ì‡ „Ë·ËÒÍÛÒÂ Ë ÔˇÌÓÒÚˇı, ‡Ì‡Ì‡ÒÓ‚˚È ÓÏ, ¯ÓÍÓÎ‡‰Ì˚È ÒÓÛÒ, ÒÓÍ ÎË˜Ë, ‰ÓÏ‡¯Ìˇˇ ÚÓÏ‡ÚÌ‡ˇ ‚Ó‰‡, ‰ÓÏ‡¯ÌËÈ ÍÎÛ·ÌË˜ÌÓ·‡ÁËÎËÍÓ‚˚È ¯‡·, ‡ÔÂÎ¸ÒËÌ, ÒÛıËÂ ˆ‚ÂÚÍË ‰Îˇ ˜‡ˇ, ÁÂÎÂÌ˚È ‚ËÌÓ„‡‰, ˜‡È ÒÂÌ˜‡, ÛÏ‡ÏË ·ËÚÚÂ, ÙÂÌıÂÎÂ‚˚È ·ËÚÚÂ, Ò‡ÍÂ, ÚÂÌÓ‚˚È ‰ÊËÌ, ˇÔÓÌÒÍËÈ ‚ËÒÍË, ‚Ó‰‡ ·ÂÁ „‡Á‡, Í‡ÚÓÙÂÎ¸, ‰ÓÏ‡¯Ìˇˇ Î‡‚‡Ì‰Ó‚‡ˇ ‚Ó‰Í‡, ÒÛ¯ÂÌ˚È ËÌÊË, Î‡ÏËÌ‡Ëˇ, ·ÂÎÓÂ ‚ËÌÓ ÒÛıÓÂ, ÒÚÂ„‡, Ï‡Ì„Ó, ÒÎË‚Ó‚˚È ·ËÚÚÂ, ‡Ì‡Ì‡ÒÓ‚˚È ÒÓÍ, Á‡Ò‡ı‡ÂÌÌ˚È ËÏ·Ë¸, ÙÂÌÂÚ ·‡ÌÍ‡, „‚ÓÁ‰Ë˜Ì˚È ·ËÚÚÂ, ÒËÓÔ ÓÁ˚, ˜ÂÌÓÒÏÓÓ‰ËÌÓ‚‡ˇ ‚Ó‰Í‡, ‰ÓÏ‡¯ÌËÈ Í‡Í‡Ó ‰ËÒÚËÎÎˇÚ, ÒÓÎÂÓÒ, Î‡‚‡Ì‰Ó‚˚È ·ËÚÚÂ, ‰ÓÏ‡¯ÌËÈ ˇ·ÎÓ˜ÌÓÂ‚ÂÌÂ‚˚È ÍÂÚ˜ÛÔ, ÍÓÙÂ ˝ÒÔÂÒÒÓ, Í‡ÒÌÓÂ ‚ËÌÓ ÒÛıÓÂ, ‰ÓÏ‡¯ÌËÈ ‰ÊËÌ Ì‡ Ú‡ıËÌË, ÚÓÏ‡Ú ˜ÂË, ÔÂÒËÍ, ÏÂÒÍ‡Î¸, ‚‡ÌËÎ¸Ì˚È ÍÂÏ, ‰ÓÏ‡¯Ìˇˇ "ÒÏÂÚÂÎ¸Ì‡ˇ" ÒÓ‰Ó‚‡ˇ, ‡ı‡ÚÎÛÍÛÏ, Ú‡Ï‡ËÌ‰Ó‚˚È ÒÓÛÒ, ˜ÂÌ‡ˇ ÒÏÓÓ‰ËÌ‡, ‰ÓÏ‡¯ÌËÈ ·Û·ÓÌ Ì‡ ·Ó·‡ı ÚÓÌÍ‡, ÔËÒÍÓ, ‰ÓÏ‡¯ÌËÈ Î‡‚‡Ì‰Ó‚˚È ‰ÊËÌ, Í‡‡ÏÂÎ¸Ì˚È ÔÓÔÍÓÌ, ÍÓËˆ‡ ‚ Ô‡ÎÓ˜Í‡ı, ÔÂ˜ÂÌ¸Â, Í‡Î¸‚‡‰ÓÒ, „ÓÎÛ·Ë˜Ì˚È ‰ÊÂÏ, ‰ÓÏ‡¯Ìˇˇ ÔˇÌ‡ˇ ‚Ó‰Í‡, ÎËÎÎÂ ·Î‡Ì, ‡Ì‡Ì‡ÒÓ‚ÓÂ Ô˛Â, ÓÂıÓ‚˚È ÎËÍÂ, ÔÓÚ‚ÂÈÌ Û·Ë, ‡Ì„ÓÒÚÛ‡ ·ËÚÚÂ, ÒËÓÔ Ï‡¯Ï˝ÎÎÓÛ, ‰ÓÏ‡¯ÌËÈ ·Û·ÓÌ Ì‡ Ï‡Ò‡ÎÂ, ÔÂÍ‡Ì, ‰ÓÏ‡¯ÌËÈ ÒËÓÔ Ù‡ÎÂÌÛÏ, ÂÊÂ‚Ë˜Ì˚È ÒËÓÔ, ÍÓÂÌ¸ ÙÂÌıÂÎˇ, ıÂÌ, ÁÂÎÂÌ˚È ¯‡ÚÂÁ, ÍÎÛ·ÌË˜ÌÓÂ ÏÓÓÊÂÌÓÂ, ËÎ‡Ì‰ÒÍËÈ ‚ËÒÍË, ÓÏ‡¯ÍÓ‚˚È ÎËÍÂ, ‚Ó‰‡ ËÁ ˆ‚ÂÚÍÓ‚ ‡ÔÂÎ¸ÒËÌ‡, ËÏ·ËÌÓÂ ÔË‚Ó, ÒÓ‰ÊÛ, ˘‡‚ÂÎ¸, ÍÎ˛Í‚ÂÌÌ˚È ÒÓÍ, ı‡Î‡ÔÂÌ¸Ó, „‡Ì‡Ú, ˇ·ÎÓ˜Ì˚È ÒÓ·ÂÚ, „ÂÈÔÙÛÚÓ‚‡ˇ ‚Ó‰Í‡, ‡·ÒÂÌÚ, ‚ÂÂÒÍÓ‚˚È ˜‡È, ÎËÎÎÂ ÛÊ, ·‡‰¸ˇÌ, ‰ÓÏ‡¯ÌËÈ ÍÓÙÂÈÌ˚È ‚ÂÏÛÚ, „‡ÔÔ‡, ‡‡Í ·‡Ú‡‚Ëˇ, ÍÓÎ‡, „ÂÈÔÙÛÚ, „Û¯Â‚˚È ÎËÍÂ, ÙÂÈıÓ‡, ˇ·ÎÓ˜Ì˚È ÛÍÒÛÒ, ‰ÓÏ‡¯Ìˇˇ ‚Ó‰Í‡ Ì‡ Ù‡Î‡ÙÂÎÂ, ‚Ë¯ÌÂ‚˚È ÒËÓÔ, ‰ÓÏ‡¯ÌËÈ ‰ÊËÌ Ì‡ ˝Î „ÂÂ, ÒËÓÔ ¯ÓÍÓÎ‡‰ÌÓÂ ÔÂ˜ÂÌ¸Â, Ó·Ó„‡˘ÂÌÌ˚È Ï‡ÒÎÓÏ „ıË ‰‡ÏÒÓÎ, „ÂÌÚË‡Ì‡ ·ËÚÚÂ, ÒËÓÔ ÎËÏÓÌÌËÍ‡, ‡·ËÍÓÒÓ‚˚È ‰ÊÂÏ, ¯ÓÚÎ‡Ì‰ÒÍËÈ ‚ËÒÍË, ÒËÓÔ „Ë·ËÒÍÛÒ‡, ‰ÓÏ‡¯ÌËÈ ¯ÓÍÓÎ‡‰Ì˚È ‚ÂÏÛÚ, ÎËÍÂ ‡Ï‡ÂÚÚÓ, ‰ÓÏ‡¯ÌËÈ ÙÛÍÚÓ‚˚È ÓÏ, „ÂÈÔÙÛÚÓ‚˚È ÒÓÍ, „ÂˆÍËÈ ÓÂı, ÍÓÍÓÒÓ‚˚È ÎËÍÂ, ÔÂÒËÍÓ‚˚È ÎËÍÂ, ‰ÓÏ‡¯Ìˇˇ Ï‡ÍÓ‚‡ˇ ‚Ó‰Í‡, ‰ÓÏ‡¯ÌËÈ ·‡Ì‡ÌÓ‚˚È ‰ÊËÌ, ÍÎÛ·ÌËÍ‡, ¯‡ÎÙÂÈ, ‰ÓÏ‡¯ÌËÈ „ÂÈÔÙÛÚÓ‚ÓÛÍÓÔÌ˚È ÍÓ‰Ë‡Î, ÒÓÎ¸, ‰˚ÌÌ˚È ÎËÍÂ, ÔË˘Â‚ÓÂ ÒÛÒ‡Î¸ÌÓÂ ÁÓÎÓÚÓ, Í‡ÎËÌ‡, ÎËÏÓÌ, Í‡ÒÌ‡ˇ ÒÏÓÓ‰ËÌ‡, ‰ÓÏ‡¯ÌËÈ ÓÏÓ‚˚È ÏËÍÒ, ‚‡ÙÎˇ, ˜ËÌ‡, ıÂÂÒ Ï‡ÌÁ‡ÌËÎ¸ˇ, Ó·ÎÂÔËıÓ‚˚È ÒÓÍ, Ó·ÎÂÔËıÓ‚˚È ‰ÊÂÏ, ‚˚‰ÂÊ‡ÌÌ˚È ÍÓÌ¸ˇÍ, ÎËÏÓÌÌ˚È ÒÓÍ, ÒÓÎÂÌ˚È Ó„ÛÂˆ, ÔˇÌ˚È ÓÏ, ÍÓÍÓÒÓ‚ÓÂ Ô˛Â, ˝ÒÚ‡„ÓÌ, ˝ÌÂ„ÂÚËÍ, ÓÁÓ‚‡ˇ ÒÓÎ¸, ÎËÍÂ ËÁ ˆ‚ÂÚÍÓ‚ ·ÛÁËÌ˚, ÒËÚÂ˜ÍÓ, ·ÂÎÓÂ ‚ËÌÓ ‰ÂÒÂÚÌÓÂ, ˇË˜Ì˚È ÎËÍÂ, ÔÂÂˆ „ÓÓ¯ÍÓÏ, ÒËÓÔ Î‡‚‡Ì‰˚, ‰ÓÏ‡¯ÌËÈ ÒËÓÔ "Ô¸ˇÌ‡ˇ ‚Ë¯Ìˇ", ‡·ÛÁÌ˚È ÒÓÍ, ÒÓÍ Ï‡Ì„Ó, Â‚ÂÌÂ‚˚È ·ËÚÚÂ, ÎËÍÂ Ï‡‡ÒÍËÌÓ, ËÌÊËÌ˚È ‰ÊÂÏ, ˜ËÔÓÚÎÂ, Ï‡ËÌÓ‚‡ÌÌ˚È ÎÛÍ, ÔˇÌ˚È ÒËÓÔ, ÚËÏ¸ˇÌ, ÍÎÂÌÓ‚˚È ÒËÓÔ, ‰ÓÏ‡¯ÌËÈ ‡ÔÂÎ¸ÒËÌÓ‚˚È ÒËÓÔ Ò ıÂÌÓÏ, „ÂÌ‡‰ËÌ, ‰ÓÏ‡¯Ìˇˇ ¯‡ÎÙÂÈÌ‡ˇ ‚Ó‰‡, Î‡ÈÏ, ‚˚‰ÂÊ‡ÌÌ˚È ˜ËÒÚ˚È ‚ËÒÍË, ‰ÓÏ‡¯ÌËÈ ‚‡ÌËÎ¸Ì˚È ‚ËÒÍË, ˆ‚ÂÚ˚ ÙË‡ÎÍË, ·‡Î¸Á‡ÏË˜ÂÒÍËÈ ÛÍÒÛÒ, Á‡Ò‡ı‡ÂÌÌ˚È ÍÛÏÍ‚‡Ú, ÓÒÚÍË „ÓÓı‡ ÒÔËÔ‡‚‡ÏË, Î‡‚‡Ì‰‡, ÍÎ˛Í‚‡, ‚Ë¯Ìˇ, ÎÂ‰ ‚ ÍÛ·ËÍ‡ı, ‰ÓÏ‡¯ÌËÈ ‚Ë¯ÌÂ‚˚È ÓÏ, ÏÂ‰Ó‚˚È ÛÍÒÛÒ, ‡·ÛÁ, „Û¯Â‚˚È ·ÂÌ‰Ë, Í‡˜ËÏ, ‰˝‰ ˝··ËÚ ÓËÌÓÍÓ ·ËÚÚÂ, ‡·ËÍÓÒÓ‚˚È ÎËÍÂ, ‰˛·ÓÌÌÂ, Ï‡ÏÂÎ‡‰, ÁÂÎÂÌ˚È ˜‡È ÎËÒÚÓ‚ÓÈ, ËÁ˛Ï, ÔËÚ‡Èˇ, Ï‡Ì‰‡ËÌÓ‚˚È ÎËÍÂ, ‰ÓÏ‡¯ÌËÈ ·‡Ì‡ÌÓ‚˚È ‚ËÒÍË, ‡ÔÂÓÎ¸, ÔÓÚ‚ÂÈÌ Î·‚, Ó„ÛÂˆ, ˜‡È ÎÓÚÓÒÓ‚˚È ÛÎÛÌ, ‰ÓÏ‡¯ÌËÈ ıÓÎÓ‰Ì˚È ¯ÓÍÓÎ‡‰, ÙË‡ÎÍÓ‚˚È ÎËÍÂ, ÓÂ„‡ÌÓ, ÒËÌÂ„ÓÎÓ‚ÌËÍ, ıÂÂÒ ÙËÌÓ, ÊÂÎ‡ÚËÌ, Î‡ÈÏÓ‚˚È ÒÓÍ, ‰ÓÏ‡¯ÌËÈ Ï‡ÚËÌÂÁ, ‰ÓÏ‡¯ÌËÈ ıËÌËÌÓ‚˚È ÎËÍÂ Ò ‡Ì‡Ì‡ÒÓÏ, ˆ‚ÂÚ˚ ˇ·ÎÓÌË, ÏËÌ‰‡Î¸Ì‡ˇ Ô‡ÒÚ‡, ÒÓÍ ËÁ ÎËÏÓÌÓ‚ „ËÎ¸, ‰ÓÏ‡¯ÌËÈ Í‡ÒÌ˚È ‚ÂÏÛÚ Ò ÔÂÍ‡ÌÓÏ, ÏˇÚÌ˚È ÎËÍÂ ÁÂÎÂÌ˚È, ÒËÓÔ ÍÓËˆ˚, ˜ÂÌÓÒÏÓÓ‰ËÌÓ‚˚È ÎËÍÂ, Ò‡ı‡Ì˚È ÒËÓÔ, ÔÂÒËÍÓ‚ÓÂ Ô˛Â, ÔÂÂÔÂÎËÌÓÂ ˇÈˆÓ, ·‡Î¸Á‡ÏË˜ÂÒÍËÈ ÍÂÏ, ÚÓÒÚÌËÍÓ‚˚È Ò‡ı‡ ‚ ÍÛ·ËÍ‡ı, ÍÓÍÓÒÓ‚˚È ÍÂÏ, ÒÚÛÊÍ‡ Ò‡ÓÏ‡ÚÓÏ ¯ÓÍÓÎ‡‰‡, ÎËÍÂ Ï‡Ì„Ó, ÎËÍÂ ÍÓËˆ˚, ‚˚‰ÂÊ‡ÌÌ˚È ·Û·ÓÌ, ‚Á·ËÚ˚Â ÒÎË‚ÍË, ÒÔËÛÎËÌ‡, ˜ÂÌ‡ˇ ÒÓÎ¸, ÍÛÏÍ‚‡Ú, ÒËÓÔ Ï‡‡ÍÛÈË, ÒÚÛ˜ÍÓ‚˚È ÔÂÂˆ ÒÎ‡‰ÍËÈ, ÍÓÌ¸ˇÍ, ‰ÓÏ‡¯Ìˇˇ ‚Ó‰Í‡ Ì‡ Ò‚ÂÍÎÂ, ‰ÓÏ‡¯ÌËÈ ÓÏ‡¯ÍÓ‚˚È ÒËÓÔ, ‰ÓÏ‡¯Ìˇˇ Í‡ÚÓÙÂÎ¸Ì‡ˇ ‚Ó‰Í‡, Ò‚ÂıÍÂÔÍËÈ ÓÏ, ÚÂÏÌ˚È ÓÏ, ËËÒÍÓ‚˚È ÒËÓÔ, „ÂˆÍËÈ ·ËÚÚÂ, ÂÁËÌÍ‡, ÏˇÚ‡, ‰ÓÏ‡¯ÌËÈ ‚Ë¯ÌÂ‚˚È ÛÍÒÛÒ, Ú‡·‡ÒÍÓ ÒÓÛÒ Í‡ÒÌ˚È, ÎËÍÂ ‚Â·ÂÌ˚, Ú‡·‡ÒÍÓ ÒÓÛÒ ÁÂÎÂÌ˚È, „ÂÈÔÙÛÚÓ‚‡ˇ „‡ÁËÓ‚Í‡, ‰ÓÏ‡¯ÌÂÂ ¯ÓÍÓÎ‡‰ÌÓÂ Ï‡ÒÎÓ, ˝ÎËÍÒË ‰'‡Ì‚ÂÒ, Ú˛ÙÂÎ¸ÌÓÂ Ï‡ÒÎÓ, Ï‡ÎËÌÓ‚ÓÂ Ô˛Â, ‰ÓÏ‡¯ÌËÈ Ú‡·‡˜Ì˚È ·Û·ÓÌ, „‡Ì‡ÚÓ‚˚È ÒÓÍ, „Ë·ËÒÍÛÒ ‚ ÒËÓÔÂ, ‰ÓÏ‡¯ÌËÈ Ó·Ó„‡˘ÂÌÌ˚È Ï‡ÒÎÓÏ ·Û·ÓÌ, ÒËÓÔ Ï‡Í‡‰‡ÏËË, ËÌÊËÌ˚È ÒËÓÔ, Ò‚ÂÚÎÓÂ ÔË‚Ó, Ï‡ÛËÌ Í‚ËÌ‡, ‡ÔÂÎ¸ÒËÌÓ‚‡ˇ ˆÂ‰‡, Ï‡˜ËÎÛÒÓ‚˚È ÏÂ‰, ÒÂÂ·ˇÌ‡ˇ ÚÂÍËÎ‡, ·Û·ÓÌ, ÍÓÍÓÒÓ‚ÓÂ ÏÓÎÓÍÓ, ÏÓÎÓÚ˚È ÍÓÙÂ, ‰ÓÏ‡¯ÌËÈ ÒËÓÔ ˝Î „ÂÈ, ‡Ì‡Ì‡ÒÓ‚˚È ÒËÓÔ, ˇ·ÎÓ˜Ì˚È ÒË‰, ÏÓÍÓ‚Ì˚È ÒÓÍ, ÊÂÌÂ‚Â, ‰ÓÏ‡¯ÌËÈ ÎËÏÓÌÌ˚È ¯Â·ÂÚ, ‰ÓÏ‡¯ÌËÈ ÁÂÏÎˇÌË˜Ì˚È ‚ËÒÍË, ÊÂÌ¸¯ÂÌ¸ ‚Í‡ÔÒÛÎ‡ı, ÒÚ‡ÛÚ, ˇ·ÎÓ˜Ì˚È ÒËÓÔ ÁÂÎÂÌ˚È, ·‡Ú‡Ú, ‰ÓÏ‡¯ÌËÂ ÒÎË‚ÍË Ì‡ Ó·Ê‡ÂÌÌÓÏ ÍÓÙÂ, ÙËÒÚ‡¯ÍË, ÒËÓÔ ÔˇÌ‡ˇ Ú˚Í‚‡, ‰ÓÏ‡¯ÌËÈ ÒËÓÔ ıËÌÓÍË, Ó·ÎÂÔËı‡, „ÂÌÚË‡Ì‡, ÍÓÂÌ¸ ËÏ·Ëˇ, ‰ÓÏ‡¯ÌÂÂ Ó‚Ó˘ÌÓÂ Ï‡ÒÎÓ, ‰ÓÏ‡¯Ìˇˇ ·ËÒÍ‚ËÚÌ‡ˇ ‚Ó‰Í‡, „Û‡‚‡, ÒËÓÔ ÒÓÎÂÌ‡ˇ Í‡‡ÏÂÎ¸, ‰Ó·ÎÂÌ˚È ÎÂ‰, Í‡ÒÌ˚È ·ËÚÚÂ, ÍÓÍÓÒÓ‚‡ˇ ‚Ó‰Í‡, ‡ÔÂÎ¸ÒËÌÓ‚˚È ·ËÚÚÂ, ‰ÓÏ‡¯ÌËÈ ˆËÚÛÒÓ‚˚È ·ËÚÚÂ, ·ÂÎ˚È ‚ÂÏÛÚ, ˝Î¸, ˜‡ÈÌ˚È ·ËÚÚÂ, ‰ÓÏ‡¯ÌËÈ ÏËÒÓ ÒËÓÔ, ÎËÔÓ‚˚È ˜‡È, ˇ·ÎÓ˜Ì˚È ÒËÓÔ ÊÂÎÚ˚È, ÚÓÏ‡ÚÌ˚È ÏËÍÒ, ÔÓÒÂÍÍÓ, ÏÂ‰, Í‡ÒÌ˚È ·‡ÁËÎËÍ, ÒÛıÓÈ ‚ÂÏÛÚ, Í‡Í‡Ó ÎËÍÂ Ò‚ÂÚÎ˚È, ÒÂÎ¸‰ÂÂÂ‚˚È ‰ÊËÌ, ËÏ·ËÌ˚È ÔˇÌËÍ, ‰ÓÏ‡¯ÌËÈ „‡ÁËÓ‚‡ÌÌ˚È ÙÛÍÚÓ‚˚È ÒÓÍ, ‡Ì‡Ì‡ÒÓ‚‡ˇ „‡ÁËÓ‚Í‡, ÁÓÎÓÚÓÈ ÓÏ, ÛÒÚË˜Ì˚È ÒÓÛÒ, ·‡ÁËÎËÍÓ‚‡ˇ ÚËÌÍÚÛ‡, Ï‡‰Â‡, ÓÂÓ, Ï‡Ì‰‡ËÌÓ‚ÓÂ Ô˛Â, ÍÂÙË, ÍÛÌÊÛÚÌÓÂ Ï‡ÒÎÓ, Ò˚Ì˚È ‡ÒÒÓÎ, ‡ÈË¯ ÍËÏ, ˜ÂÌ˚È ÔÂÂˆ ÏÓÎÓÚ˚È, Ò˚˜Û‡Ì¸ÒÍËÈ ·ÛÚÓÌ, ¯‡Ù‡Ì, ÎÂ‰ˇÌÓÈ ÍÛ·, ˇ·ÎÓ˜Ì˚È ÎËÍÂ ÊÂÎÚ˚È, ‰ÓÏ‡¯ÌËÈ Ó¯‡‰ Ì‡ ÙËÒÚ‡¯Í‡ı, ˆËÚÛÒÓ‚‡ˇ ‚Ó‰Í‡, ¯ÓÍÓÎ‡‰ÌÓÂ ÏÓÓÊÂÌÓÂ, ˜‡È ˝Î „ÂÈ, ÔËÚ‡, Ï‡ÎËÌÓ‚˚È ÎËÍÂ, ‰ÓÏ‡¯Ìˇˇ ‚Ó‰Í‡ Ò ˜ËÎË, ÂÊÂ‚Ë˜ÌÓÂ ÏÓÓÊÂÌÓÂ, ‡Í‚‡‚ËÚ, ÔÓÚ‚ÂÈÌ ÚÓÌË, ÊÂÌÂ‚Â Ò Ï‡‡ÍÛÈÂÈ, ˜‡È ‡ÒÒ‡Ï, Î‡‚‡Ì‰Ó‚˚È ÏÂ‰, ÙËÁ‡ÎËÒ, ÓÁÓ‚˚È ‚ÂÏÛÚ, Ô˛Â „ÓÎÛ·ËÍË, ‰ÓÏ‡¯Ìˇˇ ÍÎÛ·ÌË˜Ì‡ˇ ÚÂÍËÎ‡, ˆ‚‡Í ÛÌËÍÛÏ, ÒËÓÔ ÙÛÌ‰ÛÍ‡, ÏÂ‰Ó‚˚Â ÒÓÚ˚, ‰ÓÏ‡¯ÌËÈ ‚ËÌÌ˚È ÒËÓÔ, ÁÂÎÂÌ˚È ·‡ÁËÎËÍ, ÒËÓÔ ÎË˜Ë, ıËÁ‡ÌÚÂÏ‡, ÎËÍÂ ˆ‚ÂÚÛ˘ÂÈ ‚Ë¯ÌË, ˜ÂÌÓÒÎË‚, ‡ÔÂÎ¸ÒËÌÓ‚˚È ‰ÊÂÏ, ÒÎ‡‰ÍËÈ ıÂÂÒ ·ÎÂÌ‰Ó‚˚È, ˜ÂÌ˚È ˜‡È, ˆ‚ÂÚ˚ ÓÏ‡¯ÍË, ÍÛ‡„‡, ‰ÓÏ‡¯ÌËÈ Ú‡·‡˜Ì˚È ÒËÓÔ, ·ÂÌÂ‰ËÍÚËÌ, „ÂÈÔÙÛÚÓ‚‡ˇ ˆÂ‰‡, ÏÓÎÓÍÓ, Ó‰ÌÓÒÓÎÓ‰Ó‚˚È ‚ËÒÍË ËÁ ı‡ÈÎÂÌ‰‡, ‰ÓÏ‡¯ÌËÈ ÒËÓÔ ÙÛÍÚÓÁ˚, ‰ÓÏ‡¯Ìˇˇ ÍÓÔ˜ÂÌ‡ˇ ÓÎËˇ, ‰ÓÏ‡¯Ìˇˇ Ó˜‡Ú‡ Ò Ï‡Ì„Ó Ë ÍÂ¯¸˛, Ï‡¯Ï˝ÎÎÓÛ, ˜ÂÌ˚È ¯ÓÍÓÎ‡‰, ‰ÓÏ‡¯ÌÂÂ ‚ËÌÓ ËÁ Ï‡‡ÍÛÈË, ÍÎÛ·ÌË˜Ì˚È ÎËÍÂ, Í‡‰‡ÏÓÌ, ‰ÓÏ‡¯ÌËÈ ‚˚‰ÂÊ‡ÌÌ˚È ÓÏ Ì‡ ÁËÁËÙÛÒÂ, ÍÓÍÓÒÓ‚‡ˇ ÒÚÛÊÍ‡, ‰ÓÏ‡¯ÌËÈ ‚ËÒÍË Ì‡ ˜‡Â ıÓ‰ÁËÚˇ, Ú‡Ï‡ËÌ‰, ıÓÎÓ‰Ì˚È ÔÂÒËÍÓ‚˚È ˜‡È, Í‡ÒÌ˚È ‚ËÌÓ„‡‰, ÍÓÍÚÂÈÎ¸Ì‡ˇ ‚Ë¯Ìˇ Í‡ÒÌ‡ˇ, ıÂÂÒ ‡ÏÓÌÚËÎ¸ˇ‰Ó, Ô¯ÂÌË˜ÌÓÂ ÔË‚Ó, Ò‚ÂÊÂÏÓÓÊÂÌ‡ˇ ‚Ë¯Ìˇ, Ò˚ Ô‡ ‰Â ÛÊ, Í‡Í‡Ó ÎËÍÂ ÍÓË˜ÌÂ‚˚È, ‚Ë¯ÌÂ‚˚È ÒÓÍ, ÍÎÂÌÓ‚˚È ·ËÚÚÂ, ÒÓÍ ÍÂ¯¸˛, Ê‡ÒÏËÌÓ‚˚È ˜‡È, ˝··ÓÚÚÒ ·ËÚÚÂ, ‰ÓÏ‡¯ÌËÈ Î‡‚‡Ì‰Ó‚ÓÍÎÂÌÓ‚˚È ÒËÓÔ, ‰ÓÏ‡¯ÌËÈ ËÌ‰ËÈÒÍËÈ ÏËÍÒ, ‰ÓÏ‡¯ÌËÈ ‰ÊËÌ Ì‡ ÔÂ„Â, ‰ÓÏ‡¯Ìˇˇ ÚÂÍËÎ‡ Ì‡ Í‡ÏÂ‰Ë, ÎËÏÓÌÌ‡ˇ Ú‡‚‡, Ï‡ÒÎÓ Í‡Í‡Ó, ÏÓÎÓÚ˚È ËÏ·Ë¸, ˜‡È ‰ˇÌ¸ ıÛÌ, Í‡ÒÌ˚È ‚ËÌÌ˚È ÛÍÒÛÒ, Ï‡‡ÍÛÈˇ, ˇ·ÎÓ˜Ì‡ˇ ÍËÒÎÓÚ‡, ÔÛ‰‡ „Ë·ËÒÍÛÒ‡, ‰ÓÏ‡¯Ìˇˇ ÒÓÎÂÌ‡ˇ ÍÓÍÓÒÓ‚‡ˇ Í‡‡ÏÂÎ¸, ÍÓÍÓÒÓ‚˚È ÒËÓÔ, ÙÓÎ¸„‡, Ò‡ı‡Ì‡ˇ ‚‡Ú‡, ‚Ë¯ÌÂ‚˚È ·ËÚÚÂ, ÏÂ‰Ó‚˚È ÒËÓÔ, Ò‡Ï·ÛÍ‡ ÍÎ‡ÒÒË˜ÂÒÍ‡ˇ, ÎËÏÓÌ˜ÂÎÎÓ, ·‡Ì‡Ì, Í‡ÒÌ˚È ‚ÂÏÛÚ, ÒËÓÔ Ï‡Ì„Ó, ‰ÓÏ‡¯ÌËÈ ·ÂÎ˚È ‚ÂÏÛÚ Ì‡ ¯‡ÏÔËÌ¸ÓÌ‡ı, ÍÓÂÌ¸ ÍÓÂÈÒÍÓ„Ó Í‡ÒÌÓ„Ó ÊÂÌ¸¯ÂÌˇ, ÍÓÌÒÂ‚ËÓ‚‡ÌÌ˚È ‡Ì‡Ì‡Ò, ‰ÓÏ‡¯ÌËÈ Ó·Ó„‡˘ÂÌÌ˚È ‡‡ıËÒÓ‚ÓÈ Ô‡ÒÚÓÈ ÓÏ, „Ó˜Ëˆ‡ ÚËÂÌÚ¸ÂÌ, ‰ÓÏ‡¯ÌËÈ Í‡ÎËÌÓ‚˚È ÍÓ‰Ë‡Î, Ï‡ÎËÌÓ‚‡ˇ ‚Ó‰Í‡, ‰ÓÏ‡¯ÌËÈ ÎËÍÂ Ì‡ ÓÏÂ Ò ËÁ˛ÏÓÏ, ˜ÂÌËÍ‡, ÍÎ˛Í‚ÂÌÌ˚È ‰ÊÂÏ ÒÔÓÚ‚ÂÈÌÓÏ, ÎËÒÚ¸ˇ ÍÛÍÛÛÁ˚, ‰ÓÏ‡¯Ìˇˇ ‚Ó‰Í‡ Ì‡ Í‡ˆÛÓ·ÛÒË, ÎÂÔÂÒÚÍË ÓÁ, ÓÁÓ‚˚È ÔÂÂˆ, ÍÓÙÂ ‡ÏÂËÍ‡ÌÓ, Ê‡ÂÌ˚È ‡‡ıËÒ, ÎËÍÂ ·Î˛ Í˛‡Ò‡Ó, ÒÎË‚Ó˜Ì˚È Ò˚, Ï‡ÒÚËı‡, ˜ÂÌ˚È ˜‡È ÎËÒÚÓ‚ÓÈ, ÚÓÒÚÌËÍÓ‚˚È Ò‡ı‡Ì˚È ÔÂÒÓÍ, ¯ÓÍÓÎ‡‰Ì˚È ÒËÓÔ, ‰ÓÏ‡¯ÌËÈ ‰ÊËÌ Ì‡ ˜ÂÂÏÛıÂ, ÏÛÒÍ‡ÚÌ˚È ÓÂı ÏÓÎÓÚ˚È, Ô‡ÒÚËÒ, ÍÓÙÂÈÌ˚È ÎËÍÂ, ÍÓÙÂ ÚÂÔÂÌÚËÌÌ˚È, ‚Ë¯ÌÂ‚˚È ‰ÊÂÏ, ÍÛÏÍ‚‡ÚÓ‚˚È ‰ÊÂÏ, ÏˇÚÌ˚È ÎËÍÂ Ò‚ÂÚÎ˚È, ‰ÓÏ‡¯Ìˇˇ ‚‡ÌËÎ¸Ì‡ˇ ‚Ó‰Í‡, Î‡ÈÏÓ‚‡ˇ ˆÂ‰‡, ‰ÓÏ‡¯ÌÂÂ ˆËÚÛÒÓ‚ÓÂ Ï‡ÒÎÓ, ‡·ÛÁÌ˚È ÒËÓÔ, Ï‡Ì‰‡ËÌ, ‰ÓÏ‡¯ÌËÈ ÏÛÒÍ‡ÚÌ˚È ·ËÚÚÂ, Ï‡ÎËÌÓ‚˚È ‰ÊÂÏ, ‡Ï‡Ó, ˇ·ÎÓ˜ÌÓÂ Ô˛Â, ÎËÏÓÌÌ‡ˇ ˆÂ‰‡, Ï‡Ì‰‡ËÌÓ‚˚È ÛÍÒÛÒ, ÏËÌ‰‡Î¸ÌÓÂ ÏÓÎÓÍÓ, ‰ÓÏ‡¯ÌËÈ ÒËÓÔ ËÁÒÚÛ˜ÍÓ‚Ó„Ó „ÓÓ¯Í‡, ‚Ë¯Ìˇ „ËÓÚËÌ, ‡Ì‡Ì‡ÒÓ‚˚Â ÎËÒÚ¸ˇ, ÛÍÓÔ, ÏËÚÓ, ‰ÓÏ‡¯ÌËÈ ‚‡ÌËÎ¸Ì˚È ÓÏ, ÎËÍÂ ˛‰ÁÛ, ÎËÍÂ Ï‡‡ÍÛÈË, „ÂÈÔÙÛÚÓ‚˚È ·ËÚÚÂ, Í‡Í‡ÓÔÓÓ¯ÓÍ, Ô˛Â ÎË˜Ë, ·‡Ì‡ÌÓ‚ÓÂ Ô˛Â, ‡·ËÍÓÒ, ÍÓË‡Ì‰, ÒÎË‚Ó‚ÓÂ ‚ËÌÓ, ‡ÔÂÎ¸ÒËÌÓ‚˚È ÒÓ·ÂÚ, ·‡Ï·ÛÍÓ‚˚È Û„ÓÎ¸ ËÁÏÂÎ¸˜ÂÌÌ˚È, Ò˚ Ï‡ÒÍ‡ÔÓÌÂ, ÍÎÛ·ÌË˜Ì˚È ‰ÊÂÏ, ˜ÂÌÓÒÏÓÓ‰ËÌÓ‚˚È ‰ÊÂÏ, ÍËÚ‡ÈÒÍËÈ ÔÂÂˆ ‚ „‡ÌÛÎ‡ı, ÒÓ‰Ó‚‡ˇ, ‰ÓÏ‡¯ÌËÈ ÔËÒÍÓ Ì‡ ˜‡Â, ‚ËÒÍË ·ËÚÚÂ, ÓÎË‚ÍË, ÒÎË‚Ó˜ÌÓÂ Ï‡ÒÎÓ ÒÓÎÂÌÓÂ, ÒÂÎ¸‰ÂÂÂ‚˚È ·ËÚÚÂ, ÔÓÎ˚Ì¸, ËÌÊË, ÎËÍÂ ‰‡È Ó‡ÌÊ, ‰ÓÏ‡¯ÌËÈ ÒËÓÔ Ì‡ ·Ó·‡ı ÚÓÌÍ‡, Ò‡ı‡Ì˚È ÔÂÒÓÍ, ‰ÓÏ‡¯ÌËÈ Ô¯ÂÌË˜Ì˚È ÍÓ‰Ë‡Î, ÚÓÏ‡ÚÌ˚È ÒÓÍ, Î‡ÈÏÓ‚˚È ÒÓ·ÂÚ
INFO:aiogram.dispatcher.dispatcher:Stop polling...
WARNING:aiogram:Goodbye!
INFO:aiogram:Bot: Nero Bar [@Neuro_bar_bot]
WARNING:aiogram:Updates were skipped successfully.
INFO:aiogram.dispatcher.dispatcher:Start polling.
INFO:root:('Lyly', 382728010) is knocking to our bot
INFO:root:('Lyly', 382728010) send this text:¬Ó‰‡, ‚Ó‰Í‡
INFO:root: ¬ÓÚ keywords 
INFO:aiogram.dispatcher.dispatcher:Stop polling...
WARNING:aiogram:Goodbye!
INFO:aiogram:Bot: Nero Bar [@Neuro_bar_bot]
WARNING:aiogram:Updates were skipped successfully.
INFO:aiogram.dispatcher.dispatcher:Start polling.
INFO:root:('Lyly', 382728010) is knocking to our bot
INFO:root:('Lyly', 382728010) send this text:¬Ó‰‡, ‚Ó‰Í‡
INFO:root: ¬ÓÚ c 
INFO:aiogram.dispatcher.dispatcher:Stop polling...
WARNING:aiogram:Goodbye!
INFO:aiogram:Bot: Nero Bar [@Neuro_bar_bot]
WARNING:aiogram:Updates were skipped successfully.
INFO:aiogram.dispatcher.dispatcher:Start polling.
INFO:root:('Lyly', 382728010) is knocking to our bot
INFO:root:('Lyly', 382728010) send this text:¬Ó‰‡, ‚Ó‰Í‡
INFO:aiogram.dispatcher.dispatcher:Stop polling...
WARNING:aiogram:Goodbye!
INFO:aiogram:Bot: Nero Bar [@Neuro_bar_bot]
WARNING:aiogram:Updates were skipped successfully.
INFO:aiogram.dispatcher.dispatcher:Start polling.
INFO:root:('Lyly', 382728010) is knocking to our bot
INFO:root:('Lyly', 382728010) send this text:¬Ó‰‡, ‚Ó‰Í‡
INFO:aiogram.dispatcher.dispatcher:Stop polling...
WARNING:aiogram:Goodbye!
INFO:aiogram:Bot: Nero Bar [@Neuro_bar_bot]
WARNING:aiogram:Updates were skipped successfully.
INFO:aiogram.dispatcher.dispatcher:Start polling.
INFO:root:('Lyly', 382728010) is knocking to our bot
INFO:root:('Lyly', 382728010) send this text:¬Ó‰‡, ‚Ó‰Í‡
INFO:aiogram.dispatcher.dispatcher:Stop polling...
WARNING:aiogram:Goodbye!
INFO:aiogram:Bot: Nero Bar [@Neuro_bar_bot]
WARNING:aiogram:Updates were skipped successfully.
INFO:aiogram.dispatcher.dispatcher:Start polling.
INFO:root:('Lyly', 382728010) is knocking to our bot
INFO:root:('Lyly', 382728010) send this text:¬Ó‰Í‡, ‚ËÒÍË
INFO:aiogram.dispatcher.dispatcher:Stop polling...
WARNING:aiogram:Goodbye!
INFO:aiogram:Bot: Nero Bar [@Neuro_bar_bot]
WARNING:aiogram:Updates were skipped successfully.
INFO:aiogram.dispatcher.dispatcher:Start polling.
INFO:root:('Lyly', 382728010) is knocking to our bot
INFO:root:('Lyly', 382728010) send this text:¬ËÒÍË, ‚Ó‰Í‡
ERROR:asyncio:Task exception was never retrieved
future: <Task finished name='Task-9' coro=<Dispatcher._process_polling_updates() done, defined at C:\Users\Night Fury\AppData\Roaming\Python\Python38\site-packages\aiogram\dispatcher\dispatcher.py:409> exception=UnboundLocalError("local variable 'unqiue_ingredients' referenced before assignment")>
Traceback (most recent call last):
  File "C:\Users\Night Fury\AppData\Roaming\Python\Python38\site-packages\aiogram\dispatcher\dispatcher.py", line 417, in _process_polling_updates
    for responses in itertools.chain.from_iterable(await self.process_updates(updates, fast)):
  File "C:\Users\Night Fury\AppData\Roaming\Python\Python38\site-packages\aiogram\dispatcher\dispatcher.py", line 238, in process_updates
    return await asyncio.gather(*tasks)
  File "C:\Users\Night Fury\AppData\Roaming\Python\Python38\site-packages\aiogram\dispatcher\handler.py", line 116, in notify
    response = await handler_obj.handler(*args, **partial_data)
  File "C:\Users\Night Fury\AppData\Roaming\Python\Python38\site-packages\aiogram\dispatcher\dispatcher.py", line 259, in process_update
    return await self.message_handlers.notify(update.message)
  File "C:\Users\Night Fury\AppData\Roaming\Python\Python38\site-packages\aiogram\dispatcher\handler.py", line 116, in notify
    response = await handler_obj.handler(*args, **partial_data)
  File "c:/Dev/FP/recipe_cocktails/bot.py", line 281, in handle_docs_photo
    output_text = get_text(input_text)
  File "c:/Dev/FP/recipe_cocktails/bot.py", line 216, in get_text
    ready_recipe = get_ready_recipe(keywords)
  File "c:/Dev/FP/recipe_cocktails/bot.py", line 172, in get_ready_recipe
    unqiue_ingredients = set(unqiue_ingredients)
UnboundLocalError: local variable 'unqiue_ingredients' referenced before assignment
INFO:aiogram.dispatcher.dispatcher:Stop polling...
WARNING:aiogram:Goodbye!
INFO:aiogram:Bot: Nero Bar [@Neuro_bar_bot]
WARNING:aiogram:Updates were skipped successfully.
INFO:aiogram.dispatcher.dispatcher:Start polling.
INFO:root:('Lyly', 382728010) is knocking to our bot
INFO:root:('Lyly', 382728010) send this text:¬ËÒÍË, ‚Ó‰Í‡
INFO:aiogram.dispatcher.dispatcher:Stop polling...
WARNING:aiogram:Goodbye!
INFO:aiogram:Bot: Nero Bar [@Neuro_bar_bot]
WARNING:aiogram:Updates were skipped successfully.
INFO:aiogram.dispatcher.dispatcher:Start polling.
INFO:root:('Lyly', 382728010) is knocking to our bot
INFO:root:('Lyly', 382728010) send this text:‚ËÒÍË, ‚Ó‰Í‡
INFO:root:('Lyly', 382728010) is knocking to our bot
INFO:root:('Lyly', 382728010) send this text:‚Ó‰‡, ‚Ó‰Í‡
INFO:aiogram.dispatcher.dispatcher:Stop polling...
WARNING:aiogram:Goodbye!
INFO:aiogram:Bot: Nero Bar [@Neuro_bar_bot]
WARNING:aiogram:Updates were skipped successfully.
INFO:aiogram.dispatcher.dispatcher:Start polling.
INFO:root:('Lyly', 382728010) is knocking to our bot
INFO:root:('Lyly', 382728010) send this text:‚Ó‰‡, ‚Ó‰Í‡
INFO:root:('Lyly', 382728010) is knocking to our bot
INFO:root:('Lyly', 382728010) send this text:—‡‡È, ÌÓ„‡
INFO:aiogram.dispatcher.dispatcher:Stop polling...
WARNING:aiogram:Goodbye!
INFO:aiogram:Bot: Nero Bar [@Neuro_bar_bot]
WARNING:aiogram:Updates were skipped successfully.
INFO:aiogram.dispatcher.dispatcher:Start polling.
INFO:root:('Lyly', 382728010) is knocking to our bot
INFO:root:('Lyly', 382728010) send this text:¬Ó‰Í‡, —ÂÎ∏‰Í‡, „Â˜Í‡, ‚ËÒÍË
INFO:aiogram.dispatcher.dispatcher:Stop polling...
WARNING:aiogram:Goodbye!
INFO:aiogram:Bot: Nero Bar [@Neuro_bar_bot]
WARNING:aiogram:Updates were skipped successfully.
INFO:aiogram.dispatcher.dispatcher:Start polling.
INFO:root:('Lyly', 382728010) is knocking to our bot
INFO:root:('Lyly', 382728010) send this text:¬ËÒÍË.‚Ó‰Í‡
ERROR:asyncio:Task exception was never retrieved
future: <Task finished name='Task-9' coro=<Dispatcher._process_polling_updates() done, defined at C:\Users\Night Fury\AppData\Roaming\Python\Python38\site-packages\aiogram\dispatcher\dispatcher.py:409> exception=IndexError('list index out of range')>
Traceback (most recent call last):
  File "C:\Users\Night Fury\AppData\Roaming\Python\Python38\site-packages\aiogram\dispatcher\dispatcher.py", line 417, in _process_polling_updates
    for responses in itertools.chain.from_iterable(await self.process_updates(updates, fast)):
  File "C:\Users\Night Fury\AppData\Roaming\Python\Python38\site-packages\aiogram\dispatcher\dispatcher.py", line 238, in process_updates
    return await asyncio.gather(*tasks)
  File "C:\Users\Night Fury\AppData\Roaming\Python\Python38\site-packages\aiogram\dispatcher\handler.py", line 116, in notify
    response = await handler_obj.handler(*args, **partial_data)
  File "C:\Users\Night Fury\AppData\Roaming\Python\Python38\site-packages\aiogram\dispatcher\dispatcher.py", line 259, in process_update
    return await self.message_handlers.notify(update.message)
  File "C:\Users\Night Fury\AppData\Roaming\Python\Python38\site-packages\aiogram\dispatcher\handler.py", line 116, in notify
    response = await handler_obj.handler(*args, **partial_data)
  File "c:/Dev/FP/recipe_cocktails/bot.py", line 278, in handle_docs_photo
    output_text = get_text(input_text)
  File "c:/Dev/FP/recipe_cocktails/bot.py", line 209, in get_text
    sample_outputs_title = generate_title(keywords, sorted_tuple[0][0], kw)
IndexError: list index out of range
INFO:aiogram.dispatcher.dispatcher:Stop polling...
WARNING:aiogram:Goodbye!
INFO:aiogram:Bot: Nero Bar [@Neuro_bar_bot]
WARNING:aiogram:Updates were skipped successfully.
INFO:aiogram.dispatcher.dispatcher:Start polling.
INFO:root:('Lyly', 382728010) is knocking to our bot
INFO:root:('Lyly', 382728010) send this text:¬ËÒÍË.‚Ó‰Í‡
ERROR:asyncio:Task exception was never retrieved
future: <Task finished name='Task-9' coro=<Dispatcher._process_polling_updates() done, defined at C:\Users\Night Fury\AppData\Roaming\Python\Python38\site-packages\aiogram\dispatcher\dispatcher.py:409> exception=IndexError('list index out of range')>
Traceback (most recent call last):
  File "C:\Users\Night Fury\AppData\Roaming\Python\Python38\site-packages\aiogram\dispatcher\dispatcher.py", line 417, in _process_polling_updates
    for responses in itertools.chain.from_iterable(await self.process_updates(updates, fast)):
  File "C:\Users\Night Fury\AppData\Roaming\Python\Python38\site-packages\aiogram\dispatcher\dispatcher.py", line 238, in process_updates
    return await asyncio.gather(*tasks)
  File "C:\Users\Night Fury\AppData\Roaming\Python\Python38\site-packages\aiogram\dispatcher\handler.py", line 116, in notify
    response = await handler_obj.handler(*args, **partial_data)
  File "C:\Users\Night Fury\AppData\Roaming\Python\Python38\site-packages\aiogram\dispatcher\dispatcher.py", line 259, in process_update
    return await self.message_handlers.notify(update.message)
  File "C:\Users\Night Fury\AppData\Roaming\Python\Python38\site-packages\aiogram\dispatcher\handler.py", line 116, in notify
    response = await handler_obj.handler(*args, **partial_data)
  File "c:/Dev/FP/recipe_cocktails/bot.py", line 281, in handle_docs_photo
    output_text = get_text(input_text)
  File "c:/Dev/FP/recipe_cocktails/bot.py", line 212, in get_text
    sample_outputs_title = generate_title(keywords, sorted_tuple[0][0], kw)
IndexError: list index out of range
INFO:aiogram.dispatcher.dispatcher:Stop polling...
WARNING:aiogram:Goodbye!
INFO:aiogram:Bot: Nero Bar [@Neuro_bar_bot]
WARNING:aiogram:Updates were skipped successfully.
INFO:aiogram.dispatcher.dispatcher:Start polling.
INFO:root:('Lyly', 382728010) is knocking to our bot
INFO:root:('Lyly', 382728010) is knocking to our bot
INFO:root:('Lyly', 382728010) send this text:¬ËÒÍË.‚Ó‰Í‡
ERROR:asyncio:Task exception was never retrieved
future: <Task finished name='Task-9' coro=<Dispatcher._process_polling_updates() done, defined at C:\Users\Night Fury\AppData\Roaming\Python\Python38\site-packages\aiogram\dispatcher\dispatcher.py:409> exception=IndexError('list index out of range')>
Traceback (most recent call last):
  File "C:\Users\Night Fury\AppData\Roaming\Python\Python38\site-packages\aiogram\dispatcher\dispatcher.py", line 417, in _process_polling_updates
    for responses in itertools.chain.from_iterable(await self.process_updates(updates, fast)):
  File "C:\Users\Night Fury\AppData\Roaming\Python\Python38\site-packages\aiogram\dispatcher\dispatcher.py", line 238, in process_updates
    return await asyncio.gather(*tasks)
  File "C:\Users\Night Fury\AppData\Roaming\Python\Python38\site-packages\aiogram\dispatcher\handler.py", line 116, in notify
    response = await handler_obj.handler(*args, **partial_data)
  File "C:\Users\Night Fury\AppData\Roaming\Python\Python38\site-packages\aiogram\dispatcher\dispatcher.py", line 259, in process_update
    return await self.message_handlers.notify(update.message)
  File "C:\Users\Night Fury\AppData\Roaming\Python\Python38\site-packages\aiogram\dispatcher\handler.py", line 116, in notify
    response = await handler_obj.handler(*args, **partial_data)
  File "c:/Dev/FP/recipe_cocktails/bot.py", line 283, in handle_docs_photo
    output_text = get_text(input_text)
  File "c:/Dev/FP/recipe_cocktails/bot.py", line 214, in get_text
    sample_outputs_title = generate_title(keywords, sorted_tuple[0][0], kw)
IndexError: list index out of range
INFO:root:('Lyly', 382728010) send this text:¬ËÒÍË.‚Ó‰Í‡
ERROR:asyncio:Task exception was never retrieved
future: <Task finished name='Task-15' coro=<Dispatcher._process_polling_updates() done, defined at C:\Users\Night Fury\AppData\Roaming\Python\Python38\site-packages\aiogram\dispatcher\dispatcher.py:409> exception=IndexError('list index out of range')>
Traceback (most recent call last):
  File "C:\Users\Night Fury\AppData\Roaming\Python\Python38\site-packages\aiogram\dispatcher\dispatcher.py", line 417, in _process_polling_updates
    for responses in itertools.chain.from_iterable(await self.process_updates(updates, fast)):
  File "C:\Users\Night Fury\AppData\Roaming\Python\Python38\site-packages\aiogram\dispatcher\dispatcher.py", line 238, in process_updates
    return await asyncio.gather(*tasks)
  File "C:\Users\Night Fury\AppData\Roaming\Python\Python38\site-packages\aiogram\dispatcher\handler.py", line 116, in notify
    response = await handler_obj.handler(*args, **partial_data)
  File "C:\Users\Night Fury\AppData\Roaming\Python\Python38\site-packages\aiogram\dispatcher\dispatcher.py", line 259, in process_update
    return await self.message_handlers.notify(update.message)
  File "C:\Users\Night Fury\AppData\Roaming\Python\Python38\site-packages\aiogram\dispatcher\handler.py", line 116, in notify
    response = await handler_obj.handler(*args, **partial_data)
  File "c:/Dev/FP/recipe_cocktails/bot.py", line 283, in handle_docs_photo
    output_text = get_text(input_text)
  File "c:/Dev/FP/recipe_cocktails/bot.py", line 214, in get_text
    sample_outputs_title = generate_title(keywords, sorted_tuple[0][0], kw)
IndexError: list index out of range
INFO:aiogram.dispatcher.dispatcher:Stop polling...
WARNING:aiogram:Goodbye!
INFO:aiogram:Bot: Nero Bar [@Neuro_bar_bot]
WARNING:aiogram:Updates were skipped successfully.
INFO:aiogram.dispatcher.dispatcher:Start polling.
INFO:root:('Lyly', 382728010) is knocking to our bot
INFO:root:('Lyly', 382728010) send this text:¬ËÒÍË.‚Ó‰Í‡
ERROR:asyncio:Task exception was never retrieved
future: <Task finished name='Task-9' coro=<Dispatcher._process_polling_updates() done, defined at C:\Users\Night Fury\AppData\Roaming\Python\Python38\site-packages\aiogram\dispatcher\dispatcher.py:409> exception=IndexError('list index out of range')>
Traceback (most recent call last):
  File "C:\Users\Night Fury\AppData\Roaming\Python\Python38\site-packages\aiogram\dispatcher\dispatcher.py", line 417, in _process_polling_updates
    for responses in itertools.chain.from_iterable(await self.process_updates(updates, fast)):
  File "C:\Users\Night Fury\AppData\Roaming\Python\Python38\site-packages\aiogram\dispatcher\dispatcher.py", line 238, in process_updates
    return await asyncio.gather(*tasks)
  File "C:\Users\Night Fury\AppData\Roaming\Python\Python38\site-packages\aiogram\dispatcher\handler.py", line 116, in notify
    response = await handler_obj.handler(*args, **partial_data)
  File "C:\Users\Night Fury\AppData\Roaming\Python\Python38\site-packages\aiogram\dispatcher\dispatcher.py", line 259, in process_update
    return await self.message_handlers.notify(update.message)
  File "C:\Users\Night Fury\AppData\Roaming\Python\Python38\site-packages\aiogram\dispatcher\handler.py", line 116, in notify
    response = await handler_obj.handler(*args, **partial_data)
  File "c:/Dev/FP/recipe_cocktails/bot.py", line 284, in handle_docs_photo
    output_text = get_text(input_text)
  File "c:/Dev/FP/recipe_cocktails/bot.py", line 215, in get_text
    sample_outputs_title = generate_title(keywords, sorted_tuple[0][0], kw)
IndexError: list index out of range
INFO:aiogram.dispatcher.dispatcher:Stop polling...
WARNING:aiogram:Goodbye!
INFO:aiogram:Bot: Nero Bar [@Neuro_bar_bot]
WARNING:aiogram:Updates were skipped successfully.
INFO:aiogram.dispatcher.dispatcher:Start polling.
INFO:root:('Lyly', 382728010) is knocking to our bot
INFO:root:('Lyly', 382728010) send this text:¬ËÒÍË.‚Ó‰Í‡
ERROR:asyncio:Task exception was never retrieved
future: <Task finished name='Task-9' coro=<Dispatcher._process_polling_updates() done, defined at C:\Users\Night Fury\AppData\Roaming\Python\Python38\site-packages\aiogram\dispatcher\dispatcher.py:409> exception=IndexError('list index out of range')>
Traceback (most recent call last):
  File "C:\Users\Night Fury\AppData\Roaming\Python\Python38\site-packages\aiogram\dispatcher\dispatcher.py", line 417, in _process_polling_updates
    for responses in itertools.chain.from_iterable(await self.process_updates(updates, fast)):
  File "C:\Users\Night Fury\AppData\Roaming\Python\Python38\site-packages\aiogram\dispatcher\dispatcher.py", line 238, in process_updates
    return await asyncio.gather(*tasks)
  File "C:\Users\Night Fury\AppData\Roaming\Python\Python38\site-packages\aiogram\dispatcher\handler.py", line 116, in notify
    response = await handler_obj.handler(*args, **partial_data)
  File "C:\Users\Night Fury\AppData\Roaming\Python\Python38\site-packages\aiogram\dispatcher\dispatcher.py", line 259, in process_update
    return await self.message_handlers.notify(update.message)
  File "C:\Users\Night Fury\AppData\Roaming\Python\Python38\site-packages\aiogram\dispatcher\handler.py", line 116, in notify
    response = await handler_obj.handler(*args, **partial_data)
  File "c:/Dev/FP/recipe_cocktails/bot.py", line 284, in handle_docs_photo
    output_text = get_text(input_text)
  File "c:/Dev/FP/recipe_cocktails/bot.py", line 215, in get_text
    sample_outputs_title = generate_title(keywords, sorted_tuple[0][0], kw)
IndexError: list index out of range
INFO:root:('Lyly', 382728010) is knocking to our bot
INFO:root:('Lyly', 382728010) send this text:¬ËÒÍË.‚Ó‰Í‡
INFO:aiogram.dispatcher.dispatcher:Stop polling...
INFO:aiogram:Bot: Nero Bar [@Neuro_bar_bot]
WARNING:aiogram:Updates were skipped successfully.
INFO:aiogram.dispatcher.dispatcher:Start polling.
INFO:root:('Lyly', 382728010) is knocking to our bot
INFO:root:('Lyly', 382728010) send this text:¬ËÒÍË.‚Ó‰Í‡
ERROR:asyncio:Task exception was never retrieved
future: <Task finished name='Task-9' coro=<Dispatcher._process_polling_updates() done, defined at C:\Users\Night Fury\AppData\Roaming\Python\Python38\site-packages\aiogram\dispatcher\dispatcher.py:409> exception=AttributeError("'list' object has no attribute 'find'")>
Traceback (most recent call last):
  File "C:\Users\Night Fury\AppData\Roaming\Python\Python38\site-packages\aiogram\dispatcher\dispatcher.py", line 417, in _process_polling_updates
    for responses in itertools.chain.from_iterable(await self.process_updates(updates, fast)):
  File "C:\Users\Night Fury\AppData\Roaming\Python\Python38\site-packages\aiogram\dispatcher\dispatcher.py", line 238, in process_updates
    return await asyncio.gather(*tasks)
  File "C:\Users\Night Fury\AppData\Roaming\Python\Python38\site-packages\aiogram\dispatcher\handler.py", line 116, in notify
    response = await handler_obj.handler(*args, **partial_data)
  File "C:\Users\Night Fury\AppData\Roaming\Python\Python38\site-packages\aiogram\dispatcher\dispatcher.py", line 259, in process_update
    return await self.message_handlers.notify(update.message)
  File "C:\Users\Night Fury\AppData\Roaming\Python\Python38\site-packages\aiogram\dispatcher\handler.py", line 116, in notify
    response = await handler_obj.handler(*args, **partial_data)
  File "c:/Dev/FP/recipe_cocktails/bot.py", line 284, in handle_docs_photo
    output_text = get_text(input_text)
  File "c:/Dev/FP/recipe_cocktails/bot.py", line 206, in get_text
    keywords = create_keywords(text_user)
  File "c:/Dev/FP/recipe_cocktails/bot.py", line 93, in create_keywords
    if text_user.find(text_user)!=-1:
AttributeError: 'list' object has no attribute 'find'
INFO:aiogram.dispatcher.dispatcher:Stop polling...
WARNING:aiogram:Goodbye!
INFO:aiogram:Bot: Nero Bar [@Neuro_bar_bot]
WARNING:aiogram:Updates were skipped successfully.
INFO:aiogram.dispatcher.dispatcher:Start polling.
INFO:root:First start from user_name = Ivan, user_id = 529783174
INFO:root:('Ivan', 529783174) is knocking to our bot
INFO:root:('Ivan', 529783174) send this text:¬Ó‰Í‡, ÔË‚Ó
ERROR:asyncio:Task exception was never retrieved
future: <Task finished name='Task-13' coro=<Dispatcher._process_polling_updates() done, defined at C:\Users\Night Fury\AppData\Roaming\Python\Python38\site-packages\aiogram\dispatcher\dispatcher.py:409> exception=AttributeError("'list' object has no attribute 'find'")>
Traceback (most recent call last):
  File "C:\Users\Night Fury\AppData\Roaming\Python\Python38\site-packages\aiogram\dispatcher\dispatcher.py", line 417, in _process_polling_updates
    for responses in itertools.chain.from_iterable(await self.process_updates(updates, fast)):
  File "C:\Users\Night Fury\AppData\Roaming\Python\Python38\site-packages\aiogram\dispatcher\dispatcher.py", line 238, in process_updates
    return await asyncio.gather(*tasks)
  File "C:\Users\Night Fury\AppData\Roaming\Python\Python38\site-packages\aiogram\dispatcher\handler.py", line 116, in notify
    response = await handler_obj.handler(*args, **partial_data)
  File "C:\Users\Night Fury\AppData\Roaming\Python\Python38\site-packages\aiogram\dispatcher\dispatcher.py", line 259, in process_update
    return await self.message_handlers.notify(update.message)
  File "C:\Users\Night Fury\AppData\Roaming\Python\Python38\site-packages\aiogram\dispatcher\handler.py", line 116, in notify
    response = await handler_obj.handler(*args, **partial_data)
  File "c:/Dev/FP/recipe_cocktails/bot.py", line 284, in handle_docs_photo
    output_text = get_text(input_text)
  File "c:/Dev/FP/recipe_cocktails/bot.py", line 206, in get_text
    keywords = create_keywords(text_user)
  File "c:/Dev/FP/recipe_cocktails/bot.py", line 93, in create_keywords
    if text_user.find(separator)!=-1:
AttributeError: 'list' object has no attribute 'find'
INFO:aiogram.dispatcher.dispatcher:Stop polling...
WARNING:aiogram:Goodbye!
INFO:aiogram:Bot: Nero Bar [@Neuro_bar_bot]
WARNING:aiogram:Updates were skipped successfully.
INFO:aiogram.dispatcher.dispatcher:Start polling.
INFO:root:('Lyly', 382728010) is knocking to our bot
INFO:root:('Lyly', 382728010) send this text:¬ËÒÍË.‚Ó‰Í‡
INFO:aiogram.dispatcher.dispatcher:Stop polling...
WARNING:aiogram:Goodbye!
INFO:aiogram:Bot: Nero Bar [@Neuro_bar_bot]
WARNING:aiogram:Updates were skipped successfully.
INFO:aiogram.dispatcher.dispatcher:Start polling.
INFO:root:('Lyly', 382728010) is knocking to our bot
INFO:root:('Lyly', 382728010) send this text:¬Ó‰Í‡.ÎËÍÂ
INFO:aiogram.dispatcher.dispatcher:Stop polling...
WARNING:aiogram:Goodbye!
INFO:aiogram:Bot: Nero Bar [@Neuro_bar_bot]
WARNING:aiogram:Updates were skipped successfully.
INFO:aiogram.dispatcher.dispatcher:Start polling.
INFO:root:('Lyly', 382728010) is knocking to our bot
INFO:root:('Lyly', 382728010) send this text:¬Ó‰Í‡.ÎËÍÂ
INFO:root:First start from user_name = Danila, user_id = 232805122
INFO:root:('Danila', 232805122) is knocking to our bot
INFO:root:('Danila', 232805122) send this text:‚Ó‰Í‡, ¯‡ÏÔ‡ÌÒÍÓÂ
INFO:root:('Lyly', 382728010) is knocking to our bot
INFO:root:('Lyly', 382728010) send this text:Ã‡ÎËÌ‡, ‡·ËÍÓÒ
INFO:root:('Danila', 232805122) is knocking to our bot
INFO:root:('Danila', 232805122) send this text:‚Ó‰Í‡, ¯‡ÏÔ‡ÌÒÍÓÂ
INFO:root:First start from user_name = @anna, user_id = 577200596
INFO:aiogram.dispatcher.dispatcher:Stop polling...
WARNING:aiogram:Goodbye!
INFO:aiogram:Bot: Nero Bar [@Neuro_bar_bot]
WARNING:aiogram:Updates were skipped successfully.
INFO:aiogram.dispatcher.dispatcher:Start polling.
INFO:root:('Lyly', 382728010) is knocking to our bot
INFO:root:('Ivan', 529783174) is knocking to our bot
INFO:root:('Lyly', 382728010) send this text: ÓÎÂÌÍ‡, ÏˇÒÓ, Ó„ÛÂˆ, ÔË‚Ó, ÚÓÌËÍ
INFO:root:('Ivan', 529783174) send this text:¬Ó‰Í‡, ÎËÏÓÌ
INFO:root:('@anna', 577200596) is knocking to our bot
INFO:root:('@anna', 577200596) send this text: ÎÛ·ÌËÍ‡, ‡ÔÂÎ¸ÒËÌ, ‡Ì‡Ì‡Ò, ÎËÍÂ, ÚÓÌËÍ
INFO:root:('ulyumdzhi', 49131625) is knocking to our bot
INFO:root:('ulyumdzhi', 49131625) send this text:¯ÓÍÓÎ‡‰, ‚ËÌÓ, ÎÂ‰
INFO:root:('ulyumdzhi', 49131625) is knocking to our bot
INFO:root:('ulyumdzhi', 49131625) send this text:ƒÓ·‡‚¸ÚÂ ˝ÏÓ‰ÁË ‚ ‚˚‰‡˜Û, ·Û‰ÂÚ ÍÛ˜Â Ë ˇ˜Â
ERROR:asyncio:Task exception was never retrieved
future: <Task finished name='Task-44' coro=<Dispatcher._process_polling_updates() done, defined at C:\Users\Night Fury\AppData\Roaming\Python\Python38\site-packages\aiogram\dispatcher\dispatcher.py:409> exception=IndexError('list index out of range')>
Traceback (most recent call last):
  File "C:\Users\Night Fury\AppData\Roaming\Python\Python38\site-packages\aiogram\dispatcher\dispatcher.py", line 417, in _process_polling_updates
    for responses in itertools.chain.from_iterable(await self.process_updates(updates, fast)):
  File "C:\Users\Night Fury\AppData\Roaming\Python\Python38\site-packages\aiogram\dispatcher\dispatcher.py", line 238, in process_updates
    return await asyncio.gather(*tasks)
  File "C:\Users\Night Fury\AppData\Roaming\Python\Python38\site-packages\aiogram\dispatcher\handler.py", line 116, in notify
    response = await handler_obj.handler(*args, **partial_data)
  File "C:\Users\Night Fury\AppData\Roaming\Python\Python38\site-packages\aiogram\dispatcher\dispatcher.py", line 259, in process_update
    return await self.message_handlers.notify(update.message)
  File "C:\Users\Night Fury\AppData\Roaming\Python\Python38\site-packages\aiogram\dispatcher\handler.py", line 116, in notify
    response = await handler_obj.handler(*args, **partial_data)
  File "c:/Dev/FP/recipe_cocktails/bot.py", line 282, in handle_docs_photo
    output_text = get_text(input_text)
  File "c:/Dev/FP/recipe_cocktails/bot.py", line 213, in get_text
    sample_outputs_title = generate_title(keywords, sorted_tuple[0][0], kw)
IndexError: list index out of range
INFO:root:('Danila', 232805122) is knocking to our bot
INFO:root:('Danila', 232805122) send this text:¬Ó‰Í‡, ÎËÍÂ
INFO:root:('Ivan', 529783174) is knocking to our bot
INFO:root:('Ivan', 529783174) send this text:¬Ó‰Í‡, ÔË‚Ó
INFO:root:First start from user_name = Danila, user_id = 232805122
INFO:root:('Danila', 232805122) is knocking to our bot
INFO:root:('Danila', 232805122) send this text:‚Ó‰Í‡, Ï‡ÚËÌË, ıÂÂÒ
INFO:root:('Lyly', 382728010) is knocking to our bot
INFO:root:('Lyly', 382728010) send this text:¡‡Ì‡Ì, „Û‡‚‡, ‚ÂÏÛÚ, ÍÓÙÂ
INFO:root:('Lyly', 382728010) is knocking to our bot
INFO:root:('Lyly', 382728010) send this text: ÂÙË, ·‡Ì‡Ì, ‚Ó‰Í‡
INFO:root:('Lyly', 382728010) is knocking to our bot
INFO:root:('Lyly', 382728010) send this text: ÂÙË
ERROR:asyncio:Task exception was never retrieved
future: <Task finished name='Task-267' coro=<Dispatcher._process_polling_updates() done, defined at C:\Users\Night Fury\AppData\Roaming\Python\Python38\site-packages\aiogram\dispatcher\dispatcher.py:409> exception=IndexError('list index out of range')>
Traceback (most recent call last):
  File "C:\Users\Night Fury\AppData\Roaming\Python\Python38\site-packages\aiogram\dispatcher\dispatcher.py", line 417, in _process_polling_updates
    for responses in itertools.chain.from_iterable(await self.process_updates(updates, fast)):
  File "C:\Users\Night Fury\AppData\Roaming\Python\Python38\site-packages\aiogram\dispatcher\dispatcher.py", line 238, in process_updates
    return await asyncio.gather(*tasks)
  File "C:\Users\Night Fury\AppData\Roaming\Python\Python38\site-packages\aiogram\dispatcher\handler.py", line 116, in notify
    response = await handler_obj.handler(*args, **partial_data)
  File "C:\Users\Night Fury\AppData\Roaming\Python\Python38\site-packages\aiogram\dispatcher\dispatcher.py", line 259, in process_update
    return await self.message_handlers.notify(update.message)
  File "C:\Users\Night Fury\AppData\Roaming\Python\Python38\site-packages\aiogram\dispatcher\handler.py", line 116, in notify
    response = await handler_obj.handler(*args, **partial_data)
  File "c:/Dev/FP/recipe_cocktails/bot.py", line 282, in handle_docs_photo
    output_text = get_text(input_text)
  File "c:/Dev/FP/recipe_cocktails/bot.py", line 213, in get_text
    sample_outputs_title = generate_title(keywords, sorted_tuple[0][0], kw)
IndexError: list index out of range
INFO:root:('Lyly', 382728010) is knocking to our bot
INFO:root:('Lyly', 382728010) send this text: ÂÙË, ·‡Ì‡Ì
INFO:root:('Lyly', 382728010) is knocking to our bot
INFO:root:('Lyly', 382728010) send this text:ÀËÏÓÌ, ‡ÔÂÎ¸ÒËÌ, Ï‡Ì‰‡ËÌ
INFO:root:('Lyly', 382728010) is knocking to our bot
INFO:root:('Lyly', 382728010) send this text:“ÓÌËÍ, ÎËÏÓÌ, „ÂˆÍËÂ ÓÂıË
INFO:root:('Lyly', 382728010) is knocking to our bot
INFO:root:('Lyly', 382728010) send this text:¬ÂÏÛÚ, ˜‡È, „Û‡‚‡
ERROR:asyncio:Task exception was never retrieved
future: <Task finished name='Task-387' coro=<Dispatcher._process_polling_updates() done, defined at C:\Users\Night Fury\AppData\Roaming\Python\Python38\site-packages\aiogram\dispatcher\dispatcher.py:409> exception=RuntimeError('CUDA out of memory. Tried to allocate 2.08 GiB (GPU 0; 6.00 GiB total capacity; 2.21 GiB already allocated; 1.55 GiB free; 2.84 GiB reserved in total by PyTorch)')>
Traceback (most recent call last):
  File "C:\Users\Night Fury\AppData\Roaming\Python\Python38\site-packages\aiogram\dispatcher\dispatcher.py", line 417, in _process_polling_updates
    for responses in itertools.chain.from_iterable(await self.process_updates(updates, fast)):
  File "C:\Users\Night Fury\AppData\Roaming\Python\Python38\site-packages\aiogram\dispatcher\dispatcher.py", line 238, in process_updates
    return await asyncio.gather(*tasks)
  File "C:\Users\Night Fury\AppData\Roaming\Python\Python38\site-packages\aiogram\dispatcher\handler.py", line 116, in notify
    response = await handler_obj.handler(*args, **partial_data)
  File "C:\Users\Night Fury\AppData\Roaming\Python\Python38\site-packages\aiogram\dispatcher\dispatcher.py", line 259, in process_update
    return await self.message_handlers.notify(update.message)
  File "C:\Users\Night Fury\AppData\Roaming\Python\Python38\site-packages\aiogram\dispatcher\handler.py", line 116, in notify
    response = await handler_obj.handler(*args, **partial_data)
  File "c:/Dev/FP/recipe_cocktails/bot.py", line 282, in handle_docs_photo
    output_text = get_text(input_text)
  File "c:/Dev/FP/recipe_cocktails/bot.py", line 213, in get_text
    sample_outputs_title = generate_title(keywords, sorted_tuple[0][0], kw)
  File "c:/Dev/FP/recipe_cocktails/bot.py", line 157, in generate_title
    return model_title.generate(generated_title,
  File "C:\Users\Night Fury\AppData\Roaming\Python\Python38\site-packages\torch\autograd\grad_mode.py", line 28, in decorate_context
    return func(*args, **kwargs)
  File "C:\Users\Night Fury\AppData\Roaming\Python\Python38\site-packages\transformers\generation_utils.py", line 1016, in generate
    return self.sample(
  File "C:\Users\Night Fury\AppData\Roaming\Python\Python38\site-packages\transformers\generation_utils.py", line 1531, in sample
    outputs = self(
  File "C:\Users\Night Fury\AppData\Roaming\Python\Python38\site-packages\torch\nn\modules\module.py", line 1051, in _call_impl
    return forward_call(*input, **kwargs)
  File "C:\Users\Night Fury\AppData\Roaming\Python\Python38\site-packages\transformers\models\gpt2\modeling_gpt2.py", line 965, in forward
    lm_logits = self.lm_head(hidden_states)
  File "C:\Users\Night Fury\AppData\Roaming\Python\Python38\site-packages\torch\nn\modules\module.py", line 1051, in _call_impl
    return forward_call(*input, **kwargs)
  File "C:\Users\Night Fury\AppData\Roaming\Python\Python38\site-packages\torch\nn\modules\linear.py", line 96, in forward
    return F.linear(input, self.weight, self.bias)
  File "C:\Users\Night Fury\AppData\Roaming\Python\Python38\site-packages\torch\nn\functional.py", line 1847, in linear
    return torch._C._nn.linear(input, weight, bias)
RuntimeError: CUDA out of memory. Tried to allocate 2.08 GiB (GPU 0; 6.00 GiB total capacity; 2.21 GiB already allocated; 1.55 GiB free; 2.84 GiB reserved in total by PyTorch)
INFO:root:('Lyly', 382728010) is knocking to our bot
INFO:root:('Lyly', 382728010) send this text:¬ÂÏÛÚ, ˜‡È
INFO:aiogram.dispatcher.dispatcher:Stop polling...
WARNING:aiogram:Goodbye!
